[TRACE] 07:31:41:537 ESI/(8719:8719): Iniciando...
[TRACE] 07:31:41:539 ESI/(8719:8719): Se obtiene ID 2 del archivo de configuracion
[TRACE] 07:31:41:542 ESI/(8719:8719): Se conecto al Coordinador en el socket 4
[TRACE] 07:31:41:546 ESI/(8719:8719): Se conecto al Planificador en el socket 5
[TRACE] 07:31:41:547 ESI/(8719:8719): Script ejemplo.esi abierto
[TRACE] 07:31:41:547 ESI/(8719:8719): Esperando orden de Planificador
[DEBUG] 07:31:41:547 ESI/(8719:8719): La orden recibida fue 1
[DEBUG] 07:31:41:547 ESI/(8719:8719): La sentencia parseada es:
Op = 0
Clave = jugador
Valor = No corresponde

[TRACE] 07:31:41:548 ESI/(8719:8719): Se envio la sentencia al Coordinador
[TRACE] 07:31:41:548 ESI/(8719:8719): Esperando resultado de ejeucion de Coordinador
[DEBUG] 07:31:41:548 ESI/(8719:8719): El resultado recibido es de 1
[TRACE] 07:31:41:549 ESI/(8719:8719): Se envio el resultado al Planificador
[TRACE] 07:31:41:549 ESI/(8719:8719): Esperando orden de Planificador
[DEBUG] 07:31:41:549 ESI/(8719:8719): La orden recibida fue 1
[DEBUG] 07:31:41:549 ESI/(8719:8719): La sentencia parseada es:
Op = 1
Clave = jugador
Valor = messi

[TRACE] 07:31:41:549 ESI/(8719:8719): Se envio la sentencia al Coordinador
[TRACE] 07:31:41:549 ESI/(8719:8719): Esperando resultado de ejeucion de Coordinador
[DEBUG] 07:31:41:588 ESI/(8719:8719): El resultado recibido es de 1
[TRACE] 07:31:41:588 ESI/(8719:8719): Se envio el resultado al Planificador
[TRACE] 07:31:41:588 ESI/(8719:8719): Esperando orden de Planificador
[DEBUG] 07:31:41:588 ESI/(8719:8719): La orden recibida fue 1
[DEBUG] 07:31:41:588 ESI/(8719:8719): La sentencia parseada es:
Op = 2
Clave = jugador
Valor = No corresponde

[TRACE] 07:31:41:588 ESI/(8719:8719): Se envio la sentencia al Coordinador
[TRACE] 07:31:41:588 ESI/(8719:8719): Esperando resultado de ejeucion de Coordinador
[DEBUG] 07:31:41:627 ESI/(8719:8719): El resultado recibido es de 1
[TRACE] 07:31:41:627 ESI/(8719:8719): Se envio el resultado al Planificador
[TRACE] 07:31:41:628 ESI/(8719:8719): Esperando orden de Planificador
[DEBUG] 07:31:41:628 ESI/(8719:8719): La orden recibida fue 1
[TRACE] 07:31:41:628 ESI/(8719:8719): El ESI finalizo su ejecucion correctamente
[TRACE] 07:31:41:628 ESI/(8719:8719): Se informa del fin de ejecucion al Coordinador
[TRACE] 07:31:41:628 ESI/(8719:8719): Se informa del fin de ejecucion al PLanificador
[TRACE] 07:50:54:609 ESI/(9049:9049): Iniciando...
[TRACE] 07:50:54:611 ESI/(9049:9049): Se obtiene ID 2 del archivo de configuracion
[TRACE] 07:50:54:615 ESI/(9049:9049): Se conecto al Coordinador en el socket 4
[TRACE] 07:50:54:616 ESI/(9049:9049): Se conecto al Planificador en el socket 5
[TRACE] 07:50:54:616 ESI/(9049:9049): Script ejemplo.esi abierto
[TRACE] 07:50:54:616 ESI/(9049:9049): Esperando orden de Planificador
[DEBUG] 07:50:54:616 ESI/(9049:9049): La orden recibida fue 1
[DEBUG] 07:50:54:617 ESI/(9049:9049): La sentencia parseada es:
Op = 0
Clave = jugador
Valor = No corresponde

[TRACE] 07:50:54:617 ESI/(9049:9049): Se envio la sentencia al Coordinador
[TRACE] 07:50:54:617 ESI/(9049:9049): Esperando resultado de ejeucion de Coordinador
[DEBUG] 07:50:54:617 ESI/(9049:9049): El resultado recibido es de 1
[TRACE] 07:50:54:619 ESI/(9049:9049): Se envio el resultado al Planificador
[TRACE] 07:50:54:620 ESI/(9049:9049): Esperando orden de Planificador
[DEBUG] 07:50:54:620 ESI/(9049:9049): La orden recibida fue 1
[DEBUG] 07:50:54:620 ESI/(9049:9049): La sentencia parseada es:
Op = 1
Clave = jugador
Valor = messi

[TRACE] 07:50:54:620 ESI/(9049:9049): Se envio la sentencia al Coordinador
[TRACE] 07:50:54:620 ESI/(9049:9049): Esperando resultado de ejeucion de Coordinador
[DEBUG] 07:50:54:655 ESI/(9049:9049): El resultado recibido es de 1
[TRACE] 07:50:54:655 ESI/(9049:9049): Se envio el resultado al Planificador
[TRACE] 07:50:54:655 ESI/(9049:9049): Esperando orden de Planificador
[DEBUG] 07:50:54:655 ESI/(9049:9049): La orden recibida fue 1
[DEBUG] 07:50:54:655 ESI/(9049:9049): La sentencia parseada es:
Op = 2
Clave = jugador
Valor = No corresponde

[TRACE] 07:50:54:655 ESI/(9049:9049): Se envio la sentencia al Coordinador
[TRACE] 07:50:54:655 ESI/(9049:9049): Esperando resultado de ejeucion de Coordinador
[DEBUG] 07:50:54:695 ESI/(9049:9049): El resultado recibido es de 1
[TRACE] 07:50:54:695 ESI/(9049:9049): Se envio el resultado al Planificador
[TRACE] 07:50:54:695 ESI/(9049:9049): Esperando orden de Planificador
[DEBUG] 07:50:54:695 ESI/(9049:9049): La orden recibida fue 1
[TRACE] 07:50:54:695 ESI/(9049:9049): El ESI finalizo su ejecucion correctamente
[TRACE] 07:50:54:696 ESI/(9049:9049): Se informa del fin de ejecucion al Coordinador
[TRACE] 07:50:54:696 ESI/(9049:9049): Se informa del fin de ejecucion al PLanificador
[TRACE] 07:52:51:602 ESI/(9100:9100): Iniciando...
[TRACE] 07:52:51:606 ESI/(9100:9100): Se obtiene ID 2 del archivo de configuracion
[TRACE] 07:52:51:607 ESI/(9100:9100): Se conecto al Coordinador en el socket 4
[TRACE] 07:52:51:608 ESI/(9100:9100): Se conecto al Planificador en el socket 5
[TRACE] 07:52:51:609 ESI/(9100:9100): Script ejemplo.esi abierto
[TRACE] 07:52:51:609 ESI/(9100:9100): Esperando orden de Planificador
[DEBUG] 07:52:51:689 ESI/(9100:9100): La orden recibida fue 1
[DEBUG] 07:52:51:689 ESI/(9100:9100): La sentencia parseada es:
Op = 0
Clave = jugador
Valor = No corresponde

[TRACE] 07:52:51:689 ESI/(9100:9100): Se envio la sentencia al Coordinador
[TRACE] 07:52:51:689 ESI/(9100:9100): Esperando resultado de ejeucion de Coordinador
[DEBUG] 07:52:51:727 ESI/(9100:9100): El resultado recibido es de 1
[TRACE] 07:52:51:727 ESI/(9100:9100): Se envio el resultado al Planificador
[TRACE] 07:52:51:727 ESI/(9100:9100): Esperando orden de Planificador
[DEBUG] 07:52:51:728 ESI/(9100:9100): La orden recibida fue 1
[DEBUG] 07:52:51:728 ESI/(9100:9100): La sentencia parseada es:
Op = 0
Clave = papa
Valor = No corresponde

[TRACE] 07:52:51:728 ESI/(9100:9100): Se envio la sentencia al Coordinador
[TRACE] 07:52:51:728 ESI/(9100:9100): Esperando resultado de ejeucion de Coordinador
[DEBUG] 07:52:51:768 ESI/(9100:9100): El resultado recibido es de 2
[TRACE] 07:52:51:768 ESI/(9100:9100): Se envio el resultado al Planificador
[TRACE] 07:52:51:768 ESI/(9100:9100): Esperando orden de Planificador
[TRACE] 07:53:46:169 ESI/(9113:9113): Iniciando...
[TRACE] 07:53:46:171 ESI/(9113:9113): Se obtiene ID 2 del archivo de configuracion
[TRACE] 07:53:46:173 ESI/(9113:9113): Se conecto al Coordinador en el socket 4
[TRACE] 07:53:46:175 ESI/(9113:9113): Se conecto al Planificador en el socket 5
[TRACE] 07:53:46:175 ESI/(9113:9113): Script ejemplo.esi abierto
[TRACE] 07:53:46:175 ESI/(9113:9113): Esperando orden de Planificador
[DEBUG] 07:53:46:175 ESI/(9113:9113): La orden recibida fue 1
[DEBUG] 07:53:46:175 ESI/(9113:9113): La sentencia parseada es:
Op = 0
Clave = jugador
Valor = No corresponde

[TRACE] 07:53:46:175 ESI/(9113:9113): Se envio la sentencia al Coordinador
[TRACE] 07:53:46:175 ESI/(9113:9113): Esperando resultado de ejeucion de Coordinador
[DEBUG] 07:53:46:175 ESI/(9113:9113): El resultado recibido es de 1
[TRACE] 07:53:46:176 ESI/(9113:9113): Se envio el resultado al Planificador
[TRACE] 07:53:46:176 ESI/(9113:9113): Esperando orden de Planificador
[DEBUG] 07:53:46:176 ESI/(9113:9113): La orden recibida fue 1
[DEBUG] 07:53:46:176 ESI/(9113:9113): La sentencia parseada es:
Op = 0
Clave = papa
Valor = No corresponde

[TRACE] 07:53:46:176 ESI/(9113:9113): Se envio la sentencia al Coordinador
[TRACE] 07:53:46:176 ESI/(9113:9113): Esperando resultado de ejeucion de Coordinador
[DEBUG] 07:53:46:213 ESI/(9113:9113): El resultado recibido es de 3
[TRACE] 07:53:46:213 ESI/(9113:9113): Se envio el resultado al Planificador
[TRACE] 07:53:46:213 ESI/(9113:9113): Esperando orden de Planificador
[ERROR] 13:29:03:501 ESI/(9113:9113): No se pudo recibir la orden del planificador porque se desconecto.
[TRACE] 15:49:49:270 ESI/(5894:5894): Iniciando...
[TRACE] 15:49:49:272 ESI/(5894:5894): Se obtiene ID 2 del archivo de configuracion
[TRACE] 15:49:49:274 ESI/(5894:5894): Se conecto al Coordinador en el socket 4
[TRACE] 15:49:49:276 ESI/(5894:5894): Se conecto al Planificador en el socket 5
[TRACE] 15:49:49:276 ESI/(5894:5894): Script ejemplo.esi abierto
[TRACE] 15:49:49:276 ESI/(5894:5894): Esperando orden de Planificador
[DEBUG] 15:49:49:276 ESI/(5894:5894): La orden recibida fue EJECUTAR
[DEBUG] 15:49:49:276 ESI/(5894:5894): La sentencia parseada es:
Op = GET
Clave = jugador
Valor = No corresponde

[TRACE] 15:49:49:277 ESI/(5894:5894): Se envio la sentencia al Coordinador
[TRACE] 15:49:49:277 ESI/(5894:5894): Esperando resultado de ejeucion de Coordinador
[DEBUG] 15:49:49:790 ESI/(5894:5894): El resultado recibido es de SUCCESS
[TRACE] 15:49:49:790 ESI/(5894:5894): Se envio el resultado al Planificador
[TRACE] 15:49:49:791 ESI/(5894:5894): Esperando orden de Planificador
[DEBUG] 15:49:49:791 ESI/(5894:5894): La orden recibida fue EJECUTAR
[DEBUG] 15:49:49:791 ESI/(5894:5894): La sentencia parseada es:
Op = GET
Clave = papa
Valor = No corresponde

[TRACE] 15:49:49:791 ESI/(5894:5894): Se envio la sentencia al Coordinador
[TRACE] 15:49:49:792 ESI/(5894:5894): Esperando resultado de ejeucion de Coordinador
[DEBUG] 15:49:50:294 ESI/(5894:5894): El resultado recibido es de SUCCESS
[TRACE] 15:49:50:295 ESI/(5894:5894): Se envio el resultado al Planificador
[TRACE] 15:49:50:295 ESI/(5894:5894): Esperando orden de Planificador
[DEBUG] 15:49:50:295 ESI/(5894:5894): La orden recibida fue EJECUTAR
[DEBUG] 15:49:50:295 ESI/(5894:5894): La sentencia parseada es:
Op = SET
Clave = papa
Valor = loco

[TRACE] 15:49:50:295 ESI/(5894:5894): Se envio la sentencia al Coordinador
[TRACE] 15:49:50:295 ESI/(5894:5894): Esperando resultado de ejeucion de Coordinador
[DEBUG] 15:49:50:799 ESI/(5894:5894): El resultado recibido es de SUCCESS
[TRACE] 15:49:50:799 ESI/(5894:5894): Se envio el resultado al Planificador
[TRACE] 15:49:50:799 ESI/(5894:5894): Esperando orden de Planificador
[DEBUG] 15:49:50:799 ESI/(5894:5894): La orden recibida fue EJECUTAR
[DEBUG] 15:49:50:799 ESI/(5894:5894): La sentencia parseada es:
Op = STORE
Clave = papa
Valor = No corresponde

[TRACE] 15:49:50:800 ESI/(5894:5894): Se envio la sentencia al Coordinador
[TRACE] 15:49:50:800 ESI/(5894:5894): Esperando resultado de ejeucion de Coordinador
[DEBUG] 15:49:51:303 ESI/(5894:5894): El resultado recibido es de SUCCESS
[TRACE] 15:49:51:303 ESI/(5894:5894): Se envio el resultado al Planificador
[TRACE] 15:49:51:303 ESI/(5894:5894): Esperando orden de Planificador
[DEBUG] 15:49:51:304 ESI/(5894:5894): La orden recibida fue EJECUTAR
[DEBUG] 15:49:51:304 ESI/(5894:5894): La sentencia parseada es:
Op = STORE
Clave = jugador
Valor = No corresponde

[TRACE] 15:49:51:304 ESI/(5894:5894): Se envio la sentencia al Coordinador
[TRACE] 15:49:51:305 ESI/(5894:5894): Esperando resultado de ejeucion de Coordinador
[DEBUG] 15:49:51:807 ESI/(5894:5894): El resultado recibido es de FAILURE
[TRACE] 15:49:51:807 ESI/(5894:5894): Se envio el resultado al Planificador
[TRACE] 15:49:51:808 ESI/(5894:5894): Esperando orden de Planificador
[TRACE] 16:01:20:843 ESI/(6248:6248): Iniciando...
[TRACE] 16:01:20:850 ESI/(6248:6248): Se obtiene ID 2 del archivo de configuracion
[TRACE] 16:01:20:852 ESI/(6248:6248): Se conecto al Coordinador en el socket 4
[TRACE] 16:01:20:855 ESI/(6248:6248): Se conecto al Planificador en el socket 5
[TRACE] 16:01:20:855 ESI/(6248:6248): Script ejemplo.esi abierto
[TRACE] 16:01:20:855 ESI/(6248:6248): Esperando orden de Planificador
[DEBUG] 16:01:20:856 ESI/(6248:6248): La orden recibida fue EJECUTAR
[DEBUG] 16:01:20:857 ESI/(6248:6248): La sentencia parseada es:
Op = GET
Clave = jugador
Valor = No corresponde

[TRACE] 16:01:20:857 ESI/(6248:6248): Se envio la sentencia al Coordinador
[TRACE] 16:01:20:857 ESI/(6248:6248): Esperando resultado de ejeucion de Coordinador
[DEBUG] 16:01:21:365 ESI/(6248:6248): El resultado recibido es de SUCCESS
[TRACE] 16:01:21:366 ESI/(6248:6248): Se envio el resultado al Planificador
[TRACE] 16:01:21:366 ESI/(6248:6248): Esperando orden de Planificador
[DEBUG] 16:01:21:366 ESI/(6248:6248): La orden recibida fue EJECUTAR
[DEBUG] 16:01:21:366 ESI/(6248:6248): La sentencia parseada es:
Op = GET
Clave = papa
Valor = No corresponde

[TRACE] 16:01:21:366 ESI/(6248:6248): Se envio la sentencia al Coordinador
[TRACE] 16:01:21:367 ESI/(6248:6248): Esperando resultado de ejeucion de Coordinador
[DEBUG] 16:01:21:870 ESI/(6248:6248): El resultado recibido es de SUCCESS
[TRACE] 16:01:21:870 ESI/(6248:6248): Se envio el resultado al Planificador
[TRACE] 16:01:21:870 ESI/(6248:6248): Esperando orden de Planificador
[DEBUG] 16:01:21:870 ESI/(6248:6248): La orden recibida fue EJECUTAR
[DEBUG] 16:01:21:871 ESI/(6248:6248): La sentencia parseada es:
Op = SET
Clave = papa
Valor = loco

[TRACE] 16:01:21:871 ESI/(6248:6248): Se envio la sentencia al Coordinador
[TRACE] 16:01:21:871 ESI/(6248:6248): Esperando resultado de ejeucion de Coordinador
[DEBUG] 16:01:22:375 ESI/(6248:6248): El resultado recibido es de SUCCESS
[TRACE] 16:01:22:375 ESI/(6248:6248): Se envio el resultado al Planificador
[TRACE] 16:01:22:376 ESI/(6248:6248): Esperando orden de Planificador
[DEBUG] 16:01:22:376 ESI/(6248:6248): La orden recibida fue EJECUTAR
[DEBUG] 16:01:22:376 ESI/(6248:6248): La sentencia parseada es:
Op = STORE
Clave = papa
Valor = No corresponde

[TRACE] 16:01:22:376 ESI/(6248:6248): Se envio la sentencia al Coordinador
[TRACE] 16:01:22:376 ESI/(6248:6248): Esperando resultado de ejeucion de Coordinador
[DEBUG] 16:01:22:880 ESI/(6248:6248): El resultado recibido es de SUCCESS
[TRACE] 16:01:22:880 ESI/(6248:6248): Se envio el resultado al Planificador
[TRACE] 16:01:22:880 ESI/(6248:6248): Esperando orden de Planificador
[DEBUG] 16:01:22:880 ESI/(6248:6248): La orden recibida fue EJECUTAR
[DEBUG] 16:01:22:880 ESI/(6248:6248): La sentencia parseada es:
Op = STORE
Clave = jugador
Valor = No corresponde

[TRACE] 16:01:22:881 ESI/(6248:6248): Se envio la sentencia al Coordinador
[TRACE] 16:01:22:881 ESI/(6248:6248): Esperando resultado de ejeucion de Coordinador
[DEBUG] 16:01:23:384 ESI/(6248:6248): El resultado recibido es de SUCCESS
[TRACE] 16:01:23:384 ESI/(6248:6248): Se envio el resultado al Planificador
[TRACE] 16:01:23:385 ESI/(6248:6248): Esperando orden de Planificador
[DEBUG] 16:01:23:385 ESI/(6248:6248): La orden recibida fue EJECUTAR
[TRACE] 16:01:23:385 ESI/(6248:6248): El ESI finalizo su ejecucion correctamente
[TRACE] 16:01:23:385 ESI/(6248:6248): Se informa del fin de ejecucion al Coordinador
[TRACE] 16:01:23:385 ESI/(6248:6248): Se informa del fin de ejecucion al PLanificador
[TRACE] 16:01:31:273 ESI/(6257:6257): Iniciando...
[TRACE] 16:01:31:274 ESI/(6257:6257): Se obtiene ID 2 del archivo de configuracion
[TRACE] 16:01:31:277 ESI/(6257:6257): Se conecto al Coordinador en el socket 4
[TRACE] 16:01:31:278 ESI/(6257:6257): Se conecto al Planificador en el socket 5
[TRACE] 16:01:31:279 ESI/(6257:6257): Script ejemplo.esi abierto
[TRACE] 16:01:31:279 ESI/(6257:6257): Esperando orden de Planificador
[DEBUG] 16:01:31:279 ESI/(6257:6257): La orden recibida fue EJECUTAR
[DEBUG] 16:01:31:279 ESI/(6257:6257): La sentencia parseada es:
Op = GET
Clave = jugador
Valor = No corresponde

[TRACE] 16:01:31:279 ESI/(6257:6257): Se envio la sentencia al Coordinador
[TRACE] 16:01:31:279 ESI/(6257:6257): Esperando resultado de ejeucion de Coordinador
[DEBUG] 16:01:31:789 ESI/(6257:6257): El resultado recibido es de SUCCESS
[TRACE] 16:01:31:790 ESI/(6257:6257): Se envio el resultado al Planificador
[TRACE] 16:01:31:790 ESI/(6257:6257): Esperando orden de Planificador
[ERROR] 16:02:26:702 ESI/(6257:6257): No se pudo recibir la orden del planificador porque se desconecto.
