[INFO] 18:45:10:711 COORDINADOR/(4450:4518): ESI 7	GET jugador(Instancia 5) 
[INFO] 18:45:11:215 COORDINADOR/(4450:4518): ESI 7	SET jugador(Instancia 5) abondanzieri
[INFO] 15:13:13:506 COORDINADOR/(11154:11168): ESI 7	GET jugador(Instancia 5) 
[INFO] 15:13:14:12 COORDINADOR/(11154:11168): ESI 7	SET jugador(Instancia 5) abondanzieri
[INFO] 18:22:04:879 COORDINADOR/(4197:4670): ESI 7	GET jugador(Instancia 5) 
[INFO] 18:22:05:388 COORDINADOR/(4197:4670): ESI 7	SET jugador(Instancia 5) abondanzieri
[INFO] 18:22:05:894 COORDINADOR/(4197:4670): ESI 7	STORE jugador(Instancia 5) 
[INFO] 00:43:41:822 COORDINADOR/(5299:5465): ESI 7	GET jugador(Instancia 5) 
[INFO] 00:43:42:331 COORDINADOR/(5299:5465): ESI 7	SET jugador(Instancia 5) abondanzieri
[INFO] 00:55:51:928 COORDINADOR/(5778:5838): ESI 7	GET jugador(Instancia 5) 
[INFO] 00:55:52:432 COORDINADOR/(5778:5838): ESI 7	SET jugador(Instancia 5) abondanzieri
[INFO] 00:55:52:939 COORDINADOR/(5778:5838): ESI 7	STORE jugador(Instancia 5) 
[INFO] 01:20:19:16 COORDINADOR/(6176:6864): ESI 7	GET jugador(Instancia 5) 
[INFO] 01:25:04:872 COORDINADOR/(6176:6864): ESI 7	SET jugador(Instancia 5) abondanzieri
[INFO] 01:28:21:621 COORDINADOR/(6176:6864): ESI 7	STORE jugador(Instancia 5) 
[INFO] 14:59:03:992 COORDINADOR/(4663:4706): ESI 7	GET jugador(Instancia 5) 
[INFO] 14:59:04:497 COORDINADOR/(4663:4706): ESI 7	SET jugador(Instancia 5) abondanzieri
[INFO] 14:59:04:999 COORDINADOR/(4663:4706): ESI 7	STORE jugador(Instancia 5) 
[INFO] 15:00:45:531 COORDINADOR/(4770:4814): ESI 7	GET jugador(Instancia 5) 
[INFO] 15:00:46:33 COORDINADOR/(4770:4814): ESI 7	SET jugador(Instancia 5) abondanzieri
[INFO] 15:00:46:535 COORDINADOR/(4770:4814): ESI 7	STORE jugador(Instancia 5) 
[INFO] 15:47:30:157 COORDINADOR/(6874:6903): ESI 7	GET jugador(Instancia 5) 
[INFO] 15:47:30:658 COORDINADOR/(6874:6903): ESI 7	SET jugador(Instancia 5) abondanzieri
[INFO] 15:47:31:160 COORDINADOR/(6874:6903): ESI 7	STORE jugador(Instancia 5) 
[INFO] 15:48:58:108 COORDINADOR/(6924:6959): ESI 7	GET jugador(Instancia 5) 
[INFO] 15:48:58:609 COORDINADOR/(6924:6959): ESI 7	SET jugador(Instancia 5) abondanzieri
[INFO] 15:48:59:111 COORDINADOR/(6924:6959): ESI 7	STORE jugador(Instancia 5) 
[INFO] 15:52:09:622 COORDINADOR/(7027:7067): ESI 7	GET jugador(Instancia 5) 
[INFO] 15:52:10:124 COORDINADOR/(7027:7067): ESI 7	SET jugador(Instancia 5) abondanzieri
[INFO] 15:52:10:626 COORDINADOR/(7027:7067): ESI 7	STORE jugador(Instancia 5) 
[INFO] 16:41:57:141 COORDINADOR/(8107:8154): ESI 7	GET jugador(Instancia 5) 
[INFO] 16:42:56:618 COORDINADOR/(8107:8154): ESI 7	SET jugador(Instancia 5) abondanzieri
[INFO] 16:45:04:87 COORDINADOR/(8107:8154): ESI 7	STORE jugador(Instancia 5) 
[INFO] 17:05:57:170 COORDINADOR/(8470:8489): ESI 7	GET jugador(Instancia 5) 
[INFO] 17:05:57:671 COORDINADOR/(8470:8489): ESI 7	SET jugador(Instancia 5) abondanzieri
[INFO] 17:05:58:174 COORDINADOR/(8470:8489): ESI 7	STORE jugador(Instancia 5) 
[INFO] 17:14:34:382 COORDINADOR/(8913:8970): ESI 7	GET jugador(Instancia 5) 
[INFO] 17:14:34:883 COORDINADOR/(8913:8970): ESI 7	SET jugador(Instancia 5) abondanzieri
[INFO] 17:14:35:385 COORDINADOR/(8913:8970): ESI 7	STORE jugador(Instancia 5) 
[INFO] 17:18:21:504 COORDINADOR/(8984:9045): ESI 7	GET jugador(Instancia 5) 
[INFO] 17:19:44:586 COORDINADOR/(8984:9045): ESI 7	SET jugador(Instancia 5) abondanzieri
[INFO] 17:22:05:414 COORDINADOR/(8984:9045): ESI 7	STORE jugador(Instancia 5) 
[INFO] 18:00:15:300 COORDINADOR/(9904:9961): ESI 7	GET jugador(Instancia 5) 
[INFO] 18:01:39:319 COORDINADOR/(9904:9961): ESI 7	SET jugador(Instancia 5) abondanzieri
[INFO] 18:01:48:302 COORDINADOR/(9904:9961): ESI 7	STORE jugador(Instancia 5) 
[INFO] 18:05:27:730 COORDINADOR/(9904:10021): ESI 7	GET jugador(Instancia 5) 
[INFO] 18:38:47:445 COORDINADOR/(10523:10559): ESI 7	GET jugador(Instancia 5) 
[INFO] 18:38:58:762 COORDINADOR/(10523:10559): ESI 7	SET jugador(Instancia 5) abondanzieri
[INFO] 18:39:01:587 COORDINADOR/(10523:10559): ESI 7	STORE jugador(Instancia 5) 
[INFO] 18:41:26:913 COORDINADOR/(10523:10620): ESI 7	GET jugador(Instancia 5) 
[INFO] 18:43:25:591 COORDINADOR/(10636:10672): ESI 7	GET jugador(Instancia 5) 
[INFO] 18:44:09:57 COORDINADOR/(10636:10672): ESI 7	SET jugador(Instancia 5) abondanzieri
[INFO] 18:44:27:179 COORDINADOR/(10636:10672): ESI 7	STORE jugador(Instancia 5) 
[INFO] 18:47:03:566 COORDINADOR/(10636:10733): ESI 7	GET jugador(Instancia 5) 
[INFO] 18:47:59:115 COORDINADOR/(10636:10733): ESI 7	SET jugador(Instancia 5) abondanzieri
[INFO] 18:49:04:200 COORDINADOR/(10636:10733): ESI 7	STORE jugador(Instancia 5) 
[INFO] 18:50:14:917 COORDINADOR/(10636:10757): ESI 7	GET jugador(Instancia 5) 
[INFO] 18:50:15:418 COORDINADOR/(10636:10757): ESI 7	SET jugador(Instancia 5) abondanzieri
[INFO] 18:50:15:920 COORDINADOR/(10636:10757): ESI 7	STORE jugador(Instancia 5) 
[INFO] 18:55:32:121 COORDINADOR/(11479:11490): ESI 7	GET jugador(Instancia 5) 
[INFO] 18:55:32:623 COORDINADOR/(11479:11490): ESI 7	SET jugador(Instancia 5) abondanzieri
[INFO] 18:55:33:124 COORDINADOR/(11479:11490): ESI 7	STORE jugador(Instancia 5) 
[INFO] 15:21:22:454 COORDINADOR/(4407:4448): ESI 7	GET jugador(Instancia 5) 
[INFO] 15:21:22:963 COORDINADOR/(4407:4448): ESI 7	SET jugador(Instancia 5) abondanzieri
[INFO] 15:21:23:467 COORDINADOR/(4407:4448): ESI 7	STORE jugador(Instancia 5) 
[INFO] 15:22:43:274 COORDINADOR/(4474:4514): ESI 7	GET jugador(Instancia 5) 
[INFO] 15:22:43:778 COORDINADOR/(4474:4514): ESI 7	SET jugador(Instancia 5) abondanzieri
[INFO] 15:22:44:283 COORDINADOR/(4474:4514): ESI 7	STORE jugador(Instancia 5) 
[INFO] 15:24:46:306 COORDINADOR/(4572:4604): ESI 7	GET jugador(Instancia 5) 
[INFO] 15:24:46:812 COORDINADOR/(4572:4604): ESI 7	GET papa(Instancia 5) 
[INFO] 15:24:47:316 COORDINADOR/(4572:4604): ESI 7	SET papa(Instancia 5) loco
[INFO] 15:24:47:821 COORDINADOR/(4572:4604): ESI 7	STORE papa(Instancia 5) 
[INFO] 15:24:48:324 COORDINADOR/(4572:4604): ESI 7	STORE jugador(Instancia 5) 
[INFO] 15:27:00:604 COORDINADOR/(4572:4694): ESI 8	GET jugador(Instancia 5) 
[INFO] 15:27:01:107 COORDINADOR/(4572:4694): ESI 8	SET jugador(Instancia 5) abondanzieri
[INFO] 15:27:01:611 COORDINADOR/(4572:4694): ESI 8	STORE jugador(Instancia 5) 
[INFO] 15:49:49:785 COORDINADOR/(5867:5895): ESI 2	GET jugador(Instancia 5) 
[INFO] 15:49:50:294 COORDINADOR/(5867:5895): ESI 2	GET papa(Instancia 5) 
[INFO] 15:49:50:798 COORDINADOR/(5867:5895): ESI 2	SET papa(Instancia 5) loco
[INFO] 15:49:51:302 COORDINADOR/(5867:5895): ESI 2	STORE papa(Instancia 5) 
[INFO] 15:49:51:807 COORDINADOR/(5867:5895): ESI 2	STORE jugador(Instancia 5) 
[INFO] 15:51:44:84 COORDINADOR/(5923:5980): ESI 7	GET jugador(Instancia 5) 
[INFO] 15:51:44:588 COORDINADOR/(5923:5980): ESI 7	SET jugador(Instancia 5) abondanzieri
[INFO] 15:51:45:93 COORDINADOR/(5923:5980): ESI 7	STORE jugador(Instancia 5) 
[INFO] 16:01:21:361 COORDINADOR/(5923:6249): ESI 2	GET jugador(Instancia 5) 
[INFO] 16:01:21:869 COORDINADOR/(5923:6249): ESI 2	GET papa(Instancia 5) 
[INFO] 16:01:22:374 COORDINADOR/(5923:6249): ESI 2	SET papa(Instancia 5) loco
[INFO] 16:01:22:880 COORDINADOR/(5923:6249): ESI 2	STORE papa(Instancia 5) 
[INFO] 16:01:23:384 COORDINADOR/(5923:6249): ESI 2	STORE jugador(Instancia 5) 
[INFO] 16:01:31:789 COORDINADOR/(5923:6258): ESI 2	GET jugador(Instancia 5) 
[INFO] 16:04:06:965 COORDINADOR/(6285:6322): ESI 7	GET jugador(Instancia 5) 
[INFO] 16:04:07:468 COORDINADOR/(6285:6322): ESI 7	SET jugador(Instancia 5) abondanzieri
[INFO] 16:04:07:972 COORDINADOR/(6285:6322): ESI 7	STORE jugador(Instancia 5) 
[INFO] 18:27:53:975 COORDINADOR/(6731:6760): ESI 7	GET jugador(Instancia 5) 
[INFO] 18:27:54:482 COORDINADOR/(6731:6760): ESI 7	SET jugador(Instancia 5) abondanzieri
[INFO] 18:27:54:985 COORDINADOR/(6731:6760): ESI 7	STORE jugador(Instancia 5) 
[INFO] 15:15:51:420 COORDINADOR/(6982:7106): ESI 7	GET jugador(Instancia 5) 
[INFO] 15:15:51:926 COORDINADOR/(6982:7106): ESI 7	SET jugador(Instancia 5) abondanzieri
[INFO] 15:15:52:429 COORDINADOR/(6982:7106): ESI 7	STORE jugador(Instancia 5) 
[INFO] 15:16:56:277 COORDINADOR/(7133:7215): ESI 2	GET jugador(Instancia 5) 
[INFO] 15:16:56:778 COORDINADOR/(7133:7215): ESI 2	GET papa(Instancia 5) 
[INFO] 15:16:57:280 COORDINADOR/(7133:7215): ESI 2	SET papa(Instancia 5) loco
[INFO] 15:16:57:782 COORDINADOR/(7133:7215): ESI 2	STORE papa(Instancia 5) 
[INFO] 15:16:58:284 COORDINADOR/(7133:7215): ESI 2	STORE jugador(Instancia 5) 
[INFO] 15:27:25:682 COORDINADOR/(7343:7372): ESI 7	GET jugador(Instancia 5) 
[INFO] 15:27:26:184 COORDINADOR/(7343:7372): ESI 7	SET jugador(Instancia 5) abondanzieri
[INFO] 15:27:26:685 COORDINADOR/(7343:7372): ESI 7	STORE jugador(Instancia 5) 
[INFO] 14:50:20:232 COORDINADOR/(3455:3570): ESI 7	GET jugador(Instancia 5) 
[INFO] 14:50:20:741 COORDINADOR/(3455:3570): ESI 7	SET jugador(Instancia 5) abondanzieri
[INFO] 14:50:21:245 COORDINADOR/(3455:3570): ESI 7	STORE jugador(Instancia 5) 
[INFO] 14:56:09:45 COORDINADOR/(3703:3737): ESI 2	GET papa(Instancia 5) 
[INFO] 14:56:26:711 COORDINADOR/(3703:3737): ESI 2	SET papa(Instancia 5) loco
[INFO] 14:58:08:952 COORDINADOR/(3703:3737): ESI 2	STORE papa(Instancia 5) 
[INFO] 15:04:16:49 COORDINADOR/(3703:3849): ESI 7	GET jugador(Instancia 5) 
[INFO] 15:04:47:727 COORDINADOR/(3703:3849): ESI 7	SET jugador(Instancia 5) abondanzieri
[INFO] 15:05:19:607 COORDINADOR/(3703:3849): ESI 7	STORE jugador(Instancia 5) 
[INFO] 15:09:17:230 COORDINADOR/(3703:3905): ESI 7	GET jugador(Instancia 5) 
[INFO] 15:10:14:117 COORDINADOR/(3703:3905): ESI 7	SET jugador(Instancia 5) abondanzieri
[INFO] 15:10:40:218 COORDINADOR/(3703:3905): ESI 7	STORE jugador(Instancia 5) 
[INFO] 15:13:34:788 COORDINADOR/(3964:4010): ESI 7	GET jugador(Instancia 5) 
[INFO] 15:13:41:40 COORDINADOR/(3964:4010): ESI 7	SET jugador(Instancia 5) abondanzieri
[INFO] 15:13:46:609 COORDINADOR/(3964:4010): ESI 7	STORE jugador(Instancia 5) 
[INFO] 15:14:34:407 COORDINADOR/(3964:4064): ESI 2	GET papa(Instancia 5) 
[INFO] 15:15:16:531 COORDINADOR/(3964:4064): ESI 2	SET papa(Instancia 5) loco
[INFO] 15:16:10:22 COORDINADOR/(3964:4064): ESI 2	STORE papa(Instancia 5) 
[INFO] 15:16:58:79 COORDINADOR/(3964:4080): ESI 7	GET jugador(Instancia 5) 
[INFO] 15:17:07:929 COORDINADOR/(3964:4080): ESI 7	SET jugador(Instancia 5) abondanzieri
[INFO] 15:17:13:437 COORDINADOR/(3964:4080): ESI 7	STORE jugador(Instancia 5) 
[INFO] 15:18:06:469 COORDINADOR/(3964:4090): ESI 2	GET papa(Instancia 5) 
[INFO] 15:22:59:406 COORDINADOR/(4167:4198): ESI 7	GET jugador(Instancia 5) 
[INFO] 15:22:59:908 COORDINADOR/(4167:4198): ESI 7	SET jugador(Instancia 5) abondanzieri
[INFO] 15:23:00:413 COORDINADOR/(4167:4198): ESI 7	STORE jugador(Instancia 5) 
[INFO] 16:11:08:1 COORDINADOR/(5858:5927): ESI 2	GET papa(Instancia 5) 
[INFO] 16:11:09:502 COORDINADOR/(5858:5927): ESI 2	SET papa(Instancia 5) loco
[INFO] 16:11:10:4 COORDINADOR/(5858:5927): ESI 2	STORE papa(Instancia 5) 
[INFO] 16:14:19:749 COORDINADOR/(5981:6030): ESI 2	GET papa(Instancia 5) 
[INFO] 16:14:36:930 COORDINADOR/(5981:6030): ESI 2	SET papa(Instancia 5) loco
[INFO] 16:14:44:142 COORDINADOR/(5981:6030): ESI 2	STORE papa(Instancia 5) 
[INFO] 16:42:36:356 COORDINADOR/(6894:6953): ESI 2	GET papa(Instancia 5) 
[INFO] 16:42:36:858 COORDINADOR/(6894:6953): ESI 2	SET papa(Instancia 5) loco
[INFO] 16:42:37:360 COORDINADOR/(6894:6953): ESI 2	STORE papa(Instancia 5) 
[INFO] 16:45:24:547 COORDINADOR/(6990:7027): ESI 1	GET jugador(Instancia 5) 
[INFO] 16:45:40:392 COORDINADOR/(6990:7027): ESI 1	SET jugador(Instancia 5) abondanzieri
[INFO] 16:45:44:697 COORDINADOR/(6990:7027): ESI 1	STORE jugador(Instancia 5) 
[INFO] 16:46:18:754 COORDINADOR/(6990:7067): ESI 1	GET jugador(Instancia 5) 
[INFO] 16:46:31:140 COORDINADOR/(6990:7067): ESI 1	SET jugador(Instancia 5) abondanzieri
[INFO] 16:46:37:255 COORDINADOR/(6990:7067): ESI 1	STORE jugador(Instancia 5) 
[INFO] 16:47:09:297 COORDINADOR/(6990:7080): ESI 2	GET papa(Instancia 5) 
[INFO] 16:47:18:662 COORDINADOR/(6990:7080): ESI 2	SET papa(Instancia 5) loco
[INFO] 16:47:26:687 COORDINADOR/(6990:7080): ESI 2	STORE papa(Instancia 5) 
[INFO] 16:47:54:448 COORDINADOR/(6990:7093): ESI 1	GET jugador(Instancia 5) 
[INFO] 16:48:07:306 COORDINADOR/(6990:7093): ESI 1	SET jugador(Instancia 5) abondanzieri
[INFO] 16:48:11:36 COORDINADOR/(6990:7093): ESI 1	STORE jugador(Instancia 5) 
[INFO] 16:49:07:347 COORDINADOR/(6990:7108): ESI 1	GET jugador(Instancia 5) 
[INFO] 16:49:18:730 COORDINADOR/(6990:7108): ESI 1	SET jugador(Instancia 5) abondanzieri
[INFO] 16:49:25:488 COORDINADOR/(6990:7108): ESI 1	STORE jugador(Instancia 5) 
[INFO] 16:49:27:344 COORDINADOR/(6990:7110): ESI 2	GET papa(Instancia 5) 
[INFO] 18:06:18:143 COORDINADOR/(9136:9167): ESI 1	GET jugador(Instancia 5) 
[INFO] 18:06:42:526 COORDINADOR/(9136:9167): ESI 1	SET jugador(Instancia 5) abondanzieri
[INFO] 18:06:52:683 COORDINADOR/(9136:9167): ESI 1	STORE jugador(Instancia 5) 
[INFO] 18:23:21:728 COORDINADOR/(9509:9543): ESI 1	GET jugador(Instancia 5) 
[INFO] 18:23:31:120 COORDINADOR/(9509:9543): ESI 1	SET jugador(Instancia 5) abondanzieri
[INFO] 18:23:36:858 COORDINADOR/(9509:9543): ESI 1	STORE jugador(Instancia 5) 
[INFO] 19:06:00:0 COORDINADOR/(10182:10212): ESI 1	GET jugador(Instancia 5) 
[INFO] 19:06:01:507 COORDINADOR/(10182:10212): ESI 1	SET jugador(Instancia 5) abondanzieri
[INFO] 19:06:02:10 COORDINADOR/(10182:10212): ESI 1	STORE jugador(Instancia 5) 
[INFO] 15:42:59:108 COORDINADOR/(6913:6959): ESI 1	GET jugador(Instancia 5) 
[INFO] 15:43:07:303 COORDINADOR/(6913:6959): ESI 1	SET jugador(Instancia 5) abondanzieri
[INFO] 15:43:31:652 COORDINADOR/(6913:6959): ESI 1	STORE jugador(Instancia 5) 
[INFO] 15:54:55:459 COORDINADOR/(7243:7309): ESI 2	GET papa(Instancia 5) 
[INFO] 15:55:13:683 COORDINADOR/(7243:7309): ESI 2	SET papa(Instancia 5) loco
[INFO] 15:56:49:866 COORDINADOR/(7243:7309): ESI 2	STORE papa(Instancia 5) 
[INFO] 16:01:44:738 COORDINADOR/(7423:7476): ESI 2	GET papa(Instancia 5) 
[INFO] 16:02:27:810 COORDINADOR/(7423:7476): ESI 2	SET papa(Instancia 5) loco
[INFO] 16:03:01:203 COORDINADOR/(7423:7476): ESI 2	STORE papa(Instancia 5) 
[INFO] 16:17:47:149 COORDINADOR/(7993:8039): ESI 2	GET papa(Instancia 5) 
[INFO] 16:17:50:745 COORDINADOR/(7993:8039): ESI 2	SET papa(Instancia 5) loco
[INFO] 16:17:53:348 COORDINADOR/(7993:8039): ESI 2	STORE papa(Instancia 5) 
[INFO] 16:18:57:76 COORDINADOR/(8103:8142): ESI 2	GET papa(Instancia 5) 
[INFO] 16:18:57:579 COORDINADOR/(8103:8142): ESI 2	SET papa(Instancia 5) loco
[INFO] 16:18:58:84 COORDINADOR/(8103:8142): ESI 2	STORE papa(Instancia 5) 
[INFO] 16:19:52:717 COORDINADOR/(8103:8158): ESI 2	GET papa(Instancia 5) 
[INFO] 17:17:26:564 COORDINADOR/(9097:9137): ESI 1	GET jugador(Instancia 5) 
[INFO] 17:17:40:80 COORDINADOR/(9097:9137): ESI 1	SET jugador(Instancia 5) abondanzieri
[INFO] 17:17:48:795 COORDINADOR/(9097:9137): ESI 1	STORE jugador(Instancia 5) 
[INFO] 17:27:48:375 COORDINADOR/(9097:9139): ESI 2	GET papa(Instancia 5) 
[INFO] 17:27:54:966 COORDINADOR/(9097:9139): ESI 2	SET papa(Instancia 5) loco
[INFO] 17:28:00:865 COORDINADOR/(9097:9139): ESI 2	STORE papa(Instancia 5) 
[INFO] 17:31:08:694 COORDINADOR/(9097:9681): ESI 1	GET jugador(Instancia 5) 
[INFO] 17:31:27:585 COORDINADOR/(9097:9681): ESI 1	SET jugador(Instancia 5) abondanzieri
[INFO] 17:31:38:22 COORDINADOR/(9097:9681): ESI 1	STORE jugador(Instancia 5) 
[INFO] 17:32:27:464 COORDINADOR/(9097:9698): ESI 2	GET papa(Instancia 5) 
[INFO] 17:32:36:280 COORDINADOR/(9097:9698): ESI 2	SET papa(Instancia 5) loco
[INFO] 17:32:42:200 COORDINADOR/(9097:9698): ESI 2	STORE papa(Instancia 5) 
[INFO] 17:36:41:197 COORDINADOR/(9786:9869): ESI 1	GET jugador(Instancia 5) 
[INFO] 17:36:41:701 COORDINADOR/(9786:9869): ESI 1	SET jugador(Instancia 5) abondanzieri
[INFO] 17:36:42:204 COORDINADOR/(9786:9869): ESI 1	STORE jugador(Instancia 5) 
[INFO] 17:36:42:707 COORDINADOR/(9786:9868): ESI 2	GET papa(Instancia 5) 
[INFO] 17:36:43:210 COORDINADOR/(9786:9868): ESI 2	SET papa(Instancia 5) loco
[INFO] 17:36:43:712 COORDINADOR/(9786:9868): ESI 2	STORE papa(Instancia 5) 
[INFO] 16:54:54:447 COORDINADOR/(5686:5762): ESI 1	GET jugador(Instancia 1) 
[INFO] 16:56:17:17 COORDINADOR/(5686:5762): ESI 1	SET jugador(Instancia 1) abondanzieri
[INFO] 16:58:40:762 COORDINADOR/(5686:5762): ESI 1	STORE jugador(Instancia 1) 
[INFO] 20:14:57:626 COORDINADOR/(4792:4871): ESI 1	GET jugador(Instancia 2) 
[INFO] 20:15:02:24 COORDINADOR/(4792:4871): ESI 1	SET jugador(Instancia 2) abondanzieri
[INFO] 20:15:22:83 COORDINADOR/(4792:4871): ESI 1	STORE jugador(Instancia 2) 
[INFO] 20:16:56:833 COORDINADOR/(4921:5007): ESI 1	GET jugador(Instancia 2) 
[INFO] 20:16:57:337 COORDINADOR/(4921:5007): ESI 1	SET jugador(Instancia 2) abondanzieri
[INFO] 20:23:31:856 COORDINADOR/(4921:5007): ESI 1	STORE jugador(Instancia 2) 
[INFO] 20:24:57:540 COORDINADOR/(5222:5250): ESI 1	GET jugador(Instancia 2) 
[INFO] 20:24:58:44 COORDINADOR/(5222:5250): ESI 1	SET jugador(Instancia 2) abondanzieri
[INFO] 20:24:58:548 COORDINADOR/(5222:5250): ESI 1	STORE jugador(Instancia 2) 
[INFO] 20:28:58:417 COORDINADOR/(5355:5436): ESI 1	GET jugador(Instancia 2) 
[INFO] 20:28:58:922 COORDINADOR/(5355:5436): ESI 1	SET jugador(Instancia 2) abondanzieri
[INFO] 20:33:54:795 COORDINADOR/(5355:5436): ESI 1	STORE jugador(Instancia 2) 
[INFO] 20:34:33:553 COORDINADOR/(5581:5609): ESI 1	GET jugador(Instancia 2) 
[INFO] 20:34:34:57 COORDINADOR/(5581:5609): ESI 1	SET jugador(Instancia 2) abondanzieri
[INFO] 20:41:29:737 COORDINADOR/(5581:5609): ESI 1	STORE jugador(Instancia 2) 
[INFO] 20:42:05:358 COORDINADOR/(5821:5844): ESI 1	GET jugador(Instancia 2) 
[INFO] 20:42:05:862 COORDINADOR/(5821:5844): ESI 1	SET jugador(Instancia 2) abondanzieri
[INFO] 22:12:21:664 COORDINADOR/(3516:3604): ESI 1	GET jugador(Instancia 2) 
[INFO] 22:12:22:173 COORDINADOR/(3516:3604): ESI 1	SET jugador(Instancia 2) abondanzieri
[INFO] 22:13:41:626 COORDINADOR/(3516:3604): ESI 1	STORE jugador(Instancia 2) 
[INFO] 22:20:18:732 COORDINADOR/(4267:4288): ESI 1	GET jugador(Instancia 1) 
[INFO] 22:20:19:235 COORDINADOR/(4267:4288): ESI 1	SET jugador(Instancia 1) abondanzieri
[INFO] 22:20:19:740 COORDINADOR/(4267:4288): ESI 1	STORE jugador(Instancia 1) 
[INFO] 22:21:44:387 COORDINADOR/(4343:4501): ESI 1	GET jugador(Instancia 1) 
[INFO] 22:21:44:893 COORDINADOR/(4343:4501): ESI 1	SET jugador(Instancia 1) abondanzieri
[INFO] 22:21:45:397 COORDINADOR/(4343:4501): ESI 1	STORE jugador(Instancia 1) 
[INFO] 22:25:17:642 COORDINADOR/(4587:4656): ESI 1	GET jugador(Instancia 1) 
[INFO] 22:25:28:745 COORDINADOR/(4587:4656): ESI 1	SET jugador(Instancia 1) abondanzieri
[INFO] 22:25:30:641 COORDINADOR/(4587:4656): ESI 1	STORE jugador(Instancia 1) 
[INFO] 22:30:12:377 COORDINADOR/(4832:4867): ESI 1	GET jugador(Instancia 1) 
[INFO] 22:30:15:798 COORDINADOR/(4832:4867): ESI 1	SET jugador(Instancia 1) abondanzieri
[INFO] 22:30:16:302 COORDINADOR/(4832:4867): ESI 1	STORE jugador(Instancia 1) 
[INFO] 22:31:45:259 COORDINADOR/(5150:5193): ESI 1	GET jugador(Instancia 1) 
[INFO] 22:31:45:763 COORDINADOR/(5150:5193): ESI 1	SET jugador(Instancia 1) abondanzieri
[INFO] 22:31:46:268 COORDINADOR/(5150:5193): ESI 1	STORE jugador(Instancia 1) 
[INFO] 23:26:52:67 COORDINADOR/(3057:3142): ESI 1	GET jugador(Instancia 2) 
[INFO] 23:26:52:574 COORDINADOR/(3057:3142): ESI 1	SET jugador(Instancia 2) abondanzieri
[INFO] 23:26:53:76 COORDINADOR/(3057:3142): ESI 1	STORE jugador(Instancia 2) 
[INFO] 00:09:42:940 COORDINADOR/(4706:4756): ESI 1	GET jugador(Instancia 2) 
[INFO] 00:09:43:442 COORDINADOR/(4706:4756): ESI 1	SET jugador(Instancia 2) abondanzieri
[INFO] 00:09:43:949 COORDINADOR/(4706:4756): ESI 1	STORE jugador(Instancia 2) 
[INFO] 00:13:17:362 COORDINADOR/(4889:4918): ESI 1	GET jugador(Instancia 2) 
[INFO] 00:13:17:866 COORDINADOR/(4889:4918): ESI 1	SET jugador(Instancia 2) abondanzieri
[INFO] 00:13:18:372 COORDINADOR/(4889:4918): ESI 1	STORE jugador(Instancia 2) 
[INFO] 00:13:52:515 COORDINADOR/(4942:4974): ESI 1	GET jugador(Instancia 2) 
[INFO] 00:13:53:20 COORDINADOR/(4942:4974): ESI 1	SET jugador(Instancia 2) abondanzieri
[INFO] 00:13:53:525 COORDINADOR/(4942:4974): ESI 1	STORE jugador(Instancia 2) 
[INFO] 00:17:44:633 COORDINADOR/(5159:5186): ESI 1	GET jugador(Instancia 2) 
[INFO] 00:17:45:139 COORDINADOR/(5159:5186): ESI 1	SET jugador(Instancia 2) abondanzieri
[INFO] 00:17:45:643 COORDINADOR/(5159:5186): ESI 1	STORE jugador(Instancia 2) 
[INFO] 00:18:26:285 COORDINADOR/(5210:5242): ESI 1	GET jugador(Instancia 2) 
[INFO] 00:18:26:788 COORDINADOR/(5210:5242): ESI 1	SET jugador(Instancia 2) abondanzieri
[INFO] 00:18:27:292 COORDINADOR/(5210:5242): ESI 1	STORE jugador(Instancia 2) 
[INFO] 00:18:31:459 COORDINADOR/(5210:5254): ESI 2	GET papa(Instancia 2) 
[INFO] 00:19:24:318 COORDINADOR/(5312:5342): ESI 1	GET jugador(Instancia 2) 
[INFO] 00:19:24:822 COORDINADOR/(5312:5342): ESI 1	SET jugador(Instancia 2) abondanzieri
[INFO] 00:19:25:326 COORDINADOR/(5312:5342): ESI 1	STORE jugador(Instancia 2) 
[INFO] 00:19:27:744 COORDINADOR/(5312:5355): ESI 2	GET papa(Instancia 2) 
[INFO] 00:19:28:248 COORDINADOR/(5312:5355): ESI 2	SET papa(Instancia 2) loco
[INFO] 00:19:28:752 COORDINADOR/(5312:5355): ESI 2	STORE papa(Instancia 2) 
[INFO] 00:20:59:697 COORDINADOR/(5449:5481): ESI 1	GET jugador(Instancia 2) 
[INFO] 00:21:20:695 COORDINADOR/(5449:5481): ESI 1	SET jugador(Instancia 2) abondanzieri
[INFO] 00:22:19:890 COORDINADOR/(5449:5481): ESI 1	STORE jugador(Instancia 2) 
[INFO] 00:23:54:281 COORDINADOR/(5449:5553): ESI 2	GET papa(Instancia 2) 
[INFO] 00:24:57:323 COORDINADOR/(5449:5553): ESI 2	SET papa(Instancia 2) loco
[INFO] 00:30:51:683 COORDINADOR/(5449:5553): ESI 2	STORE papa(Instancia 2) 
[INFO] 00:37:07:402 COORDINADOR/(6160:6190): ESI 1	GET jugador(Instancia 2) 
[INFO] 00:37:07:905 COORDINADOR/(6160:6190): ESI 1	SET jugador(Instancia 2) abondanzieri
[INFO] 00:37:08:409 COORDINADOR/(6160:6190): ESI 1	STORE jugador(Instancia 2) 
[INFO] 00:37:11:334 COORDINADOR/(6160:6194): ESI 2	GET papa(Instancia 2) 
[INFO] 00:37:11:839 COORDINADOR/(6160:6194): ESI 2	SET papa(Instancia 2) loco
[INFO] 00:37:12:345 COORDINADOR/(6160:6194): ESI 2	STORE papa(Instancia 2) 
[INFO] 00:37:16:161 COORDINADOR/(6160:6206): ESI 1	GET jugador(Instancia 2) 
[INFO] 00:37:16:666 COORDINADOR/(6160:6206): ESI 1	SET jugador(Instancia 2) abondanzieri
[INFO] 00:37:17:171 COORDINADOR/(6160:6206): ESI 1	STORE jugador(Instancia 2) 
[INFO] 00:37:19:794 COORDINADOR/(6160:6218): ESI 2	GET papa(Instancia 2) 
[INFO] 00:37:20:298 COORDINADOR/(6160:6218): ESI 2	SET papa(Instancia 2) loco
[INFO] 00:37:20:804 COORDINADOR/(6160:6218): ESI 2	STORE papa(Instancia 2) 
[INFO] 00:38:49:734 COORDINADOR/(6263:6307): ESI 1	GET jugador(Instancia 2) 
[INFO] 00:39:31:602 COORDINADOR/(6263:6307): ESI 1	SET jugador(Instancia 2) abondanzieri
[INFO] 00:39:44:384 COORDINADOR/(6263:6307): ESI 1	STORE jugador(Instancia 2) 
[INFO] 00:40:05:645 COORDINADOR/(6263:6309): ESI 2	GET papa(Instancia 2) 
[INFO] 00:40:18:147 COORDINADOR/(6263:6309): ESI 2	SET papa(Instancia 2) loco
[INFO] 00:40:44:430 COORDINADOR/(6263:6309): ESI 2	STORE papa(Instancia 2) 
[INFO] 00:41:02:66 COORDINADOR/(6263:6399): ESI 2	GET papa(Instancia 2) 
[INFO] 00:41:05:837 COORDINADOR/(6263:6399): ESI 2	SET papa(Instancia 2) loco
[INFO] 00:41:09:614 COORDINADOR/(6263:6399): ESI 2	STORE papa(Instancia 2) 
[INFO] 01:12:30:145 COORDINADOR/(7206:7236): ESI 2	GET papa(Instancia 2) 
[INFO] 01:12:30:655 COORDINADOR/(7206:7236): ESI 2	SET papa(Instancia 2) loco
[INFO] 01:12:31:173 COORDINADOR/(7206:7236): ESI 2	STORE papa(Instancia 2) 
[INFO] 01:12:55:346 COORDINADOR/(7268:7299): ESI 2	GET papa(Instancia 2) 
[INFO] 01:12:55:851 COORDINADOR/(7268:7299): ESI 2	SET papa(Instancia 2) loco
[INFO] 01:12:56:357 COORDINADOR/(7268:7299): ESI 2	STORE papa(Instancia 2) 
[INFO] 01:12:58:928 COORDINADOR/(7268:7304): ESI 1	GET jugador(Instancia 2) 
[INFO] 16:02:53:660 COORDINADOR/(4295:4839): ESI 1	GET jugador(Instancia 1) 
[INFO] 16:03:12:882 COORDINADOR/(4295:4839): ESI 1	SET jugador(Instancia 1) abondanzieri
[INFO] 16:03:22:169 COORDINADOR/(4295:4839): ESI 1	STORE jugador(Instancia 1) 
[INFO] 16:08:54:690 COORDINADOR/(4295:5146): ESI 2	GET papa(Instancia 1) 
[INFO] 16:09:02:993 COORDINADOR/(4295:5146): ESI 2	SET papa(Instancia 1) loco
[INFO] 16:09:09:172 COORDINADOR/(4295:5146): ESI 2	STORE papa(Instancia 1) 
[INFO] 16:19:10:986 COORDINADOR/(5469:5522): ESI 1	GET jugador(Instancia 1) 
[INFO] 16:19:29:397 COORDINADOR/(5469:5522): ESI 1	SET jugador(Instancia 1) abondanzieri
[INFO] 16:19:58:151 COORDINADOR/(5469:5522): ESI 1	STORE jugador(Instancia 1) 
[INFO] 16:22:34:437 COORDINADOR/(5469:5524): ESI 2	GET papa(Instancia 1) 
[INFO] 16:22:49:210 COORDINADOR/(5469:5524): ESI 2	SET papa(Instancia 1) loco
[INFO] 16:22:59:872 COORDINADOR/(5469:5524): ESI 2	STORE papa(Instancia 1) 
[INFO] 16:24:17:700 COORDINADOR/(5469:5834): ESI 1	GET jugador(Instancia 1) 
[INFO] 16:24:49:210 COORDINADOR/(5469:5834): ESI 1	SET jugador(Instancia 1) abondanzieri
[INFO] 16:24:55:837 COORDINADOR/(5469:5834): ESI 1	STORE jugador(Instancia 1) 
[INFO] 16:29:47:897 COORDINADOR/(5469:6000): ESI 1	GET jugador(Instancia 1) 
[INFO] 16:30:04:225 COORDINADOR/(5469:6000): ESI 1	SET jugador(Instancia 1) abondanzieri
[INFO] 16:30:16:591 COORDINADOR/(5469:6000): ESI 1	STORE jugador(Instancia 1) 
[INFO] 16:31:00:760 COORDINADOR/(5469:6002): ESI 2	GET papa(Instancia 1) 
[INFO] 16:31:07:181 COORDINADOR/(5469:6002): ESI 2	SET papa(Instancia 1) loco
[INFO] 16:31:13:279 COORDINADOR/(5469:6002): ESI 2	STORE papa(Instancia 1) 
[INFO] 16:32:41:474 COORDINADOR/(5469:6173): ESI 1	GET jugador(Instancia 1) 
[INFO] 16:32:41:976 COORDINADOR/(5469:6173): ESI 1	SET jugador(Instancia 1) abondanzieri
[INFO] 16:32:42:479 COORDINADOR/(5469:6173): ESI 1	STORE jugador(Instancia 1) 
[INFO] 16:33:05:637 COORDINADOR/(5469:6175): ESI 2	GET papa(Instancia 1) 
[INFO] 16:33:06:140 COORDINADOR/(5469:6175): ESI 2	SET papa(Instancia 1) loco
[INFO] 16:33:06:643 COORDINADOR/(5469:6175): ESI 2	STORE papa(Instancia 1) 
[INFO] 16:44:34:720 COORDINADOR/(6625:6678): ESI 1	GET jugador(Instancia 1) 
[INFO] 16:44:36:584 COORDINADOR/(6625:6678): ESI 1	SET jugador(Instancia 1) abondanzieri
[INFO] 16:44:37:86 COORDINADOR/(6625:6678): ESI 1	STORE jugador(Instancia 1) 
[INFO] 16:44:47:741 COORDINADOR/(6625:6680): ESI 2	GET papa(Instancia 1) 
[INFO] 16:44:56:555 COORDINADOR/(6625:6680): ESI 2	SET papa(Instancia 1) loco
[INFO] 16:45:06:303 COORDINADOR/(6625:6680): ESI 2	STORE papa(Instancia 1) 
[INFO] 16:48:18:670 COORDINADOR/(6863:6881): ESI 1	GET jugador(Instancia 1) 
[INFO] 16:48:19:171 COORDINADOR/(6863:6881): ESI 1	SET jugador(Instancia 1) abondanzieri
[INFO] 16:48:19:673 COORDINADOR/(6863:6881): ESI 1	STORE jugador(Instancia 1) 
[INFO] 16:57:41:388 COORDINADOR/(7224:7334): ESI 1	GET jugador(Instancia 1) 
[INFO] 16:57:52:170 COORDINADOR/(7224:7334): ESI 1	SET jugador(Instancia 1) abondanzieri
[INFO] 16:58:06:563 COORDINADOR/(7224:7334): ESI 1	STORE jugador(Instancia 1) 
[INFO] 16:59:34:428 COORDINADOR/(7224:7336): ESI 2	GET papa(Instancia 1) 
[INFO] 16:59:35:431 COORDINADOR/(7224:7336): ESI 2	SET papa(Instancia 1) loco
[INFO] 16:59:36:435 COORDINADOR/(7224:7336): ESI 2	STORE papa(Instancia 1) 
[INFO] 17:10:55:257 COORDINADOR/(7958:8015): ESI 1	GET jugador(Instancia 1) 
[INFO] 17:10:56:260 COORDINADOR/(7958:8015): ESI 1	SET jugador(Instancia 1) abondanzieri
[INFO] 17:10:57:264 COORDINADOR/(7958:8015): ESI 1	STORE jugador(Instancia 1) 
[INFO] 17:10:58:267 COORDINADOR/(7958:8017): ESI 2	GET papa(Instancia 1) 
[INFO] 17:10:59:273 COORDINADOR/(7958:8017): ESI 2	SET papa(Instancia 1) loco
[INFO] 17:11:00:276 COORDINADOR/(7958:8017): ESI 2	STORE papa(Instancia 1) 
[INFO] 20:53:43:896 COORDINADOR/(3075:3134): ESI 1	GET jugador(Instancia 1) 
[INFO] 20:53:53:923 COORDINADOR/(3075:3134): ESI 1	SET jugador(Instancia 1) abondanzieri
[INFO] 20:54:05:10 COORDINADOR/(3075:3134): ESI 1	STORE jugador(Instancia 1) 
[INFO] 20:59:48:658 COORDINADOR/(3612:3670): ESI 1	GET jugador(Instancia 1) 
[INFO] 20:59:53:971 COORDINADOR/(3612:3670): ESI 1	SET jugador(Instancia 1) abondanzieri
[INFO] 21:00:04:196 COORDINADOR/(3612:3670): ESI 1	STORE jugador(Instancia 1) 
[INFO] 21:01:07:127 COORDINADOR/(3612:3672): ESI 2	GET papa(Instancia 1) 
[INFO] 21:01:08:132 COORDINADOR/(3612:3672): ESI 2	SET papa(Instancia 1) loco
[INFO] 21:01:09:137 COORDINADOR/(3612:3672): ESI 2	STORE papa(Instancia 1) 
[INFO] 21:07:03:805 COORDINADOR/(4158:4256): ESI 1	GET jugador(Instancia 1) 
[INFO] 21:07:04:810 COORDINADOR/(4158:4256): ESI 1	SET jugador(Instancia 1) abondanzieri
[INFO] 21:07:05:816 COORDINADOR/(4158:4256): ESI 1	STORE jugador(Instancia 1) 
[INFO] 21:07:06:825 COORDINADOR/(4158:4258): ESI 2	GET papa(Instancia 1) 
[INFO] 21:07:07:830 COORDINADOR/(4158:4258): ESI 2	SET papa(Instancia 1) loco
[INFO] 21:07:08:839 COORDINADOR/(4158:4258): ESI 2	STORE papa(Instancia 1) 
[INFO] 21:07:39:177 COORDINADOR/(4158:4411): ESI 1	GET jugador(Instancia 1) 
[INFO] 21:07:40:184 COORDINADOR/(4158:4411): ESI 1	SET jugador(Instancia 1) abondanzieri
[INFO] 21:07:41:190 COORDINADOR/(4158:4411): ESI 1	STORE jugador(Instancia 1) 
[INFO] 21:07:42:198 COORDINADOR/(4158:4416): ESI 2	GET papa(Instancia 1) 
[INFO] 21:07:43:203 COORDINADOR/(4158:4416): ESI 2	SET papa(Instancia 1) loco
[INFO] 21:07:44:209 COORDINADOR/(4158:4416): ESI 2	STORE papa(Instancia 1) 
[INFO] 16:23:04:201 COORDOP/(6679:6713): ESI 1	GET e3:sony:juegos(Instancia 1) 
[INFO] 16:23:04:409 COORDOP/(6679:6713): ESI 1	GET e3:microsoft:juegos(Instancia 1) 
[INFO] 16:23:04:613 COORDOP/(6679:6713): ESI 1	SET e3:sony:juegos(Instancia 1) TLOU2
[INFO] 16:23:04:815 COORDOP/(6679:6713): ESI 1	SET e3:sony:juegos(Instancia 1) Spiderman
[INFO] 16:23:05:18 COORDOP/(6679:6713): ESI 1	SET e3:sony:juegos(Instancia 1) GhostOfTsushima
[INFO] 16:23:05:222 COORDOP/(6679:6713): ESI 1	SET e3:sony:juegos(Instancia 1) DeathStranding
[INFO] 16:23:05:425 COORDOP/(6679:6713): ESI 1	SET e3:sony:juegos(Instancia 1) ResidenEvil2Remake
[INFO] 16:23:05:631 COORDOP/(6679:6713): ESI 1	SET e3:sony:juegos(Instancia 1) Destiny2DLCForsaken
[INFO] 16:23:05:835 COORDOP/(6679:6713): ESI 1	SET e3:microsoft:juegos(Instancia 1) DLCCuphead
[INFO] 16:23:06:38 COORDOP/(6679:6713): ESI 1	SET e3:microsoft:juegos(Instancia 1) ForzaHorizon4
[INFO] 16:23:06:242 COORDOP/(6679:6713): ESI 1	SET e3:microsoft:juegos(Instancia 1) Gears5
[INFO] 16:23:06:446 COORDOP/(6679:6713): ESI 1	SET e3:microsoft:juegos(Instancia 1) MetroExodus
[INFO] 16:23:06:651 COORDOP/(6679:6713): ESI 1	SET e3:microsoft:juegos(Instancia 1) Fallout76
[INFO] 16:23:06:855 COORDOP/(6679:6713): ESI 1	SET e3:microsoft:juegos(Instancia 1) TheDivision2
[INFO] 16:23:07:59 COORDOP/(6679:6713): ESI 1	SET e3:microsoft:juegos(Instancia 1) DyingLight2
[INFO] 16:23:07:263 COORDOP/(6679:6713): ESI 1	SET e3:microsoft:juegos(Instancia 1) Crackdown3
[INFO] 16:23:07:468 COORDOP/(6679:6713): ESI 1	SET e3:microsoft:juegos(Instancia 1) HaloInfinite
[INFO] 16:23:07:674 COORDOP/(6679:6713): ESI 1	SET e3:microsoft:juegos(Instancia 1) KingdomHearts3
[INFO] 16:23:07:879 COORDOP/(6679:6713): ESI 1	STORE e3:microsoft:juegos(Instancia 1) 
[INFO] 16:23:08:82 COORDOP/(6679:6713): ESI 1	STORE e3:sony:juegos(Instancia 1) 
[INFO] 16:26:13:928 COORDOP/(6679:6767): ESI 2	GET platoprincipal:ingrediente5(Instancia 1) 
[INFO] 16:26:14:132 COORDOP/(6679:6767): ESI 2	GET platoprincipal:ingrediente4(Instancia 1) 
[INFO] 16:26:14:335 COORDOP/(6679:6767): ESI 2	GET platoprincipal:ingrediente3(Instancia 1) 
[INFO] 16:26:14:539 COORDOP/(6679:6767): ESI 2	GET platoprincipal:ingrediente2(Instancia 1) 
[INFO] 16:26:14:742 COORDOP/(6679:6767): ESI 2	GET platoprincipal:ingrediente1(Instancia 1) 
[INFO] 16:26:14:947 COORDOP/(6679:6767): ESI 2	SET platoprincipal:ingrediente1(Instancia 1) milanesadecarne
[INFO] 16:26:15:150 COORDOP/(6679:6767): ESI 2	SET platoprincipal:ingrediente2(Instancia 1) queso
[INFO] 16:26:15:354 COORDOP/(6679:6767): ESI 2	SET platoprincipal:ingrediente3(Instancia 1) jamon
[INFO] 16:26:15:558 COORDOP/(6679:6767): ESI 2	SET platoprincipal:ingrediente4(Instancia 1) lechuga
[INFO] 16:26:15:764 COORDOP/(6679:6767): ESI 2	SET platoprincipal:ingrediente5(Instancia 1) tomate
[INFO] 16:26:15:966 COORDOP/(6679:6767): ESI 2	STORE platoprincipal:ingrediente1(Instancia 1) 
[INFO] 16:26:16:170 COORDOP/(6679:6767): ESI 2	STORE platoprincipal:ingrediente2(Instancia 1) 
[INFO] 16:26:16:374 COORDOP/(6679:6767): ESI 2	STORE platoprincipal:ingrediente3(Instancia 1) 
[INFO] 16:26:16:579 COORDOP/(6679:6767): ESI 2	STORE platoprincipal:ingrediente4(Instancia 1) 
[INFO] 16:26:16:784 COORDOP/(6679:6767): ESI 2	STORE platoprincipal:ingrediente5(Instancia 1) 
[INFO] 16:43:32:19 COORDOP/(7410:7456): ESI 2	GET platoprincipal:ingrediente5(Instancia 1) 
[INFO] 16:43:32:227 COORDOP/(7410:7456): ESI 2	GET platoprincipal:ingrediente4(Instancia 1) 
[INFO] 16:43:32:430 COORDOP/(7410:7456): ESI 2	GET platoprincipal:ingrediente3(Instancia 1) 
[INFO] 16:43:32:634 COORDOP/(7410:7456): ESI 2	GET platoprincipal:ingrediente2(Instancia 1) 
[INFO] 16:43:32:839 COORDOP/(7410:7456): ESI 2	GET platoprincipal:ingrediente1(Instancia 1) 
[INFO] 16:43:33:42 COORDOP/(7410:7456): ESI 2	SET platoprincipal:ingrediente1(Instancia 1) milanesadecarne
[INFO] 16:43:33:245 COORDOP/(7410:7456): ESI 2	SET platoprincipal:ingrediente2(Instancia 1) queso
[INFO] 16:43:33:451 COORDOP/(7410:7456): ESI 2	SET platoprincipal:ingrediente3(Instancia 1) jamon
[INFO] 16:43:33:657 COORDOP/(7410:7456): ESI 2	SET platoprincipal:ingrediente4(Instancia 1) lechuga
[INFO] 16:43:33:861 COORDOP/(7410:7456): ESI 2	SET platoprincipal:ingrediente5(Instancia 1) tomate
[INFO] 16:43:34:64 COORDOP/(7410:7456): ESI 2	STORE platoprincipal:ingrediente1(Instancia 1) 
[INFO] 16:43:34:270 COORDOP/(7410:7456): ESI 2	STORE platoprincipal:ingrediente2(Instancia 1) 
[INFO] 16:43:34:475 COORDOP/(7410:7456): ESI 2	STORE platoprincipal:ingrediente3(Instancia 1) 
[INFO] 16:43:34:679 COORDOP/(7410:7456): ESI 2	STORE platoprincipal:ingrediente4(Instancia 1) 
[INFO] 16:43:34:884 COORDOP/(7410:7456): ESI 2	STORE platoprincipal:ingrediente5(Instancia 1) 
[INFO] 16:44:33:538 COORDOP/(7410:7506): ESI 1	GET e3:sony:juegos(Instancia 1) 
[INFO] 16:44:33:742 COORDOP/(7410:7506): ESI 1	GET e3:microsoft:juegos(Instancia 1) 
[INFO] 16:44:33:947 COORDOP/(7410:7506): ESI 1	SET e3:sony:juegos(Instancia 1) TLOU2
[INFO] 16:44:34:150 COORDOP/(7410:7506): ESI 1	SET e3:sony:juegos(Instancia 1) Spiderman
[INFO] 16:44:34:354 COORDOP/(7410:7506): ESI 1	SET e3:sony:juegos(Instancia 1) GhostOfTsushima
[INFO] 16:44:34:558 COORDOP/(7410:7506): ESI 1	SET e3:sony:juegos(Instancia 1) DeathStranding
[INFO] 16:44:34:762 COORDOP/(7410:7506): ESI 1	SET e3:sony:juegos(Instancia 1) ResidenEvil2Remake
[INFO] 16:44:34:966 COORDOP/(7410:7506): ESI 1	SET e3:sony:juegos(Instancia 1) Destiny2DLCForsaken
[INFO] 16:44:35:171 COORDOP/(7410:7506): ESI 1	SET e3:microsoft:juegos(Instancia 1) DLCCuphead
[INFO] 16:44:35:376 COORDOP/(7410:7506): ESI 1	SET e3:microsoft:juegos(Instancia 1) ForzaHorizon4
[INFO] 16:44:35:581 COORDOP/(7410:7506): ESI 1	SET e3:microsoft:juegos(Instancia 1) Gears5
[INFO] 16:44:35:785 COORDOP/(7410:7506): ESI 1	SET e3:microsoft:juegos(Instancia 1) MetroExodus
[INFO] 16:44:35:989 COORDOP/(7410:7506): ESI 1	SET e3:microsoft:juegos(Instancia 1) Fallout76
[INFO] 16:44:36:193 COORDOP/(7410:7506): ESI 1	SET e3:microsoft:juegos(Instancia 1) TheDivision2
[INFO] 16:44:36:397 COORDOP/(7410:7506): ESI 1	SET e3:microsoft:juegos(Instancia 1) DyingLight2
[INFO] 16:44:36:601 COORDOP/(7410:7506): ESI 1	SET e3:microsoft:juegos(Instancia 1) Crackdown3
[INFO] 16:44:36:805 COORDOP/(7410:7506): ESI 1	SET e3:microsoft:juegos(Instancia 1) HaloInfinite
[INFO] 16:44:37:9 COORDOP/(7410:7506): ESI 1	SET e3:microsoft:juegos(Instancia 1) KingdomHearts3
[INFO] 16:44:37:212 COORDOP/(7410:7506): ESI 1	STORE e3:microsoft:juegos(Instancia 1) 
[INFO] 16:44:37:417 COORDOP/(7410:7506): ESI 1	STORE e3:sony:juegos(Instancia 1) 
[INFO] 16:46:00:957 COORDOP/(7556:7588): ESI 1	GET e3:sony:juegos(Instancia 1) 
[INFO] 16:46:04:898 COORDOP/(7556:7588): ESI 1	GET e3:microsoft:juegos(Instancia 1) 
[INFO] 16:46:07:561 COORDOP/(7556:7588): ESI 1	SET e3:sony:juegos(Instancia 1) TLOU2
[INFO] 16:46:08:414 COORDOP/(7556:7588): ESI 1	SET e3:sony:juegos(Instancia 1) Spiderman
[INFO] 16:46:09:223 COORDOP/(7556:7588): ESI 1	SET e3:sony:juegos(Instancia 1) GhostOfTsushima
[INFO] 16:46:10:103 COORDOP/(7556:7588): ESI 1	SET e3:sony:juegos(Instancia 1) DeathStranding
[INFO] 16:46:11:541 COORDOP/(7556:7588): ESI 1	SET e3:sony:juegos(Instancia 1) ResidenEvil2Remake
[INFO] 16:46:12:557 COORDOP/(7556:7588): ESI 1	SET e3:sony:juegos(Instancia 1) Destiny2DLCForsaken
[INFO] 16:46:13:535 COORDOP/(7556:7588): ESI 1	SET e3:microsoft:juegos(Instancia 1) DLCCuphead
[INFO] 16:46:15:55 COORDOP/(7556:7588): ESI 1	SET e3:microsoft:juegos(Instancia 1) ForzaHorizon4
[INFO] 16:46:16:324 COORDOP/(7556:7588): ESI 1	SET e3:microsoft:juegos(Instancia 1) Gears5
[INFO] 16:46:18:297 COORDOP/(7556:7588): ESI 1	SET e3:microsoft:juegos(Instancia 1) MetroExodus
[INFO] 16:46:19:198 COORDOP/(7556:7588): ESI 1	SET e3:microsoft:juegos(Instancia 1) Fallout76
[INFO] 16:46:20:87 COORDOP/(7556:7588): ESI 1	SET e3:microsoft:juegos(Instancia 1) TheDivision2
[INFO] 16:46:20:961 COORDOP/(7556:7588): ESI 1	SET e3:microsoft:juegos(Instancia 1) DyingLight2
[INFO] 16:46:21:899 COORDOP/(7556:7588): ESI 1	SET e3:microsoft:juegos(Instancia 1) Crackdown3
[INFO] 16:46:22:767 COORDOP/(7556:7588): ESI 1	SET e3:microsoft:juegos(Instancia 1) HaloInfinite
[INFO] 16:46:23:651 COORDOP/(7556:7588): ESI 1	SET e3:microsoft:juegos(Instancia 1) KingdomHearts3
[INFO] 16:46:26:194 COORDOP/(7556:7588): ESI 1	STORE e3:microsoft:juegos(Instancia 1) 
[INFO] 16:46:29:588 COORDOP/(7556:7588): ESI 1	STORE e3:sony:juegos(Instancia 1) 
[INFO] 16:48:22:754 COORDOP/(7556:7590): ESI 2	GET platoprincipal:ingrediente5(Instancia 1) 
[INFO] 16:48:47:794 COORDOP/(7556:7590): ESI 2	GET platoprincipal:ingrediente4(Instancia 1) 
[INFO] 16:48:49:621 COORDOP/(7556:7590): ESI 2	GET platoprincipal:ingrediente3(Instancia 1) 
[INFO] 16:48:50:775 COORDOP/(7556:7590): ESI 2	GET platoprincipal:ingrediente2(Instancia 1) 
[INFO] 16:48:52:293 COORDOP/(7556:7590): ESI 2	GET platoprincipal:ingrediente1(Instancia 1) 
[INFO] 16:48:53:432 COORDOP/(7556:7590): ESI 2	SET platoprincipal:ingrediente1(Instancia 1) milanesadecarne
[INFO] 16:48:54:349 COORDOP/(7556:7590): ESI 2	SET platoprincipal:ingrediente2(Instancia 1) queso
[INFO] 16:48:55:184 COORDOP/(7556:7590): ESI 2	SET platoprincipal:ingrediente3(Instancia 1) jamon
[INFO] 16:48:55:993 COORDOP/(7556:7590): ESI 2	SET platoprincipal:ingrediente4(Instancia 1) lechuga
[INFO] 16:48:56:784 COORDOP/(7556:7590): ESI 2	SET platoprincipal:ingrediente5(Instancia 1) tomate
[INFO] 16:48:57:702 COORDOP/(7556:7590): ESI 2	STORE platoprincipal:ingrediente1(Instancia 1) 
[INFO] 16:48:59:710 COORDOP/(7556:7590): ESI 2	STORE platoprincipal:ingrediente2(Instancia 1) 
[INFO] 16:49:00:910 COORDOP/(7556:7590): ESI 2	STORE platoprincipal:ingrediente3(Instancia 1) 
[INFO] 16:49:02:34 COORDOP/(7556:7590): ESI 2	STORE platoprincipal:ingrediente4(Instancia 1) 
[INFO] 16:49:02:973 COORDOP/(7556:7590): ESI 2	STORE platoprincipal:ingrediente5(Instancia 1) 
[INFO] 16:49:48:549 COORDOP/(7741:7777): ESI 2	GET platoprincipal:ingrediente5(Instancia 1) 
[INFO] 16:49:50:825 COORDOP/(7741:7777): ESI 2	GET platoprincipal:ingrediente4(Instancia 1) 
[INFO] 16:49:51:844 COORDOP/(7741:7777): ESI 2	GET platoprincipal:ingrediente3(Instancia 1) 
[INFO] 16:49:52:693 COORDOP/(7741:7777): ESI 2	GET platoprincipal:ingrediente2(Instancia 1) 
[INFO] 16:49:53:371 COORDOP/(7741:7777): ESI 2	GET platoprincipal:ingrediente1(Instancia 1) 
[INFO] 16:49:54:100 COORDOP/(7741:7777): ESI 2	SET platoprincipal:ingrediente1(Instancia 1) milanesadecarne
[INFO] 16:49:54:714 COORDOP/(7741:7777): ESI 2	SET platoprincipal:ingrediente2(Instancia 1) queso
[INFO] 16:49:55:319 COORDOP/(7741:7777): ESI 2	SET platoprincipal:ingrediente3(Instancia 1) jamon
[INFO] 16:49:55:834 COORDOP/(7741:7777): ESI 2	SET platoprincipal:ingrediente4(Instancia 1) lechuga
[INFO] 16:49:56:331 COORDOP/(7741:7777): ESI 2	SET platoprincipal:ingrediente5(Instancia 1) tomate
[INFO] 16:49:56:901 COORDOP/(7741:7777): ESI 2	STORE platoprincipal:ingrediente1(Instancia 1) 
[INFO] 16:49:57:531 COORDOP/(7741:7777): ESI 2	STORE platoprincipal:ingrediente2(Instancia 1) 
[INFO] 16:49:58:150 COORDOP/(7741:7777): ESI 2	STORE platoprincipal:ingrediente3(Instancia 1) 
[INFO] 16:49:58:719 COORDOP/(7741:7777): ESI 2	STORE platoprincipal:ingrediente4(Instancia 1) 
[INFO] 16:49:59:306 COORDOP/(7741:7777): ESI 2	STORE platoprincipal:ingrediente5(Instancia 1) 
[INFO] 16:50:36:968 COORDOP/(7741:7814): ESI 1	GET e3:sony:juegos(Instancia 1) 
[INFO] 16:50:39:744 COORDOP/(7741:7814): ESI 1	GET e3:microsoft:juegos(Instancia 1) 
[INFO] 16:50:41:450 COORDOP/(7741:7814): ESI 1	SET e3:sony:juegos(Instancia 1) TLOU2
[INFO] 16:50:42:512 COORDOP/(7741:7814): ESI 1	SET e3:sony:juegos(Instancia 1) Spiderman
[INFO] 16:50:43:459 COORDOP/(7741:7814): ESI 1	SET e3:sony:juegos(Instancia 1) GhostOfTsushima
[INFO] 16:50:44:346 COORDOP/(7741:7814): ESI 1	SET e3:sony:juegos(Instancia 1) DeathStranding
[INFO] 16:50:45:719 COORDOP/(7741:7814): ESI 1	SET e3:sony:juegos(Instancia 1) ResidenEvil2Remake
[INFO] 16:50:46:860 COORDOP/(7741:7814): ESI 1	SET e3:sony:juegos(Instancia 1) Destiny2DLCForsaken
[INFO] 16:50:48:115 COORDOP/(7741:7814): ESI 1	SET e3:microsoft:juegos(Instancia 1) DLCCuphead
[INFO] 16:50:49:421 COORDOP/(7741:7814): ESI 1	SET e3:microsoft:juegos(Instancia 1) ForzaHorizon4
[INFO] 16:50:50:385 COORDOP/(7741:7814): ESI 1	SET e3:microsoft:juegos(Instancia 1) Gears5
[INFO] 16:50:51:376 COORDOP/(7741:7814): ESI 1	SET e3:microsoft:juegos(Instancia 1) MetroExodus
[INFO] 16:50:52:404 COORDOP/(7741:7814): ESI 1	SET e3:microsoft:juegos(Instancia 1) Fallout76
[INFO] 16:50:53:381 COORDOP/(7741:7814): ESI 1	SET e3:microsoft:juegos(Instancia 1) TheDivision2
[INFO] 16:50:57:79 COORDOP/(7741:7814): ESI 1	SET e3:microsoft:juegos(Instancia 1) DyingLight2
[INFO] 16:50:58:600 COORDOP/(7741:7814): ESI 1	SET e3:microsoft:juegos(Instancia 1) Crackdown3
[INFO] 16:50:59:686 COORDOP/(7741:7814): ESI 1	SET e3:microsoft:juegos(Instancia 1) HaloInfinite
[INFO] 16:51:00:690 COORDOP/(7741:7814): ESI 1	SET e3:microsoft:juegos(Instancia 1) KingdomHearts3
[INFO] 16:51:01:633 COORDOP/(7741:7814): ESI 1	STORE e3:microsoft:juegos(Instancia 1) 
[INFO] 16:51:02:614 COORDOP/(7741:7814): ESI 1	STORE e3:sony:juegos(Instancia 1) 
[INFO] 18:43:16:930 COORDOP/(10086:10117): ESI 1	GET e3:sony:juegos(Instancia 1) 
[INFO] 18:43:17:132 COORDOP/(10086:10117): ESI 1	GET e3:microsoft:juegos(Instancia 1) 
[INFO] 18:43:17:334 COORDOP/(10086:10117): ESI 1	SET e3:sony:juegos(Instancia 1) TLOU2
[INFO] 18:43:17:536 COORDOP/(10086:10117): ESI 1	SET e3:sony:juegos(Instancia 1) Spiderman
[INFO] 18:43:17:738 COORDOP/(10086:10117): ESI 1	SET e3:sony:juegos(Instancia 1) GhostOfTsushima
[INFO] 18:43:17:940 COORDOP/(10086:10117): ESI 1	SET e3:sony:juegos(Instancia 1) DeathStranding
[INFO] 18:43:18:143 COORDOP/(10086:10117): ESI 1	SET e3:sony:juegos(Instancia 1) ResidenEvil2Remake
[INFO] 18:43:18:344 COORDOP/(10086:10117): ESI 1	SET e3:sony:juegos(Instancia 1) Destiny2DLCForsaken
[INFO] 18:43:18:546 COORDOP/(10086:10117): ESI 1	SET e3:microsoft:juegos(Instancia 1) DLCCuphead
[INFO] 18:43:18:748 COORDOP/(10086:10117): ESI 1	SET e3:microsoft:juegos(Instancia 1) ForzaHorizon4
[INFO] 18:43:18:949 COORDOP/(10086:10117): ESI 1	SET e3:microsoft:juegos(Instancia 1) Gears5
[INFO] 18:43:19:150 COORDOP/(10086:10117): ESI 1	SET e3:microsoft:juegos(Instancia 1) MetroExodus
[INFO] 18:43:19:351 COORDOP/(10086:10117): ESI 1	SET e3:microsoft:juegos(Instancia 1) Fallout76
[INFO] 18:43:19:554 COORDOP/(10086:10117): ESI 1	SET e3:microsoft:juegos(Instancia 1) TheDivision2
[INFO] 18:43:19:755 COORDOP/(10086:10117): ESI 1	SET e3:microsoft:juegos(Instancia 1) DyingLight2
[INFO] 18:43:19:957 COORDOP/(10086:10117): ESI 1	SET e3:microsoft:juegos(Instancia 1) Crackdown3
[INFO] 18:43:20:158 COORDOP/(10086:10117): ESI 1	SET e3:microsoft:juegos(Instancia 1) HaloInfinite
[INFO] 18:43:20:361 COORDOP/(10086:10117): ESI 1	SET e3:microsoft:juegos(Instancia 1) KingdomHearts3
[INFO] 18:43:20:563 COORDOP/(10086:10117): ESI 1	STORE e3:microsoft:juegos(Instancia 1) 
[INFO] 18:43:20:765 COORDOP/(10086:10117): ESI 1	STORE e3:sony:juegos(Instancia 1) 
[INFO] 18:43:20:972 COORDOP/(10086:10119): ESI 2	GET platoprincipal:ingrediente5(Instancia 1) 
[INFO] 18:43:21:173 COORDOP/(10086:10119): ESI 2	GET platoprincipal:ingrediente4(Instancia 1) 
[INFO] 18:43:21:374 COORDOP/(10086:10119): ESI 2	GET platoprincipal:ingrediente3(Instancia 1) 
[INFO] 18:43:21:576 COORDOP/(10086:10119): ESI 2	GET platoprincipal:ingrediente2(Instancia 1) 
[INFO] 18:43:21:778 COORDOP/(10086:10119): ESI 2	GET platoprincipal:ingrediente1(Instancia 1) 
[INFO] 18:43:21:980 COORDOP/(10086:10119): ESI 2	SET platoprincipal:ingrediente1(Instancia 1) milanesadecarne
[INFO] 18:43:22:181 COORDOP/(10086:10119): ESI 2	SET platoprincipal:ingrediente2(Instancia 1) queso
[INFO] 18:43:22:384 COORDOP/(10086:10119): ESI 2	SET platoprincipal:ingrediente3(Instancia 1) jamon
[INFO] 18:43:22:586 COORDOP/(10086:10119): ESI 2	SET platoprincipal:ingrediente4(Instancia 1) lechuga
[INFO] 18:43:22:788 COORDOP/(10086:10119): ESI 2	SET platoprincipal:ingrediente5(Instancia 1) tomate
[INFO] 18:43:22:990 COORDOP/(10086:10119): ESI 2	STORE platoprincipal:ingrediente1(Instancia 1) 
[INFO] 18:43:23:192 COORDOP/(10086:10119): ESI 2	STORE platoprincipal:ingrediente2(Instancia 1) 
[INFO] 18:43:23:395 COORDOP/(10086:10119): ESI 2	STORE platoprincipal:ingrediente3(Instancia 1) 
[INFO] 18:43:23:597 COORDOP/(10086:10119): ESI 2	STORE platoprincipal:ingrediente4(Instancia 1) 
[INFO] 18:43:23:798 COORDOP/(10086:10119): ESI 2	STORE platoprincipal:ingrediente5(Instancia 1) 
[INFO] 00:43:16:419 COORDOP/(4634:4662): ESI 1	GET e3:sony:juegos(Instancia 1) 
[INFO] 00:43:18:602 COORDOP/(4634:4662): ESI 1	GET e3:microsoft:juegos(Instancia 1) 
[INFO] 00:43:19:568 COORDOP/(4634:4662): ESI 1	SET e3:sony:juegos(Instancia 1) TLOU2
[INFO] 00:43:20:613 COORDOP/(4634:4662): ESI 1	SET e3:sony:juegos(Instancia 1) Spiderman
[INFO] 00:43:21:551 COORDOP/(4634:4662): ESI 1	SET e3:sony:juegos(Instancia 1) GhostOfTsushima
[INFO] 00:43:22:282 COORDOP/(4634:4662): ESI 1	SET e3:sony:juegos(Instancia 1) DeathStranding
[INFO] 00:43:22:933 COORDOP/(4634:4662): ESI 1	SET e3:sony:juegos(Instancia 1) ResidenEvil2Remake
[INFO] 00:43:23:525 COORDOP/(4634:4662): ESI 1	SET e3:sony:juegos(Instancia 1) Destiny2DLCForsaken
[INFO] 00:43:24:129 COORDOP/(4634:4662): ESI 1	SET e3:microsoft:juegos(Instancia 1) DLCCuphead
[INFO] 00:43:24:682 COORDOP/(4634:4662): ESI 1	SET e3:microsoft:juegos(Instancia 1) ForzaHorizon4
[INFO] 00:43:25:254 COORDOP/(4634:4662): ESI 1	SET e3:microsoft:juegos(Instancia 1) Gears5
[INFO] 00:43:25:865 COORDOP/(4634:4662): ESI 1	SET e3:microsoft:juegos(Instancia 1) MetroExodus
[INFO] 00:43:26:613 COORDOP/(4634:4662): ESI 1	SET e3:microsoft:juegos(Instancia 1) Fallout76
[INFO] 00:43:27:427 COORDOP/(4634:4662): ESI 1	SET e3:microsoft:juegos(Instancia 1) TheDivision2
[INFO] 00:43:28:322 COORDOP/(4634:4662): ESI 1	SET e3:microsoft:juegos(Instancia 1) DyingLight2
[INFO] 00:43:29:245 COORDOP/(4634:4662): ESI 1	SET e3:microsoft:juegos(Instancia 1) Crackdown3
[INFO] 00:43:30:142 COORDOP/(4634:4662): ESI 1	SET e3:microsoft:juegos(Instancia 1) HaloInfinite
[INFO] 00:43:31:525 COORDOP/(4634:4662): ESI 1	SET e3:microsoft:juegos(Instancia 1) KingdomHearts3
[INFO] 00:43:35:706 COORDOP/(4634:4662): ESI 1	STORE e3:microsoft:juegos(Instancia 1) 
[INFO] 00:43:39:206 COORDOP/(4634:4662): ESI 1	STORE e3:sony:juegos(Instancia 1) 
[INFO] 00:46:57:649 COORDOP/(4634:5129): ESI 2	GET platoprincipal:ingrediente5(Instancia 1) 
[INFO] 00:47:04:435 COORDOP/(4634:5129): ESI 2	GET platoprincipal:ingrediente4(Instancia 1) 
[INFO] 00:47:07:764 COORDOP/(4634:5129): ESI 2	GET platoprincipal:ingrediente3(Instancia 1) 
[INFO] 00:47:13:473 COORDOP/(4634:5129): ESI 2	GET platoprincipal:ingrediente2(Instancia 1) 
[INFO] 00:47:23:148 COORDOP/(4634:5129): ESI 2	GET platoprincipal:ingrediente1(Instancia 1) 
[INFO] 00:48:04:925 COORDOP/(4634:5129): ESI 2	SET platoprincipal:ingrediente1(Instancia 1) milanesadecarne
[INFO] 00:48:08:845 COORDOP/(4634:5129): ESI 2	SET platoprincipal:ingrediente2(Instancia 1) queso
[INFO] 00:48:11:98 COORDOP/(4634:5129): ESI 2	SET platoprincipal:ingrediente3(Instancia 1) jamon
[INFO] 00:48:14:444 COORDOP/(4634:5129): ESI 2	SET platoprincipal:ingrediente4(Instancia 1) lechuga
[INFO] 00:48:16:129 COORDOP/(4634:5129): ESI 2	SET platoprincipal:ingrediente5(Instancia 1) tomate
[INFO] 00:48:17:548 COORDOP/(4634:5129): ESI 2	STORE platoprincipal:ingrediente1(Instancia 1) 
[INFO] 00:48:19:30 COORDOP/(4634:5129): ESI 2	STORE platoprincipal:ingrediente2(Instancia 1) 
[INFO] 00:48:20:385 COORDOP/(4634:5129): ESI 2	STORE platoprincipal:ingrediente3(Instancia 1) 
[INFO] 00:48:22:201 COORDOP/(4634:5129): ESI 2	STORE platoprincipal:ingrediente4(Instancia 1) 
[INFO] 00:48:25:604 COORDOP/(4634:5129): ESI 2	STORE platoprincipal:ingrediente5(Instancia 1) 
[INFO] 01:21:54:505 COORDOP/(6478:6516): ESI 2	GET platoprincipal:ingrediente5(Instancia 1) 
[INFO] 01:21:54:714 COORDOP/(6478:6516): ESI 2	GET platoprincipal:ingrediente4(Instancia 1) 
[INFO] 01:21:54:918 COORDOP/(6478:6516): ESI 2	GET platoprincipal:ingrediente3(Instancia 1) 
[INFO] 01:21:55:121 COORDOP/(6478:6516): ESI 2	GET platoprincipal:ingrediente2(Instancia 1) 
[INFO] 01:21:55:325 COORDOP/(6478:6516): ESI 2	GET platoprincipal:ingrediente1(Instancia 1) 
[INFO] 01:21:55:530 COORDOP/(6478:6516): ESI 2	SET platoprincipal:ingrediente1(Instancia 1) milanesadecarne
[INFO] 01:21:55:734 COORDOP/(6478:6516): ESI 2	SET platoprincipal:ingrediente2(Instancia 1) queso
[INFO] 01:22:48:113 COORDOP/(6576:6604): ESI 2	GET platoprincipal:ingrediente5(Instancia 1) 
[INFO] 01:22:49:117 COORDOP/(6576:6604): ESI 2	GET platoprincipal:ingrediente4(Instancia 1) 
[INFO] 01:22:50:123 COORDOP/(6576:6604): ESI 2	GET platoprincipal:ingrediente3(Instancia 1) 
[INFO] 01:22:51:128 COORDOP/(6576:6604): ESI 2	GET platoprincipal:ingrediente2(Instancia 1) 
[INFO] 01:40:23:604 COORDOP/(6932:6975): ESI 2	GET platoprincipal:ingrediente5(Instancia 1) 
[INFO] 01:40:24:609 COORDOP/(6932:6975): ESI 2	GET platoprincipal:ingrediente4(Instancia 1) 
[INFO] 01:40:25:614 COORDOP/(6932:6975): ESI 2	GET platoprincipal:ingrediente3(Instancia 1) 
[INFO] 01:40:26:619 COORDOP/(6932:6975): ESI 2	GET platoprincipal:ingrediente2(Instancia 1) 
[INFO] 01:52:37:48 COORDOP/(7133:7177): ESI 2	GET platoprincipal:ingrediente5(Instancia 1) 
[INFO] 01:52:38:53 COORDOP/(7133:7177): ESI 2	GET platoprincipal:ingrediente4(Instancia 1) 
[INFO] 01:52:39:59 COORDOP/(7133:7177): ESI 2	GET platoprincipal:ingrediente3(Instancia 1) 
[INFO] 01:52:40:63 COORDOP/(7133:7177): ESI 2	GET platoprincipal:ingrediente2(Instancia 1) 
[INFO] 01:59:55:53 COORDOP/(7282:7313): ESI 2	GET platoprincipal:ingrediente5(Instancia 1) 
[INFO] 01:59:56:58 COORDOP/(7282:7313): ESI 2	GET platoprincipal:ingrediente4(Instancia 1) 
[INFO] 01:59:57:63 COORDOP/(7282:7313): ESI 2	GET platoprincipal:ingrediente3(Instancia 1) 
[INFO] 01:59:58:67 COORDOP/(7282:7313): ESI 2	GET platoprincipal:ingrediente2(Instancia 1) 
[INFO] 01:59:59:74 COORDOP/(7282:7313): ESI 2	GET platoprincipal:ingrediente1(Instancia 1) 
[INFO] 02:00:26:260 COORDOP/(7350:7379): ESI 2	GET platoprincipal:ingrediente5(Instancia 1) 
[INFO] 02:00:27:264 COORDOP/(7350:7379): ESI 2	GET platoprincipal:ingrediente4(Instancia 1) 
[INFO] 02:00:28:270 COORDOP/(7350:7379): ESI 2	GET platoprincipal:ingrediente3(Instancia 1) 
[INFO] 02:00:55:227 COORDOP/(7350:7379): ESI 2	GET platoprincipal:ingrediente2(Instancia 1) 
[INFO] 02:06:00:691 COORDOP/(7434:7488): ESI 2	GET platoprincipal:ingrediente5(Instancia 1) 
[INFO] 02:06:01:695 COORDOP/(7434:7488): ESI 2	GET platoprincipal:ingrediente4(Instancia 1) 
[INFO] 02:06:02:700 COORDOP/(7434:7488): ESI 2	GET platoprincipal:ingrediente3(Instancia 1) 
[INFO] 02:06:03:706 COORDOP/(7434:7488): ESI 2	GET platoprincipal:ingrediente2(Instancia 1) 
[INFO] 02:16:49:887 COORDOP/(7749:7778): ESI 2	GET platoprincipal:ingrediente5(Instancia 1) 
[INFO] 02:16:50:892 COORDOP/(7749:7778): ESI 2	GET platoprincipal:ingrediente4(Instancia 1) 
[INFO] 02:16:51:897 COORDOP/(7749:7778): ESI 2	GET platoprincipal:ingrediente3(Instancia 1) 
[INFO] 02:17:30:866 COORDOP/(7826:7865): ESI 2	GET platoprincipal:ingrediente5(Instancia 1) 
[INFO] 02:17:31:870 COORDOP/(7826:7865): ESI 2	GET platoprincipal:ingrediente4(Instancia 1) 
[INFO] 02:17:32:874 COORDOP/(7826:7865): ESI 2	GET platoprincipal:ingrediente3(Instancia 1) 
[INFO] 02:18:52:980 COORDOP/(7826:7865): ESI 2	GET platoprincipal:ingrediente2(Instancia 1) 
[INFO] 02:18:53:994 COORDOP/(7826:7867): ESI 1	GET e3:sony:juegos(Instancia 1) 
[INFO] 02:18:54:999 COORDOP/(7826:7867): ESI 1	GET e3:microsoft:juegos(Instancia 1) 
[INFO] 02:18:56:5 COORDOP/(7826:7867): ESI 1	SET e3:sony:juegos(Instancia 1) TLOU2
[INFO] 02:18:57:10 COORDOP/(7826:7867): ESI 1	SET e3:sony:juegos(Instancia 1) Spiderman
[INFO] 02:18:58:15 COORDOP/(7826:7867): ESI 1	SET e3:sony:juegos(Instancia 1) GhostOfTsushima
[INFO] 02:18:59:21 COORDOP/(7826:7867): ESI 1	SET e3:sony:juegos(Instancia 1) DeathStranding
[INFO] 02:19:00:27 COORDOP/(7826:7867): ESI 1	SET e3:sony:juegos(Instancia 1) ResidenEvil2Remake
[INFO] 02:19:01:31 COORDOP/(7826:7867): ESI 1	SET e3:sony:juegos(Instancia 1) Destiny2DLCForsaken
[INFO] 02:19:02:37 COORDOP/(7826:7867): ESI 1	SET e3:microsoft:juegos(Instancia 1) DLCCuphead
[INFO] 02:19:03:43 COORDOP/(7826:7867): ESI 1	SET e3:microsoft:juegos(Instancia 1) ForzaHorizon4
[INFO] 02:19:04:48 COORDOP/(7826:7867): ESI 1	SET e3:microsoft:juegos(Instancia 1) Gears5
[INFO] 02:19:05:54 COORDOP/(7826:7867): ESI 1	SET e3:microsoft:juegos(Instancia 1) MetroExodus
[INFO] 02:19:06:58 COORDOP/(7826:7867): ESI 1	SET e3:microsoft:juegos(Instancia 1) Fallout76
[INFO] 02:19:07:64 COORDOP/(7826:7867): ESI 1	SET e3:microsoft:juegos(Instancia 1) TheDivision2
[INFO] 02:19:08:73 COORDOP/(7826:7867): ESI 1	SET e3:microsoft:juegos(Instancia 1) DyingLight2
[INFO] 02:19:09:78 COORDOP/(7826:7867): ESI 1	SET e3:microsoft:juegos(Instancia 1) Crackdown3
[INFO] 02:19:10:83 COORDOP/(7826:7867): ESI 1	SET e3:microsoft:juegos(Instancia 1) HaloInfinite
[INFO] 02:19:11:90 COORDOP/(7826:7867): ESI 1	SET e3:microsoft:juegos(Instancia 1) KingdomHearts3
[INFO] 02:19:12:95 COORDOP/(7826:7867): ESI 1	STORE e3:microsoft:juegos(Instancia 1) 
[INFO] 02:19:13:101 COORDOP/(7826:7867): ESI 1	STORE e3:sony:juegos(Instancia 1) 
[INFO] 02:45:02:260 COORDOP/(8290:8352): ESI 2	GET platoprincipal:ingrediente5(Instancia 1) 
[INFO] 02:45:03:267 COORDOP/(8290:8352): ESI 2	GET platoprincipal:ingrediente4(Instancia 1) 
[INFO] 02:45:04:270 COORDOP/(8290:8352): ESI 2	GET platoprincipal:ingrediente3(Instancia 1) 
[INFO] 02:45:05:273 COORDOP/(8290:8352): ESI 2	GET platoprincipal:ingrediente2(Instancia 1) 
[INFO] 02:45:35:386 COORDOP/(8290:8355): ESI 1	GET e3:sony:juegos(Instancia 1) 
[INFO] 02:45:36:389 COORDOP/(8290:8355): ESI 1	GET e3:microsoft:juegos(Instancia 1) 
[INFO] 02:45:37:393 COORDOP/(8290:8355): ESI 1	SET e3:sony:juegos(Instancia 1) TLOU2
[INFO] 02:45:38:395 COORDOP/(8290:8355): ESI 1	SET e3:sony:juegos(Instancia 1) Spiderman
[INFO] 02:45:39:398 COORDOP/(8290:8355): ESI 1	SET e3:sony:juegos(Instancia 1) GhostOfTsushima
[INFO] 02:45:40:401 COORDOP/(8290:8355): ESI 1	SET e3:sony:juegos(Instancia 1) DeathStranding
[INFO] 02:45:41:405 COORDOP/(8290:8355): ESI 1	SET e3:sony:juegos(Instancia 1) ResidenEvil2Remake
[INFO] 02:45:42:409 COORDOP/(8290:8355): ESI 1	SET e3:sony:juegos(Instancia 1) Destiny2DLCForsaken
[INFO] 02:45:43:412 COORDOP/(8290:8355): ESI 1	SET e3:microsoft:juegos(Instancia 1) DLCCuphead
[INFO] 02:45:44:415 COORDOP/(8290:8355): ESI 1	SET e3:microsoft:juegos(Instancia 1) ForzaHorizon4
[INFO] 02:45:45:417 COORDOP/(8290:8355): ESI 1	SET e3:microsoft:juegos(Instancia 1) Gears5
[INFO] 02:45:46:421 COORDOP/(8290:8355): ESI 1	SET e3:microsoft:juegos(Instancia 1) MetroExodus
[INFO] 02:45:47:424 COORDOP/(8290:8355): ESI 1	SET e3:microsoft:juegos(Instancia 1) Fallout76
[INFO] 02:45:48:428 COORDOP/(8290:8355): ESI 1	SET e3:microsoft:juegos(Instancia 1) TheDivision2
[INFO] 02:45:49:431 COORDOP/(8290:8355): ESI 1	SET e3:microsoft:juegos(Instancia 1) DyingLight2
[INFO] 02:45:50:434 COORDOP/(8290:8355): ESI 1	SET e3:microsoft:juegos(Instancia 1) Crackdown3
[INFO] 02:45:51:436 COORDOP/(8290:8355): ESI 1	SET e3:microsoft:juegos(Instancia 1) HaloInfinite
[INFO] 02:45:52:439 COORDOP/(8290:8355): ESI 1	SET e3:microsoft:juegos(Instancia 1) KingdomHearts3
[INFO] 02:45:53:441 COORDOP/(8290:8355): ESI 1	STORE e3:microsoft:juegos(Instancia 1) 
[INFO] 02:45:54:444 COORDOP/(8290:8355): ESI 1	STORE e3:sony:juegos(Instancia 1) 
[INFO] 02:47:21:18 COORDOP/(8436:8477): ESI 2	GET platoprincipal:ingrediente5(Instancia 1) 
[INFO] 02:47:22:21 COORDOP/(8436:8477): ESI 2	GET platoprincipal:ingrediente4(Instancia 1) 
[INFO] 02:47:23:24 COORDOP/(8436:8477): ESI 2	GET platoprincipal:ingrediente3(Instancia 1) 
[INFO] 02:47:45:890 COORDOP/(8436:8477): ESI 2	GET platoprincipal:ingrediente2(Instancia 1) 
[INFO] 02:47:46:894 COORDOP/(8436:8479): ESI 1	GET e3:sony:juegos(Instancia 1) 
[INFO] 02:47:47:896 COORDOP/(8436:8479): ESI 1	GET e3:microsoft:juegos(Instancia 1) 
[INFO] 02:47:48:899 COORDOP/(8436:8479): ESI 1	SET e3:sony:juegos(Instancia 1) TLOU2
[INFO] 02:47:49:902 COORDOP/(8436:8479): ESI 1	SET e3:sony:juegos(Instancia 1) Spiderman
[INFO] 02:47:50:905 COORDOP/(8436:8479): ESI 1	SET e3:sony:juegos(Instancia 1) GhostOfTsushima
[INFO] 02:47:51:908 COORDOP/(8436:8479): ESI 1	SET e3:sony:juegos(Instancia 1) DeathStranding
[INFO] 02:47:52:912 COORDOP/(8436:8479): ESI 1	SET e3:sony:juegos(Instancia 1) ResidenEvil2Remake
[INFO] 02:47:53:915 COORDOP/(8436:8479): ESI 1	SET e3:sony:juegos(Instancia 1) Destiny2DLCForsaken
[INFO] 02:47:54:919 COORDOP/(8436:8479): ESI 1	SET e3:microsoft:juegos(Instancia 1) DLCCuphead
[INFO] 02:47:55:922 COORDOP/(8436:8479): ESI 1	SET e3:microsoft:juegos(Instancia 1) ForzaHorizon4
[INFO] 02:47:56:925 COORDOP/(8436:8479): ESI 1	SET e3:microsoft:juegos(Instancia 1) Gears5
[INFO] 02:47:57:928 COORDOP/(8436:8479): ESI 1	SET e3:microsoft:juegos(Instancia 1) MetroExodus
[INFO] 02:47:58:931 COORDOP/(8436:8479): ESI 1	SET e3:microsoft:juegos(Instancia 1) Fallout76
[INFO] 02:47:59:934 COORDOP/(8436:8479): ESI 1	SET e3:microsoft:juegos(Instancia 1) TheDivision2
[INFO] 02:48:00:937 COORDOP/(8436:8479): ESI 1	SET e3:microsoft:juegos(Instancia 1) DyingLight2
[INFO] 02:48:01:940 COORDOP/(8436:8479): ESI 1	SET e3:microsoft:juegos(Instancia 1) Crackdown3
[INFO] 02:48:02:943 COORDOP/(8436:8479): ESI 1	SET e3:microsoft:juegos(Instancia 1) HaloInfinite
[INFO] 02:48:03:946 COORDOP/(8436:8479): ESI 1	SET e3:microsoft:juegos(Instancia 1) KingdomHearts3
[INFO] 02:48:04:950 COORDOP/(8436:8479): ESI 1	STORE e3:microsoft:juegos(Instancia 1) 
[INFO] 02:48:05:954 COORDOP/(8436:8479): ESI 1	STORE e3:sony:juegos(Instancia 1) 
[INFO] 02:55:27:13 COORDOP/(8680:8714): ESI 2	GET platoprincipal:ingrediente5(Instancia 1) 
[INFO] 02:55:47:734 COORDOP/(8680:8714): ESI 2	GET platoprincipal:ingrediente4(Instancia 1) 
[INFO] 02:55:52:693 COORDOP/(8680:8714): ESI 2	GET platoprincipal:ingrediente3(Instancia 1) 
[INFO] 02:55:55:94 COORDOP/(8680:8714): ESI 2	GET platoprincipal:ingrediente2(Instancia 1) 
[INFO] 02:58:44:397 COORDOP/(8680:8716): ESI 1	GET e3:sony:juegos(Instancia 1) 
[INFO] 02:58:59:234 COORDOP/(8680:8716): ESI 1	GET e3:microsoft:juegos(Instancia 1) 
[INFO] 02:59:30:346 COORDOP/(8680:8716): ESI 1	SET e3:sony:juegos(Instancia 1) TLOU2
[INFO] 02:59:53:595 COORDOP/(8680:8716): ESI 1	SET e3:sony:juegos(Instancia 1) Spiderman
[INFO] 03:00:05:891 COORDOP/(8680:8716): ESI 1	SET e3:sony:juegos(Instancia 1) GhostOfTsushima
[INFO] 03:00:11:392 COORDOP/(8680:8716): ESI 1	SET e3:sony:juegos(Instancia 1) DeathStranding
[INFO] 03:00:20:974 COORDOP/(8680:8716): ESI 1	SET e3:sony:juegos(Instancia 1) ResidenEvil2Remake
[INFO] 03:00:32:813 COORDOP/(8680:8716): ESI 1	SET e3:sony:juegos(Instancia 1) Destiny2DLCForsaken
[INFO] 03:00:37:249 COORDOP/(8680:8716): ESI 1	SET e3:microsoft:juegos(Instancia 1) DLCCuphead
[INFO] 03:00:52:316 COORDOP/(8680:8716): ESI 1	SET e3:microsoft:juegos(Instancia 1) ForzaHorizon4
[INFO] 03:00:55:699 COORDOP/(8680:8716): ESI 1	SET e3:microsoft:juegos(Instancia 1) Gears5
[INFO] 03:00:59:693 COORDOP/(8680:8716): ESI 1	SET e3:microsoft:juegos(Instancia 1) MetroExodus
[INFO] 03:01:03:133 COORDOP/(8680:8716): ESI 1	SET e3:microsoft:juegos(Instancia 1) Fallout76
[INFO] 03:01:05:778 COORDOP/(8680:8716): ESI 1	SET e3:microsoft:juegos(Instancia 1) TheDivision2
[INFO] 03:01:08:856 COORDOP/(8680:8716): ESI 1	SET e3:microsoft:juegos(Instancia 1) DyingLight2
[INFO] 03:01:12:193 COORDOP/(8680:8716): ESI 1	SET e3:microsoft:juegos(Instancia 1) Crackdown3
[INFO] 03:01:14:877 COORDOP/(8680:8716): ESI 1	SET e3:microsoft:juegos(Instancia 1) HaloInfinite
[INFO] 03:01:17:345 COORDOP/(8680:8716): ESI 1	SET e3:microsoft:juegos(Instancia 1) KingdomHearts3
[INFO] 03:05:06:849 COORDOP/(8680:8716): ESI 1	STORE e3:microsoft:juegos(Instancia 1) 
[INFO] 03:06:11:698 COORDOP/(9053:9097): ESI 2	GET platoprincipal:ingrediente5(Instancia 1) 
[INFO] 03:06:12:701 COORDOP/(9053:9097): ESI 2	GET platoprincipal:ingrediente4(Instancia 1) 
[INFO] 03:06:13:703 COORDOP/(9053:9097): ESI 2	GET platoprincipal:ingrediente3(Instancia 1) 
[INFO] 03:06:14:706 COORDOP/(9053:9097): ESI 2	GET platoprincipal:ingrediente2(Instancia 1) 
[INFO] 03:06:15:710 COORDOP/(9053:9099): ESI 1	GET e3:sony:juegos(Instancia 1) 
[INFO] 03:06:16:713 COORDOP/(9053:9099): ESI 1	GET e3:microsoft:juegos(Instancia 1) 
[INFO] 03:06:17:714 COORDOP/(9053:9099): ESI 1	SET e3:sony:juegos(Instancia 1) TLOU2
[INFO] 03:06:18:717 COORDOP/(9053:9099): ESI 1	SET e3:sony:juegos(Instancia 1) Spiderman
[INFO] 03:06:19:719 COORDOP/(9053:9099): ESI 1	SET e3:sony:juegos(Instancia 1) GhostOfTsushima
[INFO] 03:06:20:723 COORDOP/(9053:9099): ESI 1	SET e3:sony:juegos(Instancia 1) DeathStranding
[INFO] 03:06:21:725 COORDOP/(9053:9099): ESI 1	SET e3:sony:juegos(Instancia 1) ResidenEvil2Remake
[INFO] 03:06:22:729 COORDOP/(9053:9099): ESI 1	SET e3:sony:juegos(Instancia 1) Destiny2DLCForsaken
[INFO] 03:06:23:733 COORDOP/(9053:9099): ESI 1	SET e3:microsoft:juegos(Instancia 1) DLCCuphead
[INFO] 03:06:24:737 COORDOP/(9053:9099): ESI 1	SET e3:microsoft:juegos(Instancia 1) ForzaHorizon4
[INFO] 03:06:25:740 COORDOP/(9053:9099): ESI 1	SET e3:microsoft:juegos(Instancia 1) Gears5
[INFO] 03:06:26:742 COORDOP/(9053:9099): ESI 1	SET e3:microsoft:juegos(Instancia 1) MetroExodus
[INFO] 03:06:27:745 COORDOP/(9053:9099): ESI 1	SET e3:microsoft:juegos(Instancia 1) Fallout76
[INFO] 03:06:28:748 COORDOP/(9053:9099): ESI 1	SET e3:microsoft:juegos(Instancia 1) TheDivision2
[INFO] 03:06:29:751 COORDOP/(9053:9099): ESI 1	SET e3:microsoft:juegos(Instancia 1) DyingLight2
[INFO] 03:06:30:756 COORDOP/(9053:9099): ESI 1	SET e3:microsoft:juegos(Instancia 1) Crackdown3
[INFO] 03:06:31:759 COORDOP/(9053:9099): ESI 1	SET e3:microsoft:juegos(Instancia 1) HaloInfinite
[INFO] 03:06:32:761 COORDOP/(9053:9099): ESI 1	SET e3:microsoft:juegos(Instancia 1) KingdomHearts3
[INFO] 03:06:33:764 COORDOP/(9053:9099): ESI 1	STORE e3:microsoft:juegos(Instancia 1) 
[INFO] 03:06:34:767 COORDOP/(9053:9099): ESI 1	STORE e3:sony:juegos(Instancia 1) 
[INFO] 03:53:11:997 COORDOP/(3855:3872): ESI 1	GET e3:sony:juegos(Instancia 1) 
[INFO] 03:53:13:3 COORDOP/(3855:3872): ESI 1	GET e3:microsoft:juegos(Instancia 1) 
[INFO] 03:53:14:5 COORDOP/(3855:3872): ESI 1	SET e3:sony:juegos(Instancia 1) TLOU2
[INFO] 03:57:11:171 COORDOP/(3922:3937): ESI 2	GET platoprincipal:ingrediente5(Instancia 1) 
[INFO] 03:57:12:172 COORDOP/(3922:3937): ESI 2	GET platoprincipal:ingrediente4(Instancia 1) 
[INFO] 03:57:13:173 COORDOP/(3922:3937): ESI 2	GET platoprincipal:ingrediente3(Instancia 1) 
[INFO] 03:57:14:173 COORDOP/(3922:3937): ESI 2	GET platoprincipal:ingrediente2(Instancia 1) 
[INFO] 03:57:15:175 COORDOP/(3922:3937): ESI 2	GET platoprincipal:ingrediente1(Instancia 1) 
[INFO] 03:57:16:175 COORDOP/(3922:3937): ESI 2	SET platoprincipal:ingrediente1(Instancia 1) milanesadecarne
[INFO] 03:57:17:178 COORDOP/(3922:3937): ESI 2	SET platoprincipal:ingrediente2(Instancia 1) queso
[INFO] 03:57:18:180 COORDOP/(3922:3937): ESI 2	SET platoprincipal:ingrediente3(Instancia 1) jamon
[INFO] 03:57:19:181 COORDOP/(3922:3937): ESI 2	SET platoprincipal:ingrediente4(Instancia 1) lechuga
[INFO] 03:57:20:183 COORDOP/(3922:3937): ESI 2	SET platoprincipal:ingrediente5(Instancia 1) tomate
[INFO] 03:57:21:184 COORDOP/(3922:3937): ESI 2	STORE platoprincipal:ingrediente1(Instancia 1) 
[INFO] 03:57:22:186 COORDOP/(3922:3937): ESI 2	STORE platoprincipal:ingrediente2(Instancia 1) 
[INFO] 03:57:23:188 COORDOP/(3922:3937): ESI 2	STORE platoprincipal:ingrediente3(Instancia 1) 
[INFO] 03:57:24:189 COORDOP/(3922:3937): ESI 2	STORE platoprincipal:ingrediente4(Instancia 1) 
[INFO] 03:57:25:190 COORDOP/(3922:3937): ESI 2	STORE platoprincipal:ingrediente5(Instancia 1) 
[INFO] 03:57:43:568 COORDOP/(3922:3935): ESI 1	GET e3:microsoft:juegos(Instancia 1) 
[INFO] 04:00:58:237 COORDOP/(4039:4058): ESI 2	GET platoprincipal:ingrediente5(Instancia 1) 
[INFO] 04:01:01:66 COORDOP/(4039:4058): ESI 2	GET platoprincipal:ingrediente4(Instancia 1) 
[INFO] 04:01:02:929 COORDOP/(4039:4058): ESI 2	GET platoprincipal:ingrediente3(Instancia 1) 
[INFO] 04:01:04:630 COORDOP/(4039:4058): ESI 2	GET platoprincipal:ingrediente2(Instancia 1) 
[INFO] 04:01:06:337 COORDOP/(4039:4058): ESI 2	GET platoprincipal:ingrediente1(Instancia 1) 
[INFO] 04:01:08:5 COORDOP/(4039:4058): ESI 2	SET platoprincipal:ingrediente1(Instancia 1) milanesadecarne
[INFO] 04:01:09:760 COORDOP/(4039:4058): ESI 2	SET platoprincipal:ingrediente2(Instancia 1) queso
[INFO] 04:01:11:522 COORDOP/(4039:4058): ESI 2	SET platoprincipal:ingrediente3(Instancia 1) jamon
[INFO] 04:01:13:39 COORDOP/(4039:4058): ESI 2	SET platoprincipal:ingrediente4(Instancia 1) lechuga
[INFO] 04:01:14:566 COORDOP/(4039:4058): ESI 2	SET platoprincipal:ingrediente5(Instancia 1) tomate
[INFO] 04:01:16:85 COORDOP/(4039:4058): ESI 2	STORE platoprincipal:ingrediente1(Instancia 1) 
[INFO] 04:01:17:622 COORDOP/(4039:4058): ESI 2	STORE platoprincipal:ingrediente2(Instancia 1) 
[INFO] 04:01:45:483 COORDOP/(4039:4058): ESI 2	STORE platoprincipal:ingrediente3(Instancia 1) 
[INFO] 04:01:49:890 COORDOP/(4039:4058): ESI 2	STORE platoprincipal:ingrediente4(Instancia 1) 
[INFO] 04:01:52:966 COORDOP/(4039:4058): ESI 2	STORE platoprincipal:ingrediente5(Instancia 1) 
[INFO] 05:42:06:867 COORDOP/(7495:7550): ESI 1	GET e3:sony:juegos(Instancia 1) 
[INFO] 05:42:07:875 COORDOP/(7495:7550): ESI 1	GET e3:microsoft:juegos(Instancia 1) 
[INFO] 05:42:08:877 COORDOP/(7495:7550): ESI 1	SET e3:sony:juegos(Instancia 1) TLOU2
[INFO] 05:42:09:880 COORDOP/(7495:7550): ESI 1	SET e3:sony:juegos(Instancia 1) Spiderman
[INFO] 05:42:10:883 COORDOP/(7495:7550): ESI 1	SET e3:sony:juegos(Instancia 1) GhostOfTsushima
[INFO] 05:42:11:886 COORDOP/(7495:7550): ESI 1	SET e3:sony:juegos(Instancia 1) DeathStranding
[INFO] 05:42:12:889 COORDOP/(7495:7550): ESI 1	SET e3:sony:juegos(Instancia 1) ResidenEvil2Remake
[INFO] 05:42:13:893 COORDOP/(7495:7550): ESI 1	SET e3:sony:juegos(Instancia 1) Destiny2DLCForsaken
[INFO] 05:42:14:896 COORDOP/(7495:7550): ESI 1	SET e3:microsoft:juegos(Instancia 1) DLCCuphead
[INFO] 05:42:15:899 COORDOP/(7495:7550): ESI 1	SET e3:microsoft:juegos(Instancia 1) ForzaHorizon4
[INFO] 05:42:16:902 COORDOP/(7495:7550): ESI 1	SET e3:microsoft:juegos(Instancia 1) Gears5
[INFO] 05:42:17:905 COORDOP/(7495:7550): ESI 1	SET e3:microsoft:juegos(Instancia 1) MetroExodus
[INFO] 05:42:18:908 COORDOP/(7495:7550): ESI 1	SET e3:microsoft:juegos(Instancia 1) Fallout76
[INFO] 05:42:19:911 COORDOP/(7495:7550): ESI 1	SET e3:microsoft:juegos(Instancia 1) TheDivision2
[INFO] 05:42:20:915 COORDOP/(7495:7550): ESI 1	SET e3:microsoft:juegos(Instancia 1) DyingLight2
[INFO] 05:42:21:918 COORDOP/(7495:7550): ESI 1	SET e3:microsoft:juegos(Instancia 1) Crackdown3
[INFO] 05:42:22:921 COORDOP/(7495:7550): ESI 1	SET e3:microsoft:juegos(Instancia 1) HaloInfinite
[INFO] 05:42:23:923 COORDOP/(7495:7550): ESI 1	SET e3:microsoft:juegos(Instancia 1) KingdomHearts3
[INFO] 05:42:24:925 COORDOP/(7495:7550): ESI 1	STORE e3:microsoft:juegos(Instancia 1) 
[INFO] 05:42:25:929 COORDOP/(7495:7550): ESI 1	STORE e3:sony:juegos(Instancia 1) 
[INFO] 05:42:26:936 COORDOP/(7495:7552): ESI 2	GET platoprincipal:ingrediente5(Instancia 1) 
[INFO] 05:42:27:939 COORDOP/(7495:7552): ESI 2	GET platoprincipal:ingrediente4(Instancia 1) 
[INFO] 05:42:28:942 COORDOP/(7495:7552): ESI 2	GET platoprincipal:ingrediente3(Instancia 1) 
[INFO] 05:42:29:944 COORDOP/(7495:7552): ESI 2	GET platoprincipal:ingrediente2(Instancia 1) 
[INFO] 05:42:30:948 COORDOP/(7495:7552): ESI 2	GET platoprincipal:ingrediente1(Instancia 1) 
[INFO] 05:42:31:951 COORDOP/(7495:7552): ESI 2	SET platoprincipal:ingrediente1(Instancia 1) milanesadecarne
[INFO] 05:42:32:956 COORDOP/(7495:7552): ESI 2	SET platoprincipal:ingrediente2(Instancia 1) queso
[INFO] 05:42:33:959 COORDOP/(7495:7552): ESI 2	SET platoprincipal:ingrediente3(Instancia 1) jamon
[INFO] 05:42:34:962 COORDOP/(7495:7552): ESI 2	SET platoprincipal:ingrediente4(Instancia 1) lechuga
[INFO] 05:42:35:965 COORDOP/(7495:7552): ESI 2	SET platoprincipal:ingrediente5(Instancia 1) tomate
[INFO] 05:42:36:969 COORDOP/(7495:7552): ESI 2	STORE platoprincipal:ingrediente1(Instancia 1) 
[INFO] 05:42:37:973 COORDOP/(7495:7552): ESI 2	STORE platoprincipal:ingrediente2(Instancia 1) 
[INFO] 05:42:38:976 COORDOP/(7495:7552): ESI 2	STORE platoprincipal:ingrediente3(Instancia 1) 
[INFO] 05:42:39:980 COORDOP/(7495:7552): ESI 2	STORE platoprincipal:ingrediente4(Instancia 1) 
[INFO] 05:42:40:982 COORDOP/(7495:7552): ESI 2	STORE platoprincipal:ingrediente5(Instancia 1) 
[INFO] 05:42:49:438 COORDOP/(7495:7633): ESI 1	GET e3:sony:juegos(Instancia 1) 
[INFO] 05:42:50:441 COORDOP/(7495:7633): ESI 1	GET e3:microsoft:juegos(Instancia 1) 
[INFO] 05:42:51:443 COORDOP/(7495:7633): ESI 1	SET e3:sony:juegos(Instancia 1) TLOU2
[INFO] 05:42:52:446 COORDOP/(7495:7633): ESI 1	SET e3:sony:juegos(Instancia 1) Spiderman
[INFO] 05:42:53:448 COORDOP/(7495:7633): ESI 1	SET e3:sony:juegos(Instancia 1) GhostOfTsushima
[INFO] 05:44:16:302 COORDOP/(7654:7701): ESI 2	GET platoprincipal:ingrediente5(Instancia 1) 
[INFO] 05:44:17:304 COORDOP/(7654:7701): ESI 2	GET platoprincipal:ingrediente4(Instancia 1) 
[INFO] 05:44:18:307 COORDOP/(7654:7701): ESI 2	GET platoprincipal:ingrediente3(Instancia 1) 
[INFO] 05:44:19:310 COORDOP/(7654:7701): ESI 2	GET platoprincipal:ingrediente2(Instancia 1) 
[INFO] 05:44:20:314 COORDOP/(7654:7701): ESI 2	GET platoprincipal:ingrediente1(Instancia 1) 
[INFO] 05:44:21:317 COORDOP/(7654:7701): ESI 2	SET platoprincipal:ingrediente1(Instancia 1) milanesadecarne
[INFO] 05:44:22:319 COORDOP/(7654:7701): ESI 2	SET platoprincipal:ingrediente2(Instancia 1) queso
[INFO] 05:44:23:321 COORDOP/(7654:7701): ESI 2	SET platoprincipal:ingrediente3(Instancia 1) jamon
[INFO] 05:44:24:324 COORDOP/(7654:7701): ESI 2	SET platoprincipal:ingrediente4(Instancia 1) lechuga
[INFO] 05:44:25:327 COORDOP/(7654:7701): ESI 2	SET platoprincipal:ingrediente5(Instancia 1) tomate
[INFO] 05:44:26:330 COORDOP/(7654:7701): ESI 2	STORE platoprincipal:ingrediente1(Instancia 1) 
[INFO] 05:44:27:334 COORDOP/(7654:7701): ESI 2	STORE platoprincipal:ingrediente2(Instancia 1) 
[INFO] 05:44:28:337 COORDOP/(7654:7701): ESI 2	STORE platoprincipal:ingrediente3(Instancia 1) 
[INFO] 05:44:29:340 COORDOP/(7654:7701): ESI 2	STORE platoprincipal:ingrediente4(Instancia 1) 
[INFO] 05:44:30:343 COORDOP/(7654:7701): ESI 2	STORE platoprincipal:ingrediente5(Instancia 1) 
[INFO] 05:45:04:94 COORDOP/(7654:7699): ESI 1	GET e3:microsoft:juegos(Instancia 1) 
[INFO] 05:45:05:97 COORDOP/(7654:7699): ESI 1	SET e3:sony:juegos(Instancia 1) TLOU2
[INFO] 05:45:06:100 COORDOP/(7654:7699): ESI 1	SET e3:sony:juegos(Instancia 1) Spiderman
[INFO] 05:45:07:103 COORDOP/(7654:7699): ESI 1	SET e3:sony:juegos(Instancia 1) GhostOfTsushima
[INFO] 05:45:08:106 COORDOP/(7654:7699): ESI 1	SET e3:sony:juegos(Instancia 1) DeathStranding
[INFO] 05:45:09:108 COORDOP/(7654:7699): ESI 1	SET e3:sony:juegos(Instancia 1) ResidenEvil2Remake
[INFO] 05:45:10:112 COORDOP/(7654:7699): ESI 1	SET e3:sony:juegos(Instancia 1) Destiny2DLCForsaken
[INFO] 05:45:11:114 COORDOP/(7654:7699): ESI 1	SET e3:microsoft:juegos(Instancia 1) DLCCuphead
[INFO] 05:45:12:117 COORDOP/(7654:7699): ESI 1	SET e3:microsoft:juegos(Instancia 1) ForzaHorizon4
[INFO] 05:45:13:119 COORDOP/(7654:7699): ESI 1	SET e3:microsoft:juegos(Instancia 1) Gears5
[INFO] 05:45:14:121 COORDOP/(7654:7699): ESI 1	SET e3:microsoft:juegos(Instancia 1) MetroExodus
[INFO] 05:45:15:125 COORDOP/(7654:7699): ESI 1	SET e3:microsoft:juegos(Instancia 1) Fallout76
[INFO] 05:45:16:128 COORDOP/(7654:7699): ESI 1	SET e3:microsoft:juegos(Instancia 1) TheDivision2
[INFO] 05:45:17:132 COORDOP/(7654:7699): ESI 1	SET e3:microsoft:juegos(Instancia 1) DyingLight2
[INFO] 05:45:18:136 COORDOP/(7654:7699): ESI 1	SET e3:microsoft:juegos(Instancia 1) Crackdown3
[INFO] 05:45:19:139 COORDOP/(7654:7699): ESI 1	SET e3:microsoft:juegos(Instancia 1) HaloInfinite
[INFO] 05:45:20:141 COORDOP/(7654:7699): ESI 1	SET e3:microsoft:juegos(Instancia 1) KingdomHearts3
[INFO] 05:45:21:144 COORDOP/(7654:7699): ESI 1	STORE e3:microsoft:juegos(Instancia 1) 
[INFO] 05:45:22:147 COORDOP/(7654:7699): ESI 1	STORE e3:sony:juegos(Instancia 1) 
[INFO] 16:40:31:690 COORDOP/(7567:7631): ESI 1	GET e3:sony:juegos(Instancia 1) 
[INFO] 16:40:32:697 COORDOP/(7567:7631): ESI 1	GET e3:microsoft:juegos(Instancia 1) 
[INFO] 16:40:33:704 COORDOP/(7567:7631): ESI 1	SET e3:sony:juegos(Instancia 1) TLOU2
[INFO] 16:40:34:709 COORDOP/(7567:7631): ESI 1	SET e3:sony:juegos(Instancia 1) Spiderman
[INFO] 16:40:35:715 COORDOP/(7567:7631): ESI 1	SET e3:sony:juegos(Instancia 1) GhostOfTsushima
[INFO] 16:40:36:721 COORDOP/(7567:7631): ESI 1	SET e3:sony:juegos(Instancia 1) DeathStranding
[INFO] 16:40:37:726 COORDOP/(7567:7631): ESI 1	SET e3:sony:juegos(Instancia 1) ResidenEvil2Remake
[INFO] 16:40:38:732 COORDOP/(7567:7631): ESI 1	SET e3:sony:juegos(Instancia 1) Destiny2DLCForsaken
[INFO] 16:40:39:740 COORDOP/(7567:7631): ESI 1	SET e3:microsoft:juegos(Instancia 1) DLCCuphead
[INFO] 16:40:40:744 COORDOP/(7567:7631): ESI 1	SET e3:microsoft:juegos(Instancia 1) ForzaHorizon4
[INFO] 16:40:41:750 COORDOP/(7567:7631): ESI 1	SET e3:microsoft:juegos(Instancia 1) Gears5
[INFO] 16:40:42:757 COORDOP/(7567:7631): ESI 1	SET e3:microsoft:juegos(Instancia 1) MetroExodus
[INFO] 16:40:43:764 COORDOP/(7567:7631): ESI 1	SET e3:microsoft:juegos(Instancia 1) Fallout76
[INFO] 16:40:44:771 COORDOP/(7567:7631): ESI 1	SET e3:microsoft:juegos(Instancia 1) TheDivision2
[INFO] 16:40:45:778 COORDOP/(7567:7631): ESI 1	SET e3:microsoft:juegos(Instancia 1) DyingLight2
[INFO] 16:40:46:783 COORDOP/(7567:7631): ESI 1	SET e3:microsoft:juegos(Instancia 1) Crackdown3
[INFO] 16:40:47:789 COORDOP/(7567:7631): ESI 1	SET e3:microsoft:juegos(Instancia 1) HaloInfinite
[INFO] 16:40:48:794 COORDOP/(7567:7631): ESI 1	SET e3:microsoft:juegos(Instancia 1) KingdomHearts3
[INFO] 16:40:49:801 COORDOP/(7567:7631): ESI 1	STORE e3:microsoft:juegos(Instancia 1) 
[INFO] 16:40:50:806 COORDOP/(7567:7631): ESI 1	STORE e3:sony:juegos(Instancia 1) 
[INFO] 16:40:51:818 COORDOP/(7567:7633): ESI 2	GET platoprincipal:ingrediente5(Instancia 1) 
[INFO] 16:40:52:823 COORDOP/(7567:7633): ESI 2	GET platoprincipal:ingrediente4(Instancia 1) 
[INFO] 16:40:53:830 COORDOP/(7567:7633): ESI 2	GET platoprincipal:ingrediente3(Instancia 1) 
[INFO] 16:40:54:838 COORDOP/(7567:7633): ESI 2	GET platoprincipal:ingrediente2(Instancia 1) 
[INFO] 16:40:55:846 COORDOP/(7567:7633): ESI 2	GET platoprincipal:ingrediente1(Instancia 1) 
[INFO] 16:40:56:851 COORDOP/(7567:7633): ESI 2	SET platoprincipal:ingrediente1(Instancia 1) milanesadecarne
[INFO] 16:40:57:856 COORDOP/(7567:7633): ESI 2	SET platoprincipal:ingrediente2(Instancia 1) queso
[INFO] 16:40:58:862 COORDOP/(7567:7633): ESI 2	SET platoprincipal:ingrediente3(Instancia 1) jamon
[INFO] 16:40:59:869 COORDOP/(7567:7633): ESI 2	SET platoprincipal:ingrediente4(Instancia 1) lechuga
[INFO] 16:41:00:877 COORDOP/(7567:7633): ESI 2	SET platoprincipal:ingrediente5(Instancia 1) tomate
[INFO] 16:41:01:882 COORDOP/(7567:7633): ESI 2	STORE platoprincipal:ingrediente1(Instancia 1) 
[INFO] 16:41:02:886 COORDOP/(7567:7633): ESI 2	STORE platoprincipal:ingrediente2(Instancia 1) 
[INFO] 16:41:03:893 COORDOP/(7567:7633): ESI 2	STORE platoprincipal:ingrediente3(Instancia 1) 
[INFO] 16:41:04:899 COORDOP/(7567:7633): ESI 2	STORE platoprincipal:ingrediente4(Instancia 1) 
[INFO] 16:41:05:906 COORDOP/(7567:7633): ESI 2	STORE platoprincipal:ingrediente5(Instancia 1) 
[INFO] 16:41:59:105 COORDOP/(7567:7717): ESI 3	GET sony:consola:ps1(Instancia 1) 
[INFO] 16:42:00:110 COORDOP/(7567:7717): ESI 3	GET sony:consola:ps2(Instancia 1) 
[INFO] 16:42:01:117 COORDOP/(7567:7717): ESI 3	GET sony:consola:ps3(Instancia 1) 
[INFO] 16:42:02:123 COORDOP/(7567:7717): ESI 3	GET sony:consola:ps4(Instancia 1) 
[INFO] 16:42:03:129 COORDOP/(7567:7717): ESI 3	GET microsoft:consola:xbox(Instancia 1) 
[INFO] 16:42:04:134 COORDOP/(7567:7717): ESI 3	GET microsoft:consola:xbox360(Instancia 1) 
[INFO] 16:42:05:143 COORDOP/(7567:7717): ESI 3	GET microsoft:consola:xboxone(Instancia 1) 
[INFO] 16:42:06:148 COORDOP/(7567:7717): ESI 3	GET nintendo:consola:nes(Instancia 1) 
[INFO] 16:42:07:157 COORDOP/(7567:7717): ESI 3	GET nintendo:consola:snes(Instancia 1) 
[INFO] 16:42:08:163 COORDOP/(7567:7717): ESI 3	GET nintendo:consola:nintendo64(Instancia 1) 
[INFO] 16:42:09:170 COORDOP/(7567:7717): ESI 3	GET nintendo:consola:gamecube(Instancia 1) 
[INFO] 16:42:10:177 COORDOP/(7567:7717): ESI 3	GET nintendo:consola:wii(Instancia 1) 
[INFO] 16:42:11:184 COORDOP/(7567:7717): ESI 3	GET nintendo:consola:wiiu(Instancia 1) 
[INFO] 16:42:12:192 COORDOP/(7567:7717): ESI 3	GET nintendo:consola:switch(Instancia 1) 
[INFO] 16:42:13:198 COORDOP/(7567:7717): ESI 3	SET nintendo:consola:nes(Instancia 1) Mario
[INFO] 16:42:14:203 COORDOP/(7567:7717): ESI 3	SET nintendo:consola:snes(Instancia 1) SuperMario
[INFO] 16:42:15:208 COORDOP/(7567:7717): ESI 3	SET nintendo:consola:nintendo64(Instancia 1) Mario64
[INFO] 16:42:16:213 COORDOP/(7567:7717): ESI 3	SET nintendo:consola:gamecube(Instancia 1) Mario
[INFO] 16:42:17:219 COORDOP/(7567:7717): ESI 3	SET nintendo:consola:wii(Instancia 1) MarioGalaxy
[INFO] 16:42:18:227 COORDOP/(7567:7717): ESI 3	SET nintendo:consola:wiiu(Instancia 1) RIP
[INFO] 16:42:19:233 COORDOP/(7567:7717): ESI 3	SET nintendo:consola:switch(Instancia 1) MarioOddysey
[INFO] 16:42:20:239 COORDOP/(7567:7717): ESI 3	SET sony:consola:ps1(Instancia 1) FinalFantasy
[INFO] 16:42:21:244 COORDOP/(7567:7717): ESI 3	SET sony:consola:ps2(Instancia 1) GodOfWar
[INFO] 16:42:22:250 COORDOP/(7567:7717): ESI 3	SET sony:consola:ps3(Instancia 1) TLOU
[INFO] 16:42:23:257 COORDOP/(7567:7717): ESI 3	SET sony:consola:ps4(Instancia 1) Bloodborne
[INFO] 16:42:24:262 COORDOP/(7567:7717): ESI 3	SET microsoft:consola:xbox(Instancia 1) Halo
[INFO] 16:42:25:267 COORDOP/(7567:7717): ESI 3	SET microsoft:consola:xbox360(Instancia 1) Halo
[INFO] 16:42:26:272 COORDOP/(7567:7717): ESI 3	SET microsoft:consola:xboxone(Instancia 1) Halo
[INFO] 16:54:21:333 COORDOP/(8094:8123): ESI 1	GET e3:sony:juegos(Instancia 1) 
[INFO] 16:54:22:342 COORDOP/(8094:8123): ESI 1	GET e3:microsoft:juegos(Instancia 1) 
[INFO] 16:54:23:346 COORDOP/(8094:8123): ESI 1	SET e3:sony:juegos(Instancia 1) TLOU2
[INFO] 16:54:24:352 COORDOP/(8094:8123): ESI 1	SET e3:sony:juegos(Instancia 1) Spiderman
[INFO] 16:54:25:358 COORDOP/(8094:8123): ESI 1	SET e3:sony:juegos(Instancia 1) GhostOfTsushima
[INFO] 16:54:26:365 COORDOP/(8094:8123): ESI 1	SET e3:sony:juegos(Instancia 1) DeathStranding
[INFO] 16:54:27:370 COORDOP/(8094:8123): ESI 1	SET e3:sony:juegos(Instancia 1) ResidenEvil2Remake
[INFO] 16:54:28:378 COORDOP/(8094:8123): ESI 1	SET e3:sony:juegos(Instancia 1) Destiny2DLCForsaken
[INFO] 16:54:29:384 COORDOP/(8094:8123): ESI 1	SET e3:microsoft:juegos(Instancia 1) DLCCuphead
[INFO] 16:54:30:390 COORDOP/(8094:8123): ESI 1	SET e3:microsoft:juegos(Instancia 1) ForzaHorizon4
[INFO] 16:54:31:398 COORDOP/(8094:8123): ESI 1	SET e3:microsoft:juegos(Instancia 1) Gears5
[INFO] 16:54:32:404 COORDOP/(8094:8123): ESI 1	SET e3:microsoft:juegos(Instancia 1) MetroExodus
[INFO] 16:54:33:408 COORDOP/(8094:8123): ESI 1	SET e3:microsoft:juegos(Instancia 1) Fallout76
[INFO] 16:54:34:413 COORDOP/(8094:8123): ESI 1	SET e3:microsoft:juegos(Instancia 1) TheDivision2
[INFO] 16:54:35:419 COORDOP/(8094:8123): ESI 1	SET e3:microsoft:juegos(Instancia 1) DyingLight2
[INFO] 16:54:36:426 COORDOP/(8094:8123): ESI 1	SET e3:microsoft:juegos(Instancia 1) Crackdown3
[INFO] 16:54:37:432 COORDOP/(8094:8123): ESI 1	SET e3:microsoft:juegos(Instancia 1) HaloInfinite
[INFO] 16:54:38:439 COORDOP/(8094:8123): ESI 1	SET e3:microsoft:juegos(Instancia 1) KingdomHearts3
[INFO] 16:54:39:444 COORDOP/(8094:8123): ESI 1	STORE e3:microsoft:juegos(Instancia 1) 
[INFO] 16:54:40:449 COORDOP/(8094:8123): ESI 1	STORE e3:sony:juegos(Instancia 1) 
[INFO] 16:54:41:459 COORDOP/(8094:8125): ESI 2	GET platoprincipal:ingrediente5(Instancia 1) 
[INFO] 16:54:42:465 COORDOP/(8094:8125): ESI 2	GET platoprincipal:ingrediente4(Instancia 1) 
[INFO] 16:54:43:470 COORDOP/(8094:8125): ESI 2	GET platoprincipal:ingrediente3(Instancia 1) 
[INFO] 16:54:44:478 COORDOP/(8094:8125): ESI 2	GET platoprincipal:ingrediente2(Instancia 1) 
[INFO] 16:54:45:484 COORDOP/(8094:8125): ESI 2	GET platoprincipal:ingrediente1(Instancia 1) 
[INFO] 16:54:46:491 COORDOP/(8094:8125): ESI 2	SET platoprincipal:ingrediente1(Instancia 1) milanesadecarne
[INFO] 16:54:47:497 COORDOP/(8094:8125): ESI 2	SET platoprincipal:ingrediente2(Instancia 1) queso
[INFO] 16:54:48:503 COORDOP/(8094:8125): ESI 2	SET platoprincipal:ingrediente3(Instancia 1) jamon
[INFO] 16:54:49:509 COORDOP/(8094:8125): ESI 2	SET platoprincipal:ingrediente4(Instancia 1) lechuga
[INFO] 16:54:50:516 COORDOP/(8094:8125): ESI 2	SET platoprincipal:ingrediente5(Instancia 1) tomate
[INFO] 16:54:51:521 COORDOP/(8094:8125): ESI 2	STORE platoprincipal:ingrediente1(Instancia 1) 
[INFO] 16:54:52:527 COORDOP/(8094:8125): ESI 2	STORE platoprincipal:ingrediente2(Instancia 1) 
[INFO] 16:54:53:533 COORDOP/(8094:8125): ESI 2	STORE platoprincipal:ingrediente3(Instancia 1) 
[INFO] 16:54:54:538 COORDOP/(8094:8125): ESI 2	STORE platoprincipal:ingrediente4(Instancia 1) 
[INFO] 16:54:55:543 COORDOP/(8094:8125): ESI 2	STORE platoprincipal:ingrediente5(Instancia 1) 
[INFO] 16:55:04:557 COORDOP/(8094:8200): ESI 3	GET sony:consola:ps1(Instancia 1) 
[INFO] 16:55:05:564 COORDOP/(8094:8200): ESI 3	GET sony:consola:ps2(Instancia 1) 
[INFO] 16:55:06:571 COORDOP/(8094:8200): ESI 3	GET sony:consola:ps3(Instancia 1) 
[INFO] 16:55:07:578 COORDOP/(8094:8200): ESI 3	GET sony:consola:ps4(Instancia 1) 
[INFO] 16:55:08:585 COORDOP/(8094:8200): ESI 3	GET microsoft:consola:xbox(Instancia 1) 
[INFO] 16:55:09:595 COORDOP/(8094:8200): ESI 3	GET microsoft:consola:xbox360(Instancia 1) 
[INFO] 16:55:10:601 COORDOP/(8094:8200): ESI 3	GET microsoft:consola:xboxone(Instancia 1) 
[INFO] 16:55:11:607 COORDOP/(8094:8200): ESI 3	GET nintendo:consola:nes(Instancia 1) 
[INFO] 16:55:12:614 COORDOP/(8094:8200): ESI 3	GET nintendo:consola:snes(Instancia 1) 
[INFO] 16:55:13:623 COORDOP/(8094:8200): ESI 3	GET nintendo:consola:nintendo64(Instancia 1) 
[INFO] 16:55:14:630 COORDOP/(8094:8200): ESI 3	GET nintendo:consola:gamecube(Instancia 1) 
[INFO] 16:55:15:637 COORDOP/(8094:8200): ESI 3	GET nintendo:consola:wii(Instancia 1) 
[INFO] 16:55:16:643 COORDOP/(8094:8200): ESI 3	GET nintendo:consola:wiiu(Instancia 1) 
[INFO] 16:55:17:647 COORDOP/(8094:8200): ESI 3	GET nintendo:consola:switch(Instancia 1) 
[INFO] 16:55:18:653 COORDOP/(8094:8200): ESI 3	SET nintendo:consola:nes(Instancia 1) Mario
[INFO] 16:55:19:661 COORDOP/(8094:8200): ESI 3	SET nintendo:consola:snes(Instancia 1) SuperMario
[INFO] 16:55:20:667 COORDOP/(8094:8200): ESI 3	SET nintendo:consola:nintendo64(Instancia 1) Mario64
[INFO] 16:55:21:673 COORDOP/(8094:8200): ESI 3	SET nintendo:consola:gamecube(Instancia 1) Mario
[INFO] 16:55:22:681 COORDOP/(8094:8200): ESI 3	SET nintendo:consola:wii(Instancia 1) MarioGalaxy
[INFO] 16:55:23:687 COORDOP/(8094:8200): ESI 3	SET nintendo:consola:wiiu(Instancia 1) RIP
[INFO] 16:55:24:693 COORDOP/(8094:8200): ESI 3	SET nintendo:consola:switch(Instancia 1) MarioOddysey
[INFO] 16:55:25:699 COORDOP/(8094:8200): ESI 3	SET sony:consola:ps1(Instancia 1) FinalFantasy
[INFO] 16:55:26:706 COORDOP/(8094:8200): ESI 3	SET sony:consola:ps2(Instancia 1) GodOfWar
[INFO] 16:55:27:711 COORDOP/(8094:8200): ESI 3	SET sony:consola:ps3(Instancia 1) TLOU
[INFO] 16:55:28:719 COORDOP/(8094:8200): ESI 3	SET sony:consola:ps4(Instancia 1) Bloodborne
[INFO] 16:55:29:724 COORDOP/(8094:8200): ESI 3	SET microsoft:consola:xbox(Instancia 1) Halo
[INFO] 16:55:30:729 COORDOP/(8094:8200): ESI 3	SET microsoft:consola:xbox360(Instancia 1) Halo
[INFO] 16:55:31:735 COORDOP/(8094:8200): ESI 3	SET microsoft:consola:xboxone(Instancia 1) Halo
[INFO] 16:55:49:472 COORDOP/(8094:8198): ESI 4	GET postre:ingrediente2(Instancia 1) 
[INFO] 16:55:50:478 COORDOP/(8094:8198): ESI 4	GET postre:ingrediente3(Instancia 1) 
[INFO] 16:55:51:484 COORDOP/(8094:8198): ESI 4	GET postre:ingrediente4(Instancia 1) 
[INFO] 16:55:52:489 COORDOP/(8094:8198): ESI 4	GET postre:ingrediente5(Instancia 1) 
[INFO] 16:55:53:494 COORDOP/(8094:8198): ESI 4	GET postre:ingrediente6(Instancia 1) 
[INFO] 16:55:54:502 COORDOP/(8094:8198): ESI 4	GET postre:ingrediente7(Instancia 1) 
[INFO] 16:55:55:508 COORDOP/(8094:8198): ESI 4	GET postre:ingrediente8(Instancia 1) 
[INFO] 16:55:56:517 COORDOP/(8094:8198): ESI 4	GET postre:ingrediente9(Instancia 1) 
[INFO] 16:55:57:524 COORDOP/(8094:8198): ESI 4	GET postre:ingrediente10(Instancia 1) 
[INFO] 16:55:58:529 COORDOP/(8094:8198): ESI 4	SET postre:ingrediente1(Instancia 1) huevos
[INFO] 16:55:59:536 COORDOP/(8094:8198): ESI 4	SET postre:ingrediente2(Instancia 1) azucar
[INFO] 16:56:00:544 COORDOP/(8094:8198): ESI 4	SET postre:ingrediente3(Instancia 1) quesomascarpone
[INFO] 16:56:01:550 COORDOP/(8094:8198): ESI 4	SET postre:ingrediente4(Instancia 1) crema
[INFO] 16:56:02:556 COORDOP/(8094:8198): ESI 4	SET postre:ingrediente5(Instancia 1) esenciavainilla
[INFO] 16:56:03:562 COORDOP/(8094:8198): ESI 4	SET postre:ingrediente6(Instancia 1) oporto
[INFO] 16:56:04:567 COORDOP/(8094:8198): ESI 4	SET postre:ingrediente7(Instancia 1) cafe
[INFO] 16:56:05:574 COORDOP/(8094:8198): ESI 4	SET postre:ingrediente8(Instancia 1) vainillas
[INFO] 16:56:06:581 COORDOP/(8094:8198): ESI 4	SET postre:ingrediente9(Instancia 1) cacaoamargo
[INFO] 16:56:07:586 COORDOP/(8094:8198): ESI 4	SET postre:ingrediente10(Instancia 1) licordecafe
[INFO] 16:56:08:591 COORDOP/(8094:8198): ESI 4	STORE postre:ingrediente1(Instancia 1) 
[INFO] 16:56:09:598 COORDOP/(8094:8198): ESI 4	STORE postre:ingrediente2(Instancia 1) 
[INFO] 16:56:10:606 COORDOP/(8094:8198): ESI 4	STORE postre:ingrediente3(Instancia 1) 
[INFO] 16:56:11:612 COORDOP/(8094:8198): ESI 4	STORE postre:ingrediente4(Instancia 1) 
[INFO] 16:56:12:618 COORDOP/(8094:8198): ESI 4	STORE postre:ingrediente5(Instancia 1) 
[INFO] 16:56:13:625 COORDOP/(8094:8198): ESI 4	STORE postre:ingrediente6(Instancia 1) 
[INFO] 16:56:14:630 COORDOP/(8094:8198): ESI 4	STORE postre:ingrediente7(Instancia 1) 
[INFO] 16:56:15:637 COORDOP/(8094:8198): ESI 4	STORE postre:ingrediente8(Instancia 1) 
[INFO] 16:56:16:642 COORDOP/(8094:8198): ESI 4	STORE postre:ingrediente9(Instancia 1) 
[INFO] 16:56:17:646 COORDOP/(8094:8198): ESI 4	STORE postre:ingrediente10(Instancia 1) 
