[TRACE] 07:31:41:537 ESI/(8719:8719): Iniciando...
[TRACE] 07:31:41:539 ESI/(8719:8719): Se obtiene ID 2 del archivo de configuracion
[TRACE] 07:31:41:542 ESI/(8719:8719): Se conecto al Coordinador en el socket 4
[TRACE] 07:31:41:546 ESI/(8719:8719): Se conecto al Planificador en el socket 5
[TRACE] 07:31:41:547 ESI/(8719:8719): Script ejemplo.esi abierto
[TRACE] 07:31:41:547 ESI/(8719:8719): Esperando orden de Planificador
[DEBUG] 07:31:41:547 ESI/(8719:8719): La orden recibida fue 1
[DEBUG] 07:31:41:547 ESI/(8719:8719): La sentencia parseada es:
Op = 0
Clave = jugador
Valor = No corresponde

[TRACE] 07:31:41:548 ESI/(8719:8719): Se envio la sentencia al Coordinador
[TRACE] 07:31:41:548 ESI/(8719:8719): Esperando resultado de ejeucion de Coordinador
[DEBUG] 07:31:41:548 ESI/(8719:8719): El resultado recibido es de 1
[TRACE] 07:31:41:549 ESI/(8719:8719): Se envio el resultado al Planificador
[TRACE] 07:31:41:549 ESI/(8719:8719): Esperando orden de Planificador
[DEBUG] 07:31:41:549 ESI/(8719:8719): La orden recibida fue 1
[DEBUG] 07:31:41:549 ESI/(8719:8719): La sentencia parseada es:
Op = 1
Clave = jugador
Valor = messi

[TRACE] 07:31:41:549 ESI/(8719:8719): Se envio la sentencia al Coordinador
[TRACE] 07:31:41:549 ESI/(8719:8719): Esperando resultado de ejeucion de Coordinador
[DEBUG] 07:31:41:588 ESI/(8719:8719): El resultado recibido es de 1
[TRACE] 07:31:41:588 ESI/(8719:8719): Se envio el resultado al Planificador
[TRACE] 07:31:41:588 ESI/(8719:8719): Esperando orden de Planificador
[DEBUG] 07:31:41:588 ESI/(8719:8719): La orden recibida fue 1
[DEBUG] 07:31:41:588 ESI/(8719:8719): La sentencia parseada es:
Op = 2
Clave = jugador
Valor = No corresponde

[TRACE] 07:31:41:588 ESI/(8719:8719): Se envio la sentencia al Coordinador
[TRACE] 07:31:41:588 ESI/(8719:8719): Esperando resultado de ejeucion de Coordinador
[DEBUG] 07:31:41:627 ESI/(8719:8719): El resultado recibido es de 1
[TRACE] 07:31:41:627 ESI/(8719:8719): Se envio el resultado al Planificador
[TRACE] 07:31:41:628 ESI/(8719:8719): Esperando orden de Planificador
[DEBUG] 07:31:41:628 ESI/(8719:8719): La orden recibida fue 1
[TRACE] 07:31:41:628 ESI/(8719:8719): El ESI finalizo su ejecucion correctamente
[TRACE] 07:31:41:628 ESI/(8719:8719): Se informa del fin de ejecucion al Coordinador
[TRACE] 07:31:41:628 ESI/(8719:8719): Se informa del fin de ejecucion al PLanificador
[TRACE] 07:50:54:609 ESI/(9049:9049): Iniciando...
[TRACE] 07:50:54:611 ESI/(9049:9049): Se obtiene ID 2 del archivo de configuracion
[TRACE] 07:50:54:615 ESI/(9049:9049): Se conecto al Coordinador en el socket 4
[TRACE] 07:50:54:616 ESI/(9049:9049): Se conecto al Planificador en el socket 5
[TRACE] 07:50:54:616 ESI/(9049:9049): Script ejemplo.esi abierto
[TRACE] 07:50:54:616 ESI/(9049:9049): Esperando orden de Planificador
[DEBUG] 07:50:54:616 ESI/(9049:9049): La orden recibida fue 1
[DEBUG] 07:50:54:617 ESI/(9049:9049): La sentencia parseada es:
Op = 0
Clave = jugador
Valor = No corresponde

[TRACE] 07:50:54:617 ESI/(9049:9049): Se envio la sentencia al Coordinador
[TRACE] 07:50:54:617 ESI/(9049:9049): Esperando resultado de ejeucion de Coordinador
[DEBUG] 07:50:54:617 ESI/(9049:9049): El resultado recibido es de 1
[TRACE] 07:50:54:619 ESI/(9049:9049): Se envio el resultado al Planificador
[TRACE] 07:50:54:620 ESI/(9049:9049): Esperando orden de Planificador
[DEBUG] 07:50:54:620 ESI/(9049:9049): La orden recibida fue 1
[DEBUG] 07:50:54:620 ESI/(9049:9049): La sentencia parseada es:
Op = 1
Clave = jugador
Valor = messi

[TRACE] 07:50:54:620 ESI/(9049:9049): Se envio la sentencia al Coordinador
[TRACE] 07:50:54:620 ESI/(9049:9049): Esperando resultado de ejeucion de Coordinador
[DEBUG] 07:50:54:655 ESI/(9049:9049): El resultado recibido es de 1
[TRACE] 07:50:54:655 ESI/(9049:9049): Se envio el resultado al Planificador
[TRACE] 07:50:54:655 ESI/(9049:9049): Esperando orden de Planificador
[DEBUG] 07:50:54:655 ESI/(9049:9049): La orden recibida fue 1
[DEBUG] 07:50:54:655 ESI/(9049:9049): La sentencia parseada es:
Op = 2
Clave = jugador
Valor = No corresponde

[TRACE] 07:50:54:655 ESI/(9049:9049): Se envio la sentencia al Coordinador
[TRACE] 07:50:54:655 ESI/(9049:9049): Esperando resultado de ejeucion de Coordinador
[DEBUG] 07:50:54:695 ESI/(9049:9049): El resultado recibido es de 1
[TRACE] 07:50:54:695 ESI/(9049:9049): Se envio el resultado al Planificador
[TRACE] 07:50:54:695 ESI/(9049:9049): Esperando orden de Planificador
[DEBUG] 07:50:54:695 ESI/(9049:9049): La orden recibida fue 1
[TRACE] 07:50:54:695 ESI/(9049:9049): El ESI finalizo su ejecucion correctamente
[TRACE] 07:50:54:696 ESI/(9049:9049): Se informa del fin de ejecucion al Coordinador
[TRACE] 07:50:54:696 ESI/(9049:9049): Se informa del fin de ejecucion al PLanificador
[TRACE] 07:52:51:602 ESI/(9100:9100): Iniciando...
[TRACE] 07:52:51:606 ESI/(9100:9100): Se obtiene ID 2 del archivo de configuracion
[TRACE] 07:52:51:607 ESI/(9100:9100): Se conecto al Coordinador en el socket 4
[TRACE] 07:52:51:608 ESI/(9100:9100): Se conecto al Planificador en el socket 5
[TRACE] 07:52:51:609 ESI/(9100:9100): Script ejemplo.esi abierto
[TRACE] 07:52:51:609 ESI/(9100:9100): Esperando orden de Planificador
[DEBUG] 07:52:51:689 ESI/(9100:9100): La orden recibida fue 1
[DEBUG] 07:52:51:689 ESI/(9100:9100): La sentencia parseada es:
Op = 0
Clave = jugador
Valor = No corresponde

[TRACE] 07:52:51:689 ESI/(9100:9100): Se envio la sentencia al Coordinador
[TRACE] 07:52:51:689 ESI/(9100:9100): Esperando resultado de ejeucion de Coordinador
[DEBUG] 07:52:51:727 ESI/(9100:9100): El resultado recibido es de 1
[TRACE] 07:52:51:727 ESI/(9100:9100): Se envio el resultado al Planificador
[TRACE] 07:52:51:727 ESI/(9100:9100): Esperando orden de Planificador
[DEBUG] 07:52:51:728 ESI/(9100:9100): La orden recibida fue 1
[DEBUG] 07:52:51:728 ESI/(9100:9100): La sentencia parseada es:
Op = 0
Clave = papa
Valor = No corresponde

[TRACE] 07:52:51:728 ESI/(9100:9100): Se envio la sentencia al Coordinador
[TRACE] 07:52:51:728 ESI/(9100:9100): Esperando resultado de ejeucion de Coordinador
[DEBUG] 07:52:51:768 ESI/(9100:9100): El resultado recibido es de 2
[TRACE] 07:52:51:768 ESI/(9100:9100): Se envio el resultado al Planificador
[TRACE] 07:52:51:768 ESI/(9100:9100): Esperando orden de Planificador
[TRACE] 07:53:46:169 ESI/(9113:9113): Iniciando...
[TRACE] 07:53:46:171 ESI/(9113:9113): Se obtiene ID 2 del archivo de configuracion
[TRACE] 07:53:46:173 ESI/(9113:9113): Se conecto al Coordinador en el socket 4
[TRACE] 07:53:46:175 ESI/(9113:9113): Se conecto al Planificador en el socket 5
[TRACE] 07:53:46:175 ESI/(9113:9113): Script ejemplo.esi abierto
[TRACE] 07:53:46:175 ESI/(9113:9113): Esperando orden de Planificador
[DEBUG] 07:53:46:175 ESI/(9113:9113): La orden recibida fue 1
[DEBUG] 07:53:46:175 ESI/(9113:9113): La sentencia parseada es:
Op = 0
Clave = jugador
Valor = No corresponde

[TRACE] 07:53:46:175 ESI/(9113:9113): Se envio la sentencia al Coordinador
[TRACE] 07:53:46:175 ESI/(9113:9113): Esperando resultado de ejeucion de Coordinador
[DEBUG] 07:53:46:175 ESI/(9113:9113): El resultado recibido es de 1
[TRACE] 07:53:46:176 ESI/(9113:9113): Se envio el resultado al Planificador
[TRACE] 07:53:46:176 ESI/(9113:9113): Esperando orden de Planificador
[DEBUG] 07:53:46:176 ESI/(9113:9113): La orden recibida fue 1
[DEBUG] 07:53:46:176 ESI/(9113:9113): La sentencia parseada es:
Op = 0
Clave = papa
Valor = No corresponde

[TRACE] 07:53:46:176 ESI/(9113:9113): Se envio la sentencia al Coordinador
[TRACE] 07:53:46:176 ESI/(9113:9113): Esperando resultado de ejeucion de Coordinador
[DEBUG] 07:53:46:213 ESI/(9113:9113): El resultado recibido es de 3
[TRACE] 07:53:46:213 ESI/(9113:9113): Se envio el resultado al Planificador
[TRACE] 07:53:46:213 ESI/(9113:9113): Esperando orden de Planificador
[ERROR] 13:29:03:501 ESI/(9113:9113): No se pudo recibir la orden del planificador porque se desconecto.
[TRACE] 21:27:39:970 ESI/(5375:5375): Iniciando...
[TRACE] 21:27:39:977 ESI/(5375:5375): Se obtiene ID 3 del archivo de configuracion
[TRACE] 21:27:39:977 ESI/(5375:5375): El esi de id = 3 se conecto al Coordinador en el socket 4
[TRACE] 21:27:39:978 ESI/(5375:5375): El esi de id = 3 se conecto al Planificador en el socket 5
[TRACE] 21:27:39:978 ESI/(5375:5375): Script ejemplo.esi abierto
[TRACE] 21:27:39:978 ESI/(5375:5375): El esi de id = 3 esta esperando orden de Planificador
[ERROR] 21:27:40:260 ESI/(5375:5375): No se pudo recibir la orden del planificador porque se desconecto.
[TRACE] 16:41:58:79 ESI/(7714:7714): Iniciando...
[TRACE] 16:41:58:92 ESI/(7714:7714): Se obtiene ID 3 del archivo de configuracion
[TRACE] 16:41:58:95 ESI/(7714:7714): El esi de id = 3 se conecto al Coordinador en el socket 4
[TRACE] 16:41:58:95 ESI/(7714:7714): El esi de id = 3 se conecto al Planificador en el socket 5
[TRACE] 16:41:58:97 ESI/(7714:7714): Script ejemplo.esi abierto
[TRACE] 16:41:58:97 ESI/(7714:7714): El esi de id = 3 esta esperando orden de Planificador
[DEBUG] 16:41:58:99 ESI/(7714:7714): La orden recibida fue EJECUTAR
[DEBUG] 16:41:58:100 ESI/(7714:7714): La sentencia parseada del esi con id = 3 es:
Op = GET
Clave = sony:consola:ps1
Valor = No corresponde

[TRACE] 16:41:58:100 ESI/(7714:7714): El esi de id = 3 ha enviado la sentencia al Coordinador
[TRACE] 16:41:58:100 ESI/(7714:7714): El esi de id = 3 espera el resultado de ejecucion de Coordinador
[DEBUG] 16:41:59:105 ESI/(7714:7714): El esi de id = 3 recibe el resultado de SUCCESS
[TRACE] 16:41:59:105 ESI/(7714:7714): El esi de id = 3 ha enviado el resultado al Planificador
[TRACE] 16:41:59:106 ESI/(7714:7714): El esi de id = 3 espera orden de Planificador
[DEBUG] 16:41:59:106 ESI/(7714:7714): La orden recibida fue EJECUTAR
[DEBUG] 16:41:59:106 ESI/(7714:7714): La sentencia parseada del esi con id = 3 es:
Op = GET
Clave = sony:consola:ps2
Valor = No corresponde

[TRACE] 16:41:59:106 ESI/(7714:7714): El esi de id = 3 ha enviado la sentencia al Coordinador
[TRACE] 16:41:59:106 ESI/(7714:7714): El esi de id = 3 espera el resultado de ejecucion de Coordinador
[DEBUG] 16:42:00:111 ESI/(7714:7714): El esi de id = 3 recibe el resultado de SUCCESS
[TRACE] 16:42:00:111 ESI/(7714:7714): El esi de id = 3 ha enviado el resultado al Planificador
[TRACE] 16:42:00:111 ESI/(7714:7714): El esi de id = 3 espera orden de Planificador
[DEBUG] 16:42:00:111 ESI/(7714:7714): La orden recibida fue EJECUTAR
[DEBUG] 16:42:00:111 ESI/(7714:7714): La sentencia parseada del esi con id = 3 es:
Op = GET
Clave = sony:consola:ps3
Valor = No corresponde

[TRACE] 16:42:00:111 ESI/(7714:7714): El esi de id = 3 ha enviado la sentencia al Coordinador
[TRACE] 16:42:00:111 ESI/(7714:7714): El esi de id = 3 espera el resultado de ejecucion de Coordinador
[DEBUG] 16:42:01:117 ESI/(7714:7714): El esi de id = 3 recibe el resultado de SUCCESS
[TRACE] 16:42:01:118 ESI/(7714:7714): El esi de id = 3 ha enviado el resultado al Planificador
[TRACE] 16:42:01:118 ESI/(7714:7714): El esi de id = 3 espera orden de Planificador
[DEBUG] 16:42:01:118 ESI/(7714:7714): La orden recibida fue EJECUTAR
[DEBUG] 16:42:01:118 ESI/(7714:7714): La sentencia parseada del esi con id = 3 es:
Op = GET
Clave = sony:consola:ps4
Valor = No corresponde

[TRACE] 16:42:01:118 ESI/(7714:7714): El esi de id = 3 ha enviado la sentencia al Coordinador
[TRACE] 16:42:01:118 ESI/(7714:7714): El esi de id = 3 espera el resultado de ejecucion de Coordinador
[DEBUG] 16:42:02:123 ESI/(7714:7714): El esi de id = 3 recibe el resultado de SUCCESS
[TRACE] 16:42:02:123 ESI/(7714:7714): El esi de id = 3 ha enviado el resultado al Planificador
[TRACE] 16:42:02:123 ESI/(7714:7714): El esi de id = 3 espera orden de Planificador
[DEBUG] 16:42:02:124 ESI/(7714:7714): La orden recibida fue EJECUTAR
[DEBUG] 16:42:02:124 ESI/(7714:7714): La sentencia parseada del esi con id = 3 es:
Op = GET
Clave = microsoft:consola:xbox
Valor = No corresponde

[TRACE] 16:42:02:124 ESI/(7714:7714): El esi de id = 3 ha enviado la sentencia al Coordinador
[TRACE] 16:42:02:124 ESI/(7714:7714): El esi de id = 3 espera el resultado de ejecucion de Coordinador
[DEBUG] 16:42:03:129 ESI/(7714:7714): El esi de id = 3 recibe el resultado de SUCCESS
[TRACE] 16:42:03:129 ESI/(7714:7714): El esi de id = 3 ha enviado el resultado al Planificador
[TRACE] 16:42:03:129 ESI/(7714:7714): El esi de id = 3 espera orden de Planificador
[DEBUG] 16:42:03:130 ESI/(7714:7714): La orden recibida fue EJECUTAR
[DEBUG] 16:42:03:130 ESI/(7714:7714): La sentencia parseada del esi con id = 3 es:
Op = GET
Clave = microsoft:consola:xbox360
Valor = No corresponde

[TRACE] 16:42:03:130 ESI/(7714:7714): El esi de id = 3 ha enviado la sentencia al Coordinador
[TRACE] 16:42:03:130 ESI/(7714:7714): El esi de id = 3 espera el resultado de ejecucion de Coordinador
[DEBUG] 16:42:04:135 ESI/(7714:7714): El esi de id = 3 recibe el resultado de SUCCESS
[TRACE] 16:42:04:135 ESI/(7714:7714): El esi de id = 3 ha enviado el resultado al Planificador
[TRACE] 16:42:04:135 ESI/(7714:7714): El esi de id = 3 espera orden de Planificador
[DEBUG] 16:42:04:135 ESI/(7714:7714): La orden recibida fue EJECUTAR
[DEBUG] 16:42:04:135 ESI/(7714:7714): La sentencia parseada del esi con id = 3 es:
Op = GET
Clave = microsoft:consola:xboxone
Valor = No corresponde

[TRACE] 16:42:04:135 ESI/(7714:7714): El esi de id = 3 ha enviado la sentencia al Coordinador
[TRACE] 16:42:04:136 ESI/(7714:7714): El esi de id = 3 espera el resultado de ejecucion de Coordinador
[DEBUG] 16:42:05:143 ESI/(7714:7714): El esi de id = 3 recibe el resultado de SUCCESS
[TRACE] 16:42:05:143 ESI/(7714:7714): El esi de id = 3 ha enviado el resultado al Planificador
[TRACE] 16:42:05:144 ESI/(7714:7714): El esi de id = 3 espera orden de Planificador
[DEBUG] 16:42:05:144 ESI/(7714:7714): La orden recibida fue EJECUTAR
[DEBUG] 16:42:05:144 ESI/(7714:7714): La sentencia parseada del esi con id = 3 es:
Op = GET
Clave = nintendo:consola:nes
Valor = No corresponde

[TRACE] 16:42:05:144 ESI/(7714:7714): El esi de id = 3 ha enviado la sentencia al Coordinador
[TRACE] 16:42:05:144 ESI/(7714:7714): El esi de id = 3 espera el resultado de ejecucion de Coordinador
[DEBUG] 16:42:06:149 ESI/(7714:7714): El esi de id = 3 recibe el resultado de SUCCESS
[TRACE] 16:42:06:149 ESI/(7714:7714): El esi de id = 3 ha enviado el resultado al Planificador
[TRACE] 16:42:06:149 ESI/(7714:7714): El esi de id = 3 espera orden de Planificador
[DEBUG] 16:42:06:150 ESI/(7714:7714): La orden recibida fue EJECUTAR
[DEBUG] 16:42:06:150 ESI/(7714:7714): La sentencia parseada del esi con id = 3 es:
Op = GET
Clave = nintendo:consola:snes
Valor = No corresponde

[TRACE] 16:42:06:150 ESI/(7714:7714): El esi de id = 3 ha enviado la sentencia al Coordinador
[TRACE] 16:42:06:151 ESI/(7714:7714): El esi de id = 3 espera el resultado de ejecucion de Coordinador
[DEBUG] 16:42:07:157 ESI/(7714:7714): El esi de id = 3 recibe el resultado de SUCCESS
[TRACE] 16:42:07:157 ESI/(7714:7714): El esi de id = 3 ha enviado el resultado al Planificador
[TRACE] 16:42:07:157 ESI/(7714:7714): El esi de id = 3 espera orden de Planificador
[DEBUG] 16:42:07:158 ESI/(7714:7714): La orden recibida fue EJECUTAR
[DEBUG] 16:42:07:158 ESI/(7714:7714): La sentencia parseada del esi con id = 3 es:
Op = GET
Clave = nintendo:consola:nintendo64
Valor = No corresponde

[TRACE] 16:42:07:158 ESI/(7714:7714): El esi de id = 3 ha enviado la sentencia al Coordinador
[TRACE] 16:42:07:158 ESI/(7714:7714): El esi de id = 3 espera el resultado de ejecucion de Coordinador
[DEBUG] 16:42:08:163 ESI/(7714:7714): El esi de id = 3 recibe el resultado de SUCCESS
[TRACE] 16:42:08:163 ESI/(7714:7714): El esi de id = 3 ha enviado el resultado al Planificador
[TRACE] 16:42:08:163 ESI/(7714:7714): El esi de id = 3 espera orden de Planificador
[DEBUG] 16:42:08:163 ESI/(7714:7714): La orden recibida fue EJECUTAR
[DEBUG] 16:42:08:163 ESI/(7714:7714): La sentencia parseada del esi con id = 3 es:
Op = GET
Clave = nintendo:consola:gamecube
Valor = No corresponde

[TRACE] 16:42:08:163 ESI/(7714:7714): El esi de id = 3 ha enviado la sentencia al Coordinador
[TRACE] 16:42:08:163 ESI/(7714:7714): El esi de id = 3 espera el resultado de ejecucion de Coordinador
[DEBUG] 16:42:09:170 ESI/(7714:7714): El esi de id = 3 recibe el resultado de SUCCESS
[TRACE] 16:42:09:170 ESI/(7714:7714): El esi de id = 3 ha enviado el resultado al Planificador
[TRACE] 16:42:09:171 ESI/(7714:7714): El esi de id = 3 espera orden de Planificador
[DEBUG] 16:42:09:171 ESI/(7714:7714): La orden recibida fue EJECUTAR
[DEBUG] 16:42:09:171 ESI/(7714:7714): La sentencia parseada del esi con id = 3 es:
Op = GET
Clave = nintendo:consola:wii
Valor = No corresponde

[TRACE] 16:42:09:171 ESI/(7714:7714): El esi de id = 3 ha enviado la sentencia al Coordinador
[TRACE] 16:42:09:171 ESI/(7714:7714): El esi de id = 3 espera el resultado de ejecucion de Coordinador
[DEBUG] 16:42:10:178 ESI/(7714:7714): El esi de id = 3 recibe el resultado de SUCCESS
[TRACE] 16:42:10:178 ESI/(7714:7714): El esi de id = 3 ha enviado el resultado al Planificador
[TRACE] 16:42:10:178 ESI/(7714:7714): El esi de id = 3 espera orden de Planificador
[DEBUG] 16:42:10:178 ESI/(7714:7714): La orden recibida fue EJECUTAR
[DEBUG] 16:42:10:178 ESI/(7714:7714): La sentencia parseada del esi con id = 3 es:
Op = GET
Clave = nintendo:consola:wiiu
Valor = No corresponde

[TRACE] 16:42:10:178 ESI/(7714:7714): El esi de id = 3 ha enviado la sentencia al Coordinador
[TRACE] 16:42:10:178 ESI/(7714:7714): El esi de id = 3 espera el resultado de ejecucion de Coordinador
[DEBUG] 16:42:11:184 ESI/(7714:7714): El esi de id = 3 recibe el resultado de SUCCESS
[TRACE] 16:42:11:184 ESI/(7714:7714): El esi de id = 3 ha enviado el resultado al Planificador
[TRACE] 16:42:11:184 ESI/(7714:7714): El esi de id = 3 espera orden de Planificador
[DEBUG] 16:42:11:184 ESI/(7714:7714): La orden recibida fue EJECUTAR
[DEBUG] 16:42:11:184 ESI/(7714:7714): La sentencia parseada del esi con id = 3 es:
Op = GET
Clave = nintendo:consola:switch
Valor = No corresponde

[TRACE] 16:42:11:185 ESI/(7714:7714): El esi de id = 3 ha enviado la sentencia al Coordinador
[TRACE] 16:42:11:185 ESI/(7714:7714): El esi de id = 3 espera el resultado de ejecucion de Coordinador
[DEBUG] 16:42:12:192 ESI/(7714:7714): El esi de id = 3 recibe el resultado de SUCCESS
[TRACE] 16:42:12:192 ESI/(7714:7714): El esi de id = 3 ha enviado el resultado al Planificador
[TRACE] 16:42:12:193 ESI/(7714:7714): El esi de id = 3 espera orden de Planificador
[DEBUG] 16:42:12:193 ESI/(7714:7714): La orden recibida fue EJECUTAR
[DEBUG] 16:42:12:193 ESI/(7714:7714): La sentencia parseada del esi con id = 3 es:
Op = SET
Clave = nintendo:consola:nes
Valor = Mario

[TRACE] 16:42:12:193 ESI/(7714:7714): El esi de id = 3 ha enviado la sentencia al Coordinador
[TRACE] 16:42:12:194 ESI/(7714:7714): El esi de id = 3 espera el resultado de ejecucion de Coordinador
[DEBUG] 16:42:13:198 ESI/(7714:7714): El esi de id = 3 recibe el resultado de SUCCESS
[TRACE] 16:42:13:199 ESI/(7714:7714): El esi de id = 3 ha enviado el resultado al Planificador
[TRACE] 16:42:13:199 ESI/(7714:7714): El esi de id = 3 espera orden de Planificador
[DEBUG] 16:42:13:199 ESI/(7714:7714): La orden recibida fue EJECUTAR
[DEBUG] 16:42:13:199 ESI/(7714:7714): La sentencia parseada del esi con id = 3 es:
Op = SET
Clave = nintendo:consola:snes
Valor = SuperMario

[TRACE] 16:42:13:199 ESI/(7714:7714): El esi de id = 3 ha enviado la sentencia al Coordinador
[TRACE] 16:42:13:199 ESI/(7714:7714): El esi de id = 3 espera el resultado de ejecucion de Coordinador
[DEBUG] 16:42:14:203 ESI/(7714:7714): El esi de id = 3 recibe el resultado de SUCCESS
[TRACE] 16:42:14:203 ESI/(7714:7714): El esi de id = 3 ha enviado el resultado al Planificador
[TRACE] 16:42:14:203 ESI/(7714:7714): El esi de id = 3 espera orden de Planificador
[DEBUG] 16:42:14:204 ESI/(7714:7714): La orden recibida fue EJECUTAR
[DEBUG] 16:42:14:204 ESI/(7714:7714): La sentencia parseada del esi con id = 3 es:
Op = SET
Clave = nintendo:consola:nintendo64
Valor = Mario64

[TRACE] 16:42:14:204 ESI/(7714:7714): El esi de id = 3 ha enviado la sentencia al Coordinador
[TRACE] 16:42:14:204 ESI/(7714:7714): El esi de id = 3 espera el resultado de ejecucion de Coordinador
[DEBUG] 16:42:15:208 ESI/(7714:7714): El esi de id = 3 recibe el resultado de SUCCESS
[TRACE] 16:42:15:209 ESI/(7714:7714): El esi de id = 3 ha enviado el resultado al Planificador
[TRACE] 16:42:15:209 ESI/(7714:7714): El esi de id = 3 espera orden de Planificador
[DEBUG] 16:42:15:209 ESI/(7714:7714): La orden recibida fue EJECUTAR
[DEBUG] 16:42:15:209 ESI/(7714:7714): La sentencia parseada del esi con id = 3 es:
Op = SET
Clave = nintendo:consola:gamecube
Valor = Mario

[TRACE] 16:42:15:209 ESI/(7714:7714): El esi de id = 3 ha enviado la sentencia al Coordinador
[TRACE] 16:42:15:209 ESI/(7714:7714): El esi de id = 3 espera el resultado de ejecucion de Coordinador
[DEBUG] 16:42:16:214 ESI/(7714:7714): El esi de id = 3 recibe el resultado de SUCCESS
[TRACE] 16:42:16:214 ESI/(7714:7714): El esi de id = 3 ha enviado el resultado al Planificador
[TRACE] 16:42:16:214 ESI/(7714:7714): El esi de id = 3 espera orden de Planificador
[DEBUG] 16:42:16:214 ESI/(7714:7714): La orden recibida fue EJECUTAR
[DEBUG] 16:42:16:214 ESI/(7714:7714): La sentencia parseada del esi con id = 3 es:
Op = SET
Clave = nintendo:consola:wii
Valor = MarioGalaxy

[TRACE] 16:42:16:214 ESI/(7714:7714): El esi de id = 3 ha enviado la sentencia al Coordinador
[TRACE] 16:42:16:214 ESI/(7714:7714): El esi de id = 3 espera el resultado de ejecucion de Coordinador
[DEBUG] 16:42:17:219 ESI/(7714:7714): El esi de id = 3 recibe el resultado de SUCCESS
[TRACE] 16:42:17:219 ESI/(7714:7714): El esi de id = 3 ha enviado el resultado al Planificador
[TRACE] 16:42:17:219 ESI/(7714:7714): El esi de id = 3 espera orden de Planificador
[DEBUG] 16:42:17:220 ESI/(7714:7714): La orden recibida fue EJECUTAR
[DEBUG] 16:42:17:220 ESI/(7714:7714): La sentencia parseada del esi con id = 3 es:
Op = SET
Clave = nintendo:consola:wiiu
Valor = RIP

[TRACE] 16:42:17:220 ESI/(7714:7714): El esi de id = 3 ha enviado la sentencia al Coordinador
[TRACE] 16:42:17:220 ESI/(7714:7714): El esi de id = 3 espera el resultado de ejecucion de Coordinador
[DEBUG] 16:42:18:227 ESI/(7714:7714): El esi de id = 3 recibe el resultado de SUCCESS
[TRACE] 16:42:18:227 ESI/(7714:7714): El esi de id = 3 ha enviado el resultado al Planificador
[TRACE] 16:42:18:228 ESI/(7714:7714): El esi de id = 3 espera orden de Planificador
[DEBUG] 16:42:18:228 ESI/(7714:7714): La orden recibida fue EJECUTAR
[DEBUG] 16:42:18:228 ESI/(7714:7714): La sentencia parseada del esi con id = 3 es:
Op = SET
Clave = nintendo:consola:switch
Valor = MarioOddysey

[TRACE] 16:42:18:228 ESI/(7714:7714): El esi de id = 3 ha enviado la sentencia al Coordinador
[TRACE] 16:42:18:228 ESI/(7714:7714): El esi de id = 3 espera el resultado de ejecucion de Coordinador
[DEBUG] 16:42:19:233 ESI/(7714:7714): El esi de id = 3 recibe el resultado de SUCCESS
[TRACE] 16:42:19:233 ESI/(7714:7714): El esi de id = 3 ha enviado el resultado al Planificador
[TRACE] 16:42:19:233 ESI/(7714:7714): El esi de id = 3 espera orden de Planificador
[DEBUG] 16:42:19:234 ESI/(7714:7714): La orden recibida fue EJECUTAR
[DEBUG] 16:42:19:234 ESI/(7714:7714): La sentencia parseada del esi con id = 3 es:
Op = SET
Clave = sony:consola:ps1
Valor = FinalFantasy

[TRACE] 16:42:19:234 ESI/(7714:7714): El esi de id = 3 ha enviado la sentencia al Coordinador
[TRACE] 16:42:19:234 ESI/(7714:7714): El esi de id = 3 espera el resultado de ejecucion de Coordinador
[DEBUG] 16:42:20:239 ESI/(7714:7714): El esi de id = 3 recibe el resultado de SUCCESS
[TRACE] 16:42:20:239 ESI/(7714:7714): El esi de id = 3 ha enviado el resultado al Planificador
[TRACE] 16:42:20:240 ESI/(7714:7714): El esi de id = 3 espera orden de Planificador
[DEBUG] 16:42:20:240 ESI/(7714:7714): La orden recibida fue EJECUTAR
[DEBUG] 16:42:20:240 ESI/(7714:7714): La sentencia parseada del esi con id = 3 es:
Op = SET
Clave = sony:consola:ps2
Valor = GodOfWar

[TRACE] 16:42:20:240 ESI/(7714:7714): El esi de id = 3 ha enviado la sentencia al Coordinador
[TRACE] 16:42:20:240 ESI/(7714:7714): El esi de id = 3 espera el resultado de ejecucion de Coordinador
[DEBUG] 16:42:21:244 ESI/(7714:7714): El esi de id = 3 recibe el resultado de SUCCESS
[TRACE] 16:42:21:244 ESI/(7714:7714): El esi de id = 3 ha enviado el resultado al Planificador
[TRACE] 16:42:21:245 ESI/(7714:7714): El esi de id = 3 espera orden de Planificador
[DEBUG] 16:42:21:245 ESI/(7714:7714): La orden recibida fue EJECUTAR
[DEBUG] 16:42:21:245 ESI/(7714:7714): La sentencia parseada del esi con id = 3 es:
Op = SET
Clave = sony:consola:ps3
Valor = TLOU

[TRACE] 16:42:21:245 ESI/(7714:7714): El esi de id = 3 ha enviado la sentencia al Coordinador
[TRACE] 16:42:21:245 ESI/(7714:7714): El esi de id = 3 espera el resultado de ejecucion de Coordinador
[DEBUG] 16:42:22:251 ESI/(7714:7714): El esi de id = 3 recibe el resultado de SUCCESS
[TRACE] 16:42:22:251 ESI/(7714:7714): El esi de id = 3 ha enviado el resultado al Planificador
[TRACE] 16:42:22:251 ESI/(7714:7714): El esi de id = 3 espera orden de Planificador
[DEBUG] 16:42:22:251 ESI/(7714:7714): La orden recibida fue EJECUTAR
[DEBUG] 16:42:22:251 ESI/(7714:7714): La sentencia parseada del esi con id = 3 es:
Op = SET
Clave = sony:consola:ps4
Valor = Bloodborne

[TRACE] 16:42:22:251 ESI/(7714:7714): El esi de id = 3 ha enviado la sentencia al Coordinador
[TRACE] 16:42:22:252 ESI/(7714:7714): El esi de id = 3 espera el resultado de ejecucion de Coordinador
[DEBUG] 16:42:23:257 ESI/(7714:7714): El esi de id = 3 recibe el resultado de SUCCESS
[TRACE] 16:42:23:257 ESI/(7714:7714): El esi de id = 3 ha enviado el resultado al Planificador
[TRACE] 16:42:23:258 ESI/(7714:7714): El esi de id = 3 espera orden de Planificador
[DEBUG] 16:42:23:258 ESI/(7714:7714): La orden recibida fue EJECUTAR
[DEBUG] 16:42:23:258 ESI/(7714:7714): La sentencia parseada del esi con id = 3 es:
Op = SET
Clave = microsoft:consola:xbox
Valor = Halo

[TRACE] 16:42:23:258 ESI/(7714:7714): El esi de id = 3 ha enviado la sentencia al Coordinador
[TRACE] 16:42:23:258 ESI/(7714:7714): El esi de id = 3 espera el resultado de ejecucion de Coordinador
[DEBUG] 16:42:24:262 ESI/(7714:7714): El esi de id = 3 recibe el resultado de SUCCESS
[TRACE] 16:42:24:262 ESI/(7714:7714): El esi de id = 3 ha enviado el resultado al Planificador
[TRACE] 16:42:24:262 ESI/(7714:7714): El esi de id = 3 espera orden de Planificador
[DEBUG] 16:42:24:262 ESI/(7714:7714): La orden recibida fue EJECUTAR
[DEBUG] 16:42:24:262 ESI/(7714:7714): La sentencia parseada del esi con id = 3 es:
Op = SET
Clave = microsoft:consola:xbox360
Valor = Halo

[TRACE] 16:42:24:262 ESI/(7714:7714): El esi de id = 3 ha enviado la sentencia al Coordinador
[TRACE] 16:42:24:263 ESI/(7714:7714): El esi de id = 3 espera el resultado de ejecucion de Coordinador
[DEBUG] 16:42:25:267 ESI/(7714:7714): El esi de id = 3 recibe el resultado de SUCCESS
[TRACE] 16:42:25:267 ESI/(7714:7714): El esi de id = 3 ha enviado el resultado al Planificador
[TRACE] 16:42:25:268 ESI/(7714:7714): El esi de id = 3 espera orden de Planificador
[DEBUG] 16:42:25:268 ESI/(7714:7714): La orden recibida fue EJECUTAR
[DEBUG] 16:42:25:268 ESI/(7714:7714): La sentencia parseada del esi con id = 3 es:
Op = SET
Clave = microsoft:consola:xboxone
Valor = Halo

[TRACE] 16:42:25:268 ESI/(7714:7714): El esi de id = 3 ha enviado la sentencia al Coordinador
[TRACE] 16:42:25:268 ESI/(7714:7714): El esi de id = 3 espera el resultado de ejecucion de Coordinador
[DEBUG] 16:42:26:272 ESI/(7714:7714): El esi de id = 3 recibe el resultado de SUCCESS
[TRACE] 16:42:26:272 ESI/(7714:7714): El esi de id = 3 ha enviado el resultado al Planificador
[TRACE] 16:42:26:273 ESI/(7714:7714): El esi de id = 3 espera orden de Planificador
[DEBUG] 16:42:26:273 ESI/(7714:7714): La orden recibida fue EJECUTAR
[TRACE] 16:42:26:273 ESI/(7714:7714): El ESI de id = 3 finalizo su ejecucion correctamente
[TRACE] 16:42:26:273 ESI/(7714:7714): Se informa del fin de ejecucion del esi de id = 3 al Coordinador
[TRACE] 16:42:26:273 ESI/(7714:7714): Se informa del fin de ejecucion del esi de id = 3 al PLanificador
[TRACE] 16:55:03:538 ESI/(8197:8197): Iniciando...
[TRACE] 16:55:03:543 ESI/(8197:8197): Se obtiene ID 3 del archivo de configuracion
[TRACE] 16:55:03:543 ESI/(8197:8197): El esi de id = 3 se conecto al Coordinador en el socket 4
[TRACE] 16:55:03:548 ESI/(8197:8197): El esi de id = 3 se conecto al Planificador en el socket 5
[TRACE] 16:55:03:548 ESI/(8197:8197): Script ejemplo.esi abierto
[TRACE] 16:55:03:549 ESI/(8197:8197): El esi de id = 3 esta esperando orden de Planificador
[DEBUG] 16:55:03:553 ESI/(8197:8197): La orden recibida fue EJECUTAR
[DEBUG] 16:55:03:553 ESI/(8197:8197): La sentencia parseada del esi con id = 3 es:
Op = GET
Clave = sony:consola:ps1
Valor = No corresponde

[TRACE] 16:55:03:553 ESI/(8197:8197): El esi de id = 3 ha enviado la sentencia al Coordinador
[TRACE] 16:55:03:553 ESI/(8197:8197): El esi de id = 3 espera el resultado de ejecucion de Coordinador
[DEBUG] 16:55:04:558 ESI/(8197:8197): El esi de id = 3 recibe el resultado de SUCCESS
[TRACE] 16:55:04:558 ESI/(8197:8197): El esi de id = 3 ha enviado el resultado al Planificador
[TRACE] 16:55:04:558 ESI/(8197:8197): El esi de id = 3 espera orden de Planificador
[DEBUG] 16:55:04:558 ESI/(8197:8197): La orden recibida fue EJECUTAR
[DEBUG] 16:55:04:558 ESI/(8197:8197): La sentencia parseada del esi con id = 3 es:
Op = GET
Clave = sony:consola:ps2
Valor = No corresponde

[TRACE] 16:55:04:558 ESI/(8197:8197): El esi de id = 3 ha enviado la sentencia al Coordinador
[TRACE] 16:55:04:559 ESI/(8197:8197): El esi de id = 3 espera el resultado de ejecucion de Coordinador
[DEBUG] 16:55:05:564 ESI/(8197:8197): El esi de id = 3 recibe el resultado de SUCCESS
[TRACE] 16:55:05:564 ESI/(8197:8197): El esi de id = 3 ha enviado el resultado al Planificador
[TRACE] 16:55:05:564 ESI/(8197:8197): El esi de id = 3 espera orden de Planificador
[DEBUG] 16:55:05:565 ESI/(8197:8197): La orden recibida fue EJECUTAR
[DEBUG] 16:55:05:565 ESI/(8197:8197): La sentencia parseada del esi con id = 3 es:
Op = GET
Clave = sony:consola:ps3
Valor = No corresponde

[TRACE] 16:55:05:565 ESI/(8197:8197): El esi de id = 3 ha enviado la sentencia al Coordinador
[TRACE] 16:55:05:566 ESI/(8197:8197): El esi de id = 3 espera el resultado de ejecucion de Coordinador
[DEBUG] 16:55:06:571 ESI/(8197:8197): El esi de id = 3 recibe el resultado de SUCCESS
[TRACE] 16:55:06:571 ESI/(8197:8197): El esi de id = 3 ha enviado el resultado al Planificador
[TRACE] 16:55:06:572 ESI/(8197:8197): El esi de id = 3 espera orden de Planificador
[DEBUG] 16:55:06:572 ESI/(8197:8197): La orden recibida fue EJECUTAR
[DEBUG] 16:55:06:572 ESI/(8197:8197): La sentencia parseada del esi con id = 3 es:
Op = GET
Clave = sony:consola:ps4
Valor = No corresponde

[TRACE] 16:55:06:572 ESI/(8197:8197): El esi de id = 3 ha enviado la sentencia al Coordinador
[TRACE] 16:55:06:572 ESI/(8197:8197): El esi de id = 3 espera el resultado de ejecucion de Coordinador
[DEBUG] 16:55:07:579 ESI/(8197:8197): El esi de id = 3 recibe el resultado de SUCCESS
[TRACE] 16:55:07:579 ESI/(8197:8197): El esi de id = 3 ha enviado el resultado al Planificador
[TRACE] 16:55:07:579 ESI/(8197:8197): El esi de id = 3 espera orden de Planificador
[DEBUG] 16:55:07:580 ESI/(8197:8197): La orden recibida fue EJECUTAR
[DEBUG] 16:55:07:580 ESI/(8197:8197): La sentencia parseada del esi con id = 3 es:
Op = GET
Clave = microsoft:consola:xbox
Valor = No corresponde

[TRACE] 16:55:07:580 ESI/(8197:8197): El esi de id = 3 ha enviado la sentencia al Coordinador
[TRACE] 16:55:07:581 ESI/(8197:8197): El esi de id = 3 espera el resultado de ejecucion de Coordinador
[DEBUG] 16:55:08:586 ESI/(8197:8197): El esi de id = 3 recibe el resultado de SUCCESS
[TRACE] 16:55:08:586 ESI/(8197:8197): El esi de id = 3 ha enviado el resultado al Planificador
[TRACE] 16:55:08:586 ESI/(8197:8197): El esi de id = 3 espera orden de Planificador
[DEBUG] 16:55:08:586 ESI/(8197:8197): La orden recibida fue EJECUTAR
[DEBUG] 16:55:08:586 ESI/(8197:8197): La sentencia parseada del esi con id = 3 es:
Op = GET
Clave = microsoft:consola:xbox360
Valor = No corresponde

[TRACE] 16:55:08:586 ESI/(8197:8197): El esi de id = 3 ha enviado la sentencia al Coordinador
[TRACE] 16:55:08:587 ESI/(8197:8197): El esi de id = 3 espera el resultado de ejecucion de Coordinador
[DEBUG] 16:55:09:596 ESI/(8197:8197): El esi de id = 3 recibe el resultado de SUCCESS
[TRACE] 16:55:09:596 ESI/(8197:8197): El esi de id = 3 ha enviado el resultado al Planificador
[TRACE] 16:55:09:596 ESI/(8197:8197): El esi de id = 3 espera orden de Planificador
[DEBUG] 16:55:09:596 ESI/(8197:8197): La orden recibida fue EJECUTAR
[DEBUG] 16:55:09:596 ESI/(8197:8197): La sentencia parseada del esi con id = 3 es:
Op = GET
Clave = microsoft:consola:xboxone
Valor = No corresponde

[TRACE] 16:55:09:596 ESI/(8197:8197): El esi de id = 3 ha enviado la sentencia al Coordinador
[TRACE] 16:55:09:596 ESI/(8197:8197): El esi de id = 3 espera el resultado de ejecucion de Coordinador
[DEBUG] 16:55:10:602 ESI/(8197:8197): El esi de id = 3 recibe el resultado de SUCCESS
[TRACE] 16:55:10:602 ESI/(8197:8197): El esi de id = 3 ha enviado el resultado al Planificador
[TRACE] 16:55:10:602 ESI/(8197:8197): El esi de id = 3 espera orden de Planificador
[DEBUG] 16:55:10:602 ESI/(8197:8197): La orden recibida fue EJECUTAR
[DEBUG] 16:55:10:602 ESI/(8197:8197): La sentencia parseada del esi con id = 3 es:
Op = GET
Clave = nintendo:consola:nes
Valor = No corresponde

[TRACE] 16:55:10:602 ESI/(8197:8197): El esi de id = 3 ha enviado la sentencia al Coordinador
[TRACE] 16:55:10:602 ESI/(8197:8197): El esi de id = 3 espera el resultado de ejecucion de Coordinador
[DEBUG] 16:55:11:607 ESI/(8197:8197): El esi de id = 3 recibe el resultado de SUCCESS
[TRACE] 16:55:11:607 ESI/(8197:8197): El esi de id = 3 ha enviado el resultado al Planificador
[TRACE] 16:55:11:607 ESI/(8197:8197): El esi de id = 3 espera orden de Planificador
[DEBUG] 16:55:11:607 ESI/(8197:8197): La orden recibida fue EJECUTAR
[DEBUG] 16:55:11:608 ESI/(8197:8197): La sentencia parseada del esi con id = 3 es:
Op = GET
Clave = nintendo:consola:snes
Valor = No corresponde

[TRACE] 16:55:11:608 ESI/(8197:8197): El esi de id = 3 ha enviado la sentencia al Coordinador
[TRACE] 16:55:11:608 ESI/(8197:8197): El esi de id = 3 espera el resultado de ejecucion de Coordinador
[DEBUG] 16:55:12:614 ESI/(8197:8197): El esi de id = 3 recibe el resultado de SUCCESS
[TRACE] 16:55:12:614 ESI/(8197:8197): El esi de id = 3 ha enviado el resultado al Planificador
[TRACE] 16:55:12:614 ESI/(8197:8197): El esi de id = 3 espera orden de Planificador
[DEBUG] 16:55:12:614 ESI/(8197:8197): La orden recibida fue EJECUTAR
[DEBUG] 16:55:12:615 ESI/(8197:8197): La sentencia parseada del esi con id = 3 es:
Op = GET
Clave = nintendo:consola:nintendo64
Valor = No corresponde

[TRACE] 16:55:12:615 ESI/(8197:8197): El esi de id = 3 ha enviado la sentencia al Coordinador
[TRACE] 16:55:12:615 ESI/(8197:8197): El esi de id = 3 espera el resultado de ejecucion de Coordinador
[DEBUG] 16:55:13:623 ESI/(8197:8197): El esi de id = 3 recibe el resultado de SUCCESS
[TRACE] 16:55:13:623 ESI/(8197:8197): El esi de id = 3 ha enviado el resultado al Planificador
[TRACE] 16:55:13:623 ESI/(8197:8197): El esi de id = 3 espera orden de Planificador
[DEBUG] 16:55:13:623 ESI/(8197:8197): La orden recibida fue EJECUTAR
[DEBUG] 16:55:13:624 ESI/(8197:8197): La sentencia parseada del esi con id = 3 es:
Op = GET
Clave = nintendo:consola:gamecube
Valor = No corresponde

[TRACE] 16:55:13:624 ESI/(8197:8197): El esi de id = 3 ha enviado la sentencia al Coordinador
[TRACE] 16:55:13:624 ESI/(8197:8197): El esi de id = 3 espera el resultado de ejecucion de Coordinador
[DEBUG] 16:55:14:630 ESI/(8197:8197): El esi de id = 3 recibe el resultado de SUCCESS
[TRACE] 16:55:14:630 ESI/(8197:8197): El esi de id = 3 ha enviado el resultado al Planificador
[TRACE] 16:55:14:630 ESI/(8197:8197): El esi de id = 3 espera orden de Planificador
[DEBUG] 16:55:14:630 ESI/(8197:8197): La orden recibida fue EJECUTAR
[DEBUG] 16:55:14:630 ESI/(8197:8197): La sentencia parseada del esi con id = 3 es:
Op = GET
Clave = nintendo:consola:wii
Valor = No corresponde

[TRACE] 16:55:14:631 ESI/(8197:8197): El esi de id = 3 ha enviado la sentencia al Coordinador
[TRACE] 16:55:14:631 ESI/(8197:8197): El esi de id = 3 espera el resultado de ejecucion de Coordinador
[DEBUG] 16:55:15:637 ESI/(8197:8197): El esi de id = 3 recibe el resultado de SUCCESS
[TRACE] 16:55:15:637 ESI/(8197:8197): El esi de id = 3 ha enviado el resultado al Planificador
[TRACE] 16:55:15:637 ESI/(8197:8197): El esi de id = 3 espera orden de Planificador
[DEBUG] 16:55:15:637 ESI/(8197:8197): La orden recibida fue EJECUTAR
[DEBUG] 16:55:15:638 ESI/(8197:8197): La sentencia parseada del esi con id = 3 es:
Op = GET
Clave = nintendo:consola:wiiu
Valor = No corresponde

[TRACE] 16:55:15:638 ESI/(8197:8197): El esi de id = 3 ha enviado la sentencia al Coordinador
[TRACE] 16:55:15:638 ESI/(8197:8197): El esi de id = 3 espera el resultado de ejecucion de Coordinador
[DEBUG] 16:55:16:643 ESI/(8197:8197): El esi de id = 3 recibe el resultado de SUCCESS
[TRACE] 16:55:16:643 ESI/(8197:8197): El esi de id = 3 ha enviado el resultado al Planificador
[TRACE] 16:55:16:643 ESI/(8197:8197): El esi de id = 3 espera orden de Planificador
[DEBUG] 16:55:16:643 ESI/(8197:8197): La orden recibida fue EJECUTAR
[DEBUG] 16:55:16:643 ESI/(8197:8197): La sentencia parseada del esi con id = 3 es:
Op = GET
Clave = nintendo:consola:switch
Valor = No corresponde

[TRACE] 16:55:16:643 ESI/(8197:8197): El esi de id = 3 ha enviado la sentencia al Coordinador
[TRACE] 16:55:16:644 ESI/(8197:8197): El esi de id = 3 espera el resultado de ejecucion de Coordinador
[DEBUG] 16:55:17:648 ESI/(8197:8197): El esi de id = 3 recibe el resultado de SUCCESS
[TRACE] 16:55:17:648 ESI/(8197:8197): El esi de id = 3 ha enviado el resultado al Planificador
[TRACE] 16:55:17:648 ESI/(8197:8197): El esi de id = 3 espera orden de Planificador
[DEBUG] 16:55:17:648 ESI/(8197:8197): La orden recibida fue EJECUTAR
[DEBUG] 16:55:17:648 ESI/(8197:8197): La sentencia parseada del esi con id = 3 es:
Op = SET
Clave = nintendo:consola:nes
Valor = Mario

[TRACE] 16:55:17:648 ESI/(8197:8197): El esi de id = 3 ha enviado la sentencia al Coordinador
[TRACE] 16:55:17:650 ESI/(8197:8197): El esi de id = 3 espera el resultado de ejecucion de Coordinador
[DEBUG] 16:55:18:654 ESI/(8197:8197): El esi de id = 3 recibe el resultado de SUCCESS
[TRACE] 16:55:18:654 ESI/(8197:8197): El esi de id = 3 ha enviado el resultado al Planificador
[TRACE] 16:55:18:654 ESI/(8197:8197): El esi de id = 3 espera orden de Planificador
[DEBUG] 16:55:18:654 ESI/(8197:8197): La orden recibida fue EJECUTAR
[DEBUG] 16:55:18:654 ESI/(8197:8197): La sentencia parseada del esi con id = 3 es:
Op = SET
Clave = nintendo:consola:snes
Valor = SuperMario

[TRACE] 16:55:18:654 ESI/(8197:8197): El esi de id = 3 ha enviado la sentencia al Coordinador
[TRACE] 16:55:18:655 ESI/(8197:8197): El esi de id = 3 espera el resultado de ejecucion de Coordinador
[DEBUG] 16:55:19:662 ESI/(8197:8197): El esi de id = 3 recibe el resultado de SUCCESS
[TRACE] 16:55:19:662 ESI/(8197:8197): El esi de id = 3 ha enviado el resultado al Planificador
[TRACE] 16:55:19:662 ESI/(8197:8197): El esi de id = 3 espera orden de Planificador
[DEBUG] 16:55:19:662 ESI/(8197:8197): La orden recibida fue EJECUTAR
[DEBUG] 16:55:19:662 ESI/(8197:8197): La sentencia parseada del esi con id = 3 es:
Op = SET
Clave = nintendo:consola:nintendo64
Valor = Mario64

[TRACE] 16:55:19:662 ESI/(8197:8197): El esi de id = 3 ha enviado la sentencia al Coordinador
[TRACE] 16:55:19:662 ESI/(8197:8197): El esi de id = 3 espera el resultado de ejecucion de Coordinador
[DEBUG] 16:55:20:668 ESI/(8197:8197): El esi de id = 3 recibe el resultado de SUCCESS
[TRACE] 16:55:20:668 ESI/(8197:8197): El esi de id = 3 ha enviado el resultado al Planificador
[TRACE] 16:55:20:668 ESI/(8197:8197): El esi de id = 3 espera orden de Planificador
[DEBUG] 16:55:20:668 ESI/(8197:8197): La orden recibida fue EJECUTAR
[DEBUG] 16:55:20:668 ESI/(8197:8197): La sentencia parseada del esi con id = 3 es:
Op = SET
Clave = nintendo:consola:gamecube
Valor = Mario

[TRACE] 16:55:20:669 ESI/(8197:8197): El esi de id = 3 ha enviado la sentencia al Coordinador
[TRACE] 16:55:20:670 ESI/(8197:8197): El esi de id = 3 espera el resultado de ejecucion de Coordinador
[DEBUG] 16:55:21:674 ESI/(8197:8197): El esi de id = 3 recibe el resultado de SUCCESS
[TRACE] 16:55:21:674 ESI/(8197:8197): El esi de id = 3 ha enviado el resultado al Planificador
[TRACE] 16:55:21:674 ESI/(8197:8197): El esi de id = 3 espera orden de Planificador
[DEBUG] 16:55:21:674 ESI/(8197:8197): La orden recibida fue EJECUTAR
[DEBUG] 16:55:21:674 ESI/(8197:8197): La sentencia parseada del esi con id = 3 es:
Op = SET
Clave = nintendo:consola:wii
Valor = MarioGalaxy

[TRACE] 16:55:21:674 ESI/(8197:8197): El esi de id = 3 ha enviado la sentencia al Coordinador
[TRACE] 16:55:21:675 ESI/(8197:8197): El esi de id = 3 espera el resultado de ejecucion de Coordinador
[DEBUG] 16:55:22:681 ESI/(8197:8197): El esi de id = 3 recibe el resultado de SUCCESS
[TRACE] 16:55:22:682 ESI/(8197:8197): El esi de id = 3 ha enviado el resultado al Planificador
[TRACE] 16:55:22:682 ESI/(8197:8197): El esi de id = 3 espera orden de Planificador
[DEBUG] 16:55:22:682 ESI/(8197:8197): La orden recibida fue EJECUTAR
[DEBUG] 16:55:22:682 ESI/(8197:8197): La sentencia parseada del esi con id = 3 es:
Op = SET
Clave = nintendo:consola:wiiu
Valor = RIP

[TRACE] 16:55:22:682 ESI/(8197:8197): El esi de id = 3 ha enviado la sentencia al Coordinador
[TRACE] 16:55:22:682 ESI/(8197:8197): El esi de id = 3 espera el resultado de ejecucion de Coordinador
[DEBUG] 16:55:23:688 ESI/(8197:8197): El esi de id = 3 recibe el resultado de SUCCESS
[TRACE] 16:55:23:688 ESI/(8197:8197): El esi de id = 3 ha enviado el resultado al Planificador
[TRACE] 16:55:23:688 ESI/(8197:8197): El esi de id = 3 espera orden de Planificador
[DEBUG] 16:55:23:688 ESI/(8197:8197): La orden recibida fue EJECUTAR
[DEBUG] 16:55:23:689 ESI/(8197:8197): La sentencia parseada del esi con id = 3 es:
Op = SET
Clave = nintendo:consola:switch
Valor = MarioOddysey

[TRACE] 16:55:23:689 ESI/(8197:8197): El esi de id = 3 ha enviado la sentencia al Coordinador
[TRACE] 16:55:23:689 ESI/(8197:8197): El esi de id = 3 espera el resultado de ejecucion de Coordinador
[DEBUG] 16:55:24:693 ESI/(8197:8197): El esi de id = 3 recibe el resultado de SUCCESS
[TRACE] 16:55:24:693 ESI/(8197:8197): El esi de id = 3 ha enviado el resultado al Planificador
[TRACE] 16:55:24:693 ESI/(8197:8197): El esi de id = 3 espera orden de Planificador
[DEBUG] 16:55:24:693 ESI/(8197:8197): La orden recibida fue EJECUTAR
[DEBUG] 16:55:24:693 ESI/(8197:8197): La sentencia parseada del esi con id = 3 es:
Op = SET
Clave = sony:consola:ps1
Valor = FinalFantasy

[TRACE] 16:55:24:693 ESI/(8197:8197): El esi de id = 3 ha enviado la sentencia al Coordinador
[TRACE] 16:55:24:694 ESI/(8197:8197): El esi de id = 3 espera el resultado de ejecucion de Coordinador
[DEBUG] 16:55:25:700 ESI/(8197:8197): El esi de id = 3 recibe el resultado de SUCCESS
[TRACE] 16:55:25:700 ESI/(8197:8197): El esi de id = 3 ha enviado el resultado al Planificador
[TRACE] 16:55:25:700 ESI/(8197:8197): El esi de id = 3 espera orden de Planificador
[DEBUG] 16:55:25:700 ESI/(8197:8197): La orden recibida fue EJECUTAR
[DEBUG] 16:55:25:700 ESI/(8197:8197): La sentencia parseada del esi con id = 3 es:
Op = SET
Clave = sony:consola:ps2
Valor = GodOfWar

[TRACE] 16:55:25:701 ESI/(8197:8197): El esi de id = 3 ha enviado la sentencia al Coordinador
[TRACE] 16:55:25:701 ESI/(8197:8197): El esi de id = 3 espera el resultado de ejecucion de Coordinador
[DEBUG] 16:55:26:706 ESI/(8197:8197): El esi de id = 3 recibe el resultado de SUCCESS
[TRACE] 16:55:26:706 ESI/(8197:8197): El esi de id = 3 ha enviado el resultado al Planificador
[TRACE] 16:55:26:706 ESI/(8197:8197): El esi de id = 3 espera orden de Planificador
[DEBUG] 16:55:26:706 ESI/(8197:8197): La orden recibida fue EJECUTAR
[DEBUG] 16:55:26:706 ESI/(8197:8197): La sentencia parseada del esi con id = 3 es:
Op = SET
Clave = sony:consola:ps3
Valor = TLOU

[TRACE] 16:55:26:707 ESI/(8197:8197): El esi de id = 3 ha enviado la sentencia al Coordinador
[TRACE] 16:55:26:707 ESI/(8197:8197): El esi de id = 3 espera el resultado de ejecucion de Coordinador
[DEBUG] 16:55:27:712 ESI/(8197:8197): El esi de id = 3 recibe el resultado de SUCCESS
[TRACE] 16:55:27:712 ESI/(8197:8197): El esi de id = 3 ha enviado el resultado al Planificador
[TRACE] 16:55:27:712 ESI/(8197:8197): El esi de id = 3 espera orden de Planificador
[DEBUG] 16:55:27:713 ESI/(8197:8197): La orden recibida fue EJECUTAR
[DEBUG] 16:55:27:714 ESI/(8197:8197): La sentencia parseada del esi con id = 3 es:
Op = SET
Clave = sony:consola:ps4
Valor = Bloodborne

[TRACE] 16:55:27:714 ESI/(8197:8197): El esi de id = 3 ha enviado la sentencia al Coordinador
[TRACE] 16:55:27:715 ESI/(8197:8197): El esi de id = 3 espera el resultado de ejecucion de Coordinador
[DEBUG] 16:55:28:719 ESI/(8197:8197): El esi de id = 3 recibe el resultado de SUCCESS
[TRACE] 16:55:28:719 ESI/(8197:8197): El esi de id = 3 ha enviado el resultado al Planificador
[TRACE] 16:55:28:720 ESI/(8197:8197): El esi de id = 3 espera orden de Planificador
[DEBUG] 16:55:28:720 ESI/(8197:8197): La orden recibida fue EJECUTAR
[DEBUG] 16:55:28:720 ESI/(8197:8197): La sentencia parseada del esi con id = 3 es:
Op = SET
Clave = microsoft:consola:xbox
Valor = Halo

[TRACE] 16:55:28:720 ESI/(8197:8197): El esi de id = 3 ha enviado la sentencia al Coordinador
[TRACE] 16:55:28:720 ESI/(8197:8197): El esi de id = 3 espera el resultado de ejecucion de Coordinador
[DEBUG] 16:55:29:725 ESI/(8197:8197): El esi de id = 3 recibe el resultado de SUCCESS
[TRACE] 16:55:29:725 ESI/(8197:8197): El esi de id = 3 ha enviado el resultado al Planificador
[TRACE] 16:55:29:725 ESI/(8197:8197): El esi de id = 3 espera orden de Planificador
[DEBUG] 16:55:29:725 ESI/(8197:8197): La orden recibida fue EJECUTAR
[DEBUG] 16:55:29:725 ESI/(8197:8197): La sentencia parseada del esi con id = 3 es:
Op = SET
Clave = microsoft:consola:xbox360
Valor = Halo

[TRACE] 16:55:29:725 ESI/(8197:8197): El esi de id = 3 ha enviado la sentencia al Coordinador
[TRACE] 16:55:29:725 ESI/(8197:8197): El esi de id = 3 espera el resultado de ejecucion de Coordinador
[DEBUG] 16:55:30:729 ESI/(8197:8197): El esi de id = 3 recibe el resultado de SUCCESS
[TRACE] 16:55:30:730 ESI/(8197:8197): El esi de id = 3 ha enviado el resultado al Planificador
[TRACE] 16:55:30:730 ESI/(8197:8197): El esi de id = 3 espera orden de Planificador
[DEBUG] 16:55:30:730 ESI/(8197:8197): La orden recibida fue EJECUTAR
[DEBUG] 16:55:30:730 ESI/(8197:8197): La sentencia parseada del esi con id = 3 es:
Op = SET
Clave = microsoft:consola:xboxone
Valor = Halo

[TRACE] 16:55:30:730 ESI/(8197:8197): El esi de id = 3 ha enviado la sentencia al Coordinador
[TRACE] 16:55:30:730 ESI/(8197:8197): El esi de id = 3 espera el resultado de ejecucion de Coordinador
[DEBUG] 16:55:31:736 ESI/(8197:8197): El esi de id = 3 recibe el resultado de SUCCESS
[TRACE] 16:55:31:736 ESI/(8197:8197): El esi de id = 3 ha enviado el resultado al Planificador
[TRACE] 16:55:31:736 ESI/(8197:8197): El esi de id = 3 espera orden de Planificador
[DEBUG] 16:55:31:736 ESI/(8197:8197): La orden recibida fue EJECUTAR
[TRACE] 16:55:31:736 ESI/(8197:8197): El ESI de id = 3 finalizo su ejecucion correctamente
[TRACE] 16:55:31:737 ESI/(8197:8197): Se informa del fin de ejecucion del esi de id = 3 al Coordinador
[TRACE] 16:55:31:737 ESI/(8197:8197): Se informa del fin de ejecucion del esi de id = 3 al PLanificador
[TRACE] 18:06:57:453 ESI/(11525:11525): Iniciando...
[TRACE] 18:06:57:457 ESI/(11525:11525): Se obtiene ID 3 del archivo de configuracion
[TRACE] 18:06:57:460 ESI/(11525:11525): El esi de id = 3 se conecto al Coordinador en el socket 4
[TRACE] 18:06:57:460 ESI/(11525:11525): El esi de id = 3 se conecto al Planificador en el socket 5
[TRACE] 18:06:57:460 ESI/(11525:11525): Script ejemplo.esi abierto
[TRACE] 18:06:57:460 ESI/(11525:11525): El esi de id = 3 esta esperando orden de Planificador
[ERROR] 18:08:25:943 ESI/(11525:11525): No se pudo recibir la orden del planificador porque se desconecto.
[TRACE] 18:18:02:302 ESI/(11994:11994): Iniciando...
[TRACE] 18:18:02:304 ESI/(11994:11994): Se obtiene ID 3 del archivo de configuracion
[TRACE] 18:18:02:304 ESI/(11994:11994): El esi de id = 3 se conecto al Coordinador en el socket 4
[TRACE] 18:18:02:309 ESI/(11994:11994): El esi de id = 3 se conecto al Planificador en el socket 5
[TRACE] 18:18:02:310 ESI/(11994:11994): Script ejemplo.esi abierto
[TRACE] 18:18:02:310 ESI/(11994:11994): El esi de id = 3 esta esperando orden de Planificador
[DEBUG] 18:18:02:311 ESI/(11994:11994): La orden recibida fue EJECUTAR
[DEBUG] 18:18:02:316 ESI/(11994:11994): La sentencia parseada del esi con id = 3 es:
Op = GET
Clave = sony:consola:ps1
Valor = No corresponde

[TRACE] 18:18:02:316 ESI/(11994:11994): El esi de id = 3 ha enviado la sentencia al Coordinador
[TRACE] 18:18:02:316 ESI/(11994:11994): El esi de id = 3 espera el resultado de ejecucion de Coordinador
[DEBUG] 18:18:03:321 ESI/(11994:11994): El esi de id = 3 recibe el resultado de SUCCESS
[TRACE] 18:18:03:321 ESI/(11994:11994): El esi de id = 3 ha enviado el resultado al Planificador
[TRACE] 18:18:03:321 ESI/(11994:11994): El esi de id = 3 espera orden de Planificador
[DEBUG] 18:18:03:321 ESI/(11994:11994): La orden recibida fue EJECUTAR
[DEBUG] 18:18:03:321 ESI/(11994:11994): La sentencia parseada del esi con id = 3 es:
Op = GET
Clave = sony:consola:ps2
Valor = No corresponde

[TRACE] 18:18:03:321 ESI/(11994:11994): El esi de id = 3 ha enviado la sentencia al Coordinador
[TRACE] 18:18:03:321 ESI/(11994:11994): El esi de id = 3 espera el resultado de ejecucion de Coordinador
[DEBUG] 18:18:04:325 ESI/(11994:11994): El esi de id = 3 recibe el resultado de SUCCESS
[TRACE] 18:18:04:325 ESI/(11994:11994): El esi de id = 3 ha enviado el resultado al Planificador
[TRACE] 18:18:04:325 ESI/(11994:11994): El esi de id = 3 espera orden de Planificador
[DEBUG] 18:18:04:325 ESI/(11994:11994): La orden recibida fue EJECUTAR
[DEBUG] 18:18:04:325 ESI/(11994:11994): La sentencia parseada del esi con id = 3 es:
Op = GET
Clave = sony:consola:ps3
Valor = No corresponde

[TRACE] 18:18:04:326 ESI/(11994:11994): El esi de id = 3 ha enviado la sentencia al Coordinador
[TRACE] 18:18:04:326 ESI/(11994:11994): El esi de id = 3 espera el resultado de ejecucion de Coordinador
[DEBUG] 18:18:05:330 ESI/(11994:11994): El esi de id = 3 recibe el resultado de SUCCESS
[TRACE] 18:18:05:330 ESI/(11994:11994): El esi de id = 3 ha enviado el resultado al Planificador
[TRACE] 18:18:05:330 ESI/(11994:11994): El esi de id = 3 espera orden de Planificador
[DEBUG] 18:18:54:12 ESI/(11994:11994): La orden recibida fue EJECUTAR
[DEBUG] 18:18:54:13 ESI/(11994:11994): La sentencia parseada del esi con id = 3 es:
Op = GET
Clave = sony:consola:ps4
Valor = No corresponde

[TRACE] 18:18:54:13 ESI/(11994:11994): El esi de id = 3 ha enviado la sentencia al Coordinador
[TRACE] 18:18:54:14 ESI/(11994:11994): El esi de id = 3 espera el resultado de ejecucion de Coordinador
[DEBUG] 18:18:54:14 ESI/(11994:11994): El esi de id = 3 recibe el resultado de FAILURE
[TRACE] 18:18:54:14 ESI/(11994:11994): El esi de id = 3 ha enviado el resultado al Planificador
[TRACE] 18:18:54:14 ESI/(11994:11994): El esi de id = 3 espera orden de Planificador
[DEBUG] 18:19:13:331 ESI/(11994:11994): La orden recibida fue EJECUTAR
[TRACE] 22:19:51:485 ESI/(20675:20675): Iniciando...
[TRACE] 22:19:51:491 ESI/(20675:20675): Se obtiene ID 3 del archivo de configuracion
[TRACE] 22:19:51:492 ESI/(20675:20675): El esi de id = 3 se conecto al Coordinador en el socket 4
[TRACE] 22:19:51:492 ESI/(20675:20675): El esi de id = 3 se conecto al Planificador en el socket 5
[TRACE] 22:19:51:492 ESI/(20675:20675): Script ejemplo.esi abierto
[TRACE] 22:19:51:492 ESI/(20675:20675): El esi de id = 3 esta esperando orden de Planificador
[DEBUG] 22:19:51:496 ESI/(20675:20675): La orden recibida fue EJECUTAR
[DEBUG] 22:19:51:497 ESI/(20675:20675): La sentencia parseada del esi con id = 3 es:
Op = GET
Clave = sony:consola:ps1
Valor = No corresponde

[TRACE] 22:19:51:498 ESI/(20675:20675): El esi de id = 3 ha enviado la sentencia al Coordinador
[TRACE] 22:19:51:498 ESI/(20675:20675): El esi de id = 3 espera el resultado de ejecucion de Coordinador
[DEBUG] 22:19:52:502 ESI/(20675:20675): El esi de id = 3 recibe el resultado de SUCCESS
[TRACE] 22:19:52:502 ESI/(20675:20675): El esi de id = 3 ha enviado el resultado al Planificador
[TRACE] 22:19:52:502 ESI/(20675:20675): El esi de id = 3 espera orden de Planificador
[DEBUG] 22:19:52:502 ESI/(20675:20675): La orden recibida fue EJECUTAR
[DEBUG] 22:19:52:502 ESI/(20675:20675): La sentencia parseada del esi con id = 3 es:
Op = GET
Clave = sony:consola:ps2
Valor = No corresponde

[TRACE] 22:19:52:502 ESI/(20675:20675): El esi de id = 3 ha enviado la sentencia al Coordinador
[TRACE] 22:19:52:502 ESI/(20675:20675): El esi de id = 3 espera el resultado de ejecucion de Coordinador
[DEBUG] 22:19:53:504 ESI/(20675:20675): El esi de id = 3 recibe el resultado de SUCCESS
[TRACE] 22:19:53:504 ESI/(20675:20675): El esi de id = 3 ha enviado el resultado al Planificador
[TRACE] 22:19:53:504 ESI/(20675:20675): El esi de id = 3 espera orden de Planificador
[DEBUG] 22:19:53:504 ESI/(20675:20675): La orden recibida fue EJECUTAR
[DEBUG] 22:19:53:504 ESI/(20675:20675): La sentencia parseada del esi con id = 3 es:
Op = GET
Clave = sony:consola:ps3
Valor = No corresponde

[TRACE] 22:19:53:504 ESI/(20675:20675): El esi de id = 3 ha enviado la sentencia al Coordinador
[TRACE] 22:19:53:504 ESI/(20675:20675): El esi de id = 3 espera el resultado de ejecucion de Coordinador
[DEBUG] 22:19:54:506 ESI/(20675:20675): El esi de id = 3 recibe el resultado de SUCCESS
[TRACE] 22:19:54:506 ESI/(20675:20675): El esi de id = 3 ha enviado el resultado al Planificador
[TRACE] 22:19:54:506 ESI/(20675:20675): El esi de id = 3 espera orden de Planificador
[DEBUG] 22:19:54:507 ESI/(20675:20675): La orden recibida fue EJECUTAR
[DEBUG] 22:19:54:507 ESI/(20675:20675): La sentencia parseada del esi con id = 3 es:
Op = GET
Clave = sony:consola:ps4
Valor = No corresponde

[TRACE] 22:19:54:507 ESI/(20675:20675): El esi de id = 3 ha enviado la sentencia al Coordinador
[TRACE] 22:19:54:507 ESI/(20675:20675): El esi de id = 3 espera el resultado de ejecucion de Coordinador
[DEBUG] 22:19:55:509 ESI/(20675:20675): El esi de id = 3 recibe el resultado de SUCCESS
[TRACE] 22:19:55:509 ESI/(20675:20675): El esi de id = 3 ha enviado el resultado al Planificador
[TRACE] 22:19:55:510 ESI/(20675:20675): El esi de id = 3 espera orden de Planificador
[DEBUG] 22:19:55:510 ESI/(20675:20675): La orden recibida fue EJECUTAR
[DEBUG] 22:19:55:510 ESI/(20675:20675): La sentencia parseada del esi con id = 3 es:
Op = GET
Clave = microsoft:consola:xbox
Valor = No corresponde

[TRACE] 22:19:55:510 ESI/(20675:20675): El esi de id = 3 ha enviado la sentencia al Coordinador
[TRACE] 22:19:55:510 ESI/(20675:20675): El esi de id = 3 espera el resultado de ejecucion de Coordinador
[DEBUG] 22:19:56:514 ESI/(20675:20675): El esi de id = 3 recibe el resultado de SUCCESS
[TRACE] 22:19:56:514 ESI/(20675:20675): El esi de id = 3 ha enviado el resultado al Planificador
[TRACE] 22:19:56:514 ESI/(20675:20675): El esi de id = 3 espera orden de Planificador
[DEBUG] 22:19:56:514 ESI/(20675:20675): La orden recibida fue EJECUTAR
[DEBUG] 22:19:56:514 ESI/(20675:20675): La sentencia parseada del esi con id = 3 es:
Op = GET
Clave = microsoft:consola:xbox360
Valor = No corresponde

[TRACE] 22:19:56:514 ESI/(20675:20675): El esi de id = 3 ha enviado la sentencia al Coordinador
[TRACE] 22:19:56:514 ESI/(20675:20675): El esi de id = 3 espera el resultado de ejecucion de Coordinador
[DEBUG] 22:19:57:518 ESI/(20675:20675): El esi de id = 3 recibe el resultado de SUCCESS
[TRACE] 22:19:57:518 ESI/(20675:20675): El esi de id = 3 ha enviado el resultado al Planificador
[TRACE] 22:19:57:518 ESI/(20675:20675): El esi de id = 3 espera orden de Planificador
[DEBUG] 22:19:57:518 ESI/(20675:20675): La orden recibida fue EJECUTAR
[DEBUG] 22:19:57:518 ESI/(20675:20675): La sentencia parseada del esi con id = 3 es:
Op = GET
Clave = microsoft:consola:xboxone
Valor = No corresponde

[TRACE] 22:19:57:518 ESI/(20675:20675): El esi de id = 3 ha enviado la sentencia al Coordinador
[TRACE] 22:19:57:518 ESI/(20675:20675): El esi de id = 3 espera el resultado de ejecucion de Coordinador
[DEBUG] 22:19:58:521 ESI/(20675:20675): El esi de id = 3 recibe el resultado de SUCCESS
[TRACE] 22:19:58:521 ESI/(20675:20675): El esi de id = 3 ha enviado el resultado al Planificador
[TRACE] 22:19:58:521 ESI/(20675:20675): El esi de id = 3 espera orden de Planificador
[DEBUG] 22:19:58:521 ESI/(20675:20675): La orden recibida fue EJECUTAR
[DEBUG] 22:19:58:521 ESI/(20675:20675): La sentencia parseada del esi con id = 3 es:
Op = GET
Clave = nintendo:consola:nes
Valor = No corresponde

[TRACE] 22:19:58:521 ESI/(20675:20675): El esi de id = 3 ha enviado la sentencia al Coordinador
[TRACE] 22:19:58:521 ESI/(20675:20675): El esi de id = 3 espera el resultado de ejecucion de Coordinador
[DEBUG] 22:19:59:525 ESI/(20675:20675): El esi de id = 3 recibe el resultado de SUCCESS
[TRACE] 22:19:59:525 ESI/(20675:20675): El esi de id = 3 ha enviado el resultado al Planificador
[TRACE] 22:19:59:525 ESI/(20675:20675): El esi de id = 3 espera orden de Planificador
[DEBUG] 22:19:59:525 ESI/(20675:20675): La orden recibida fue EJECUTAR
[DEBUG] 22:19:59:525 ESI/(20675:20675): La sentencia parseada del esi con id = 3 es:
Op = GET
Clave = nintendo:consola:snes
Valor = No corresponde

[TRACE] 22:19:59:525 ESI/(20675:20675): El esi de id = 3 ha enviado la sentencia al Coordinador
[TRACE] 22:19:59:525 ESI/(20675:20675): El esi de id = 3 espera el resultado de ejecucion de Coordinador
[DEBUG] 22:20:00:527 ESI/(20675:20675): El esi de id = 3 recibe el resultado de SUCCESS
[TRACE] 22:20:00:527 ESI/(20675:20675): El esi de id = 3 ha enviado el resultado al Planificador
[TRACE] 22:20:00:527 ESI/(20675:20675): El esi de id = 3 espera orden de Planificador
[DEBUG] 22:20:00:528 ESI/(20675:20675): La orden recibida fue EJECUTAR
[DEBUG] 22:20:00:528 ESI/(20675:20675): La sentencia parseada del esi con id = 3 es:
Op = GET
Clave = nintendo:consola:nintendo64
Valor = No corresponde

[TRACE] 22:20:00:528 ESI/(20675:20675): El esi de id = 3 ha enviado la sentencia al Coordinador
[TRACE] 22:20:00:529 ESI/(20675:20675): El esi de id = 3 espera el resultado de ejecucion de Coordinador
[DEBUG] 22:20:01:531 ESI/(20675:20675): El esi de id = 3 recibe el resultado de SUCCESS
[TRACE] 22:20:01:531 ESI/(20675:20675): El esi de id = 3 ha enviado el resultado al Planificador
[TRACE] 22:20:01:531 ESI/(20675:20675): El esi de id = 3 espera orden de Planificador
[DEBUG] 22:20:01:531 ESI/(20675:20675): La orden recibida fue EJECUTAR
[DEBUG] 22:20:01:531 ESI/(20675:20675): La sentencia parseada del esi con id = 3 es:
Op = GET
Clave = nintendo:consola:gamecube
Valor = No corresponde

[TRACE] 22:20:01:531 ESI/(20675:20675): El esi de id = 3 ha enviado la sentencia al Coordinador
[TRACE] 22:20:01:531 ESI/(20675:20675): El esi de id = 3 espera el resultado de ejecucion de Coordinador
[DEBUG] 22:20:02:536 ESI/(20675:20675): El esi de id = 3 recibe el resultado de SUCCESS
[TRACE] 22:20:02:536 ESI/(20675:20675): El esi de id = 3 ha enviado el resultado al Planificador
[TRACE] 22:20:02:537 ESI/(20675:20675): El esi de id = 3 espera orden de Planificador
[DEBUG] 22:20:02:537 ESI/(20675:20675): La orden recibida fue EJECUTAR
[DEBUG] 22:20:02:537 ESI/(20675:20675): La sentencia parseada del esi con id = 3 es:
Op = GET
Clave = nintendo:consola:wii
Valor = No corresponde

[TRACE] 22:20:02:537 ESI/(20675:20675): El esi de id = 3 ha enviado la sentencia al Coordinador
[TRACE] 22:20:02:538 ESI/(20675:20675): El esi de id = 3 espera el resultado de ejecucion de Coordinador
[DEBUG] 22:20:03:540 ESI/(20675:20675): El esi de id = 3 recibe el resultado de SUCCESS
[TRACE] 22:20:03:540 ESI/(20675:20675): El esi de id = 3 ha enviado el resultado al Planificador
[TRACE] 22:20:03:540 ESI/(20675:20675): El esi de id = 3 espera orden de Planificador
[DEBUG] 22:20:03:540 ESI/(20675:20675): La orden recibida fue EJECUTAR
[DEBUG] 22:20:03:540 ESI/(20675:20675): La sentencia parseada del esi con id = 3 es:
Op = GET
Clave = nintendo:consola:wiiu
Valor = No corresponde

[TRACE] 22:20:03:540 ESI/(20675:20675): El esi de id = 3 ha enviado la sentencia al Coordinador
[TRACE] 22:20:03:540 ESI/(20675:20675): El esi de id = 3 espera el resultado de ejecucion de Coordinador
[DEBUG] 22:20:04:543 ESI/(20675:20675): El esi de id = 3 recibe el resultado de SUCCESS
[TRACE] 22:20:04:543 ESI/(20675:20675): El esi de id = 3 ha enviado el resultado al Planificador
[TRACE] 22:20:04:543 ESI/(20675:20675): El esi de id = 3 espera orden de Planificador
[DEBUG] 22:20:04:543 ESI/(20675:20675): La orden recibida fue EJECUTAR
[DEBUG] 22:20:04:543 ESI/(20675:20675): La sentencia parseada del esi con id = 3 es:
Op = GET
Clave = nintendo:consola:switch
Valor = No corresponde

[TRACE] 22:20:04:543 ESI/(20675:20675): El esi de id = 3 ha enviado la sentencia al Coordinador
[TRACE] 22:20:04:543 ESI/(20675:20675): El esi de id = 3 espera el resultado de ejecucion de Coordinador
[DEBUG] 22:20:05:546 ESI/(20675:20675): El esi de id = 3 recibe el resultado de SUCCESS
[TRACE] 22:20:05:546 ESI/(20675:20675): El esi de id = 3 ha enviado el resultado al Planificador
[TRACE] 22:20:05:546 ESI/(20675:20675): El esi de id = 3 espera orden de Planificador
[DEBUG] 22:20:05:547 ESI/(20675:20675): La orden recibida fue EJECUTAR
[DEBUG] 22:20:05:547 ESI/(20675:20675): La sentencia parseada del esi con id = 3 es:
Op = SET
Clave = nintendo:consola:nes
Valor = Mario

[TRACE] 22:20:05:547 ESI/(20675:20675): El esi de id = 3 ha enviado la sentencia al Coordinador
[TRACE] 22:20:05:547 ESI/(20675:20675): El esi de id = 3 espera el resultado de ejecucion de Coordinador
[DEBUG] 22:20:06:549 ESI/(20675:20675): El esi de id = 3 recibe el resultado de SUCCESS
[TRACE] 22:20:06:549 ESI/(20675:20675): El esi de id = 3 ha enviado el resultado al Planificador
[TRACE] 22:20:06:550 ESI/(20675:20675): El esi de id = 3 espera orden de Planificador
[DEBUG] 22:20:06:550 ESI/(20675:20675): La orden recibida fue EJECUTAR
[DEBUG] 22:20:06:550 ESI/(20675:20675): La sentencia parseada del esi con id = 3 es:
Op = SET
Clave = nintendo:consola:snes
Valor = SuperMario

[TRACE] 22:20:06:550 ESI/(20675:20675): El esi de id = 3 ha enviado la sentencia al Coordinador
[TRACE] 22:20:06:550 ESI/(20675:20675): El esi de id = 3 espera el resultado de ejecucion de Coordinador
[DEBUG] 22:20:07:553 ESI/(20675:20675): El esi de id = 3 recibe el resultado de SUCCESS
[TRACE] 22:20:07:553 ESI/(20675:20675): El esi de id = 3 ha enviado el resultado al Planificador
[TRACE] 22:20:07:553 ESI/(20675:20675): El esi de id = 3 espera orden de Planificador
[DEBUG] 22:20:07:553 ESI/(20675:20675): La orden recibida fue EJECUTAR
[DEBUG] 22:20:07:553 ESI/(20675:20675): La sentencia parseada del esi con id = 3 es:
Op = SET
Clave = nintendo:consola:nintendo64
Valor = Mario64

[TRACE] 22:20:07:553 ESI/(20675:20675): El esi de id = 3 ha enviado la sentencia al Coordinador
[TRACE] 22:20:07:553 ESI/(20675:20675): El esi de id = 3 espera el resultado de ejecucion de Coordinador
[DEBUG] 22:20:08:557 ESI/(20675:20675): El esi de id = 3 recibe el resultado de SUCCESS
[TRACE] 22:20:08:557 ESI/(20675:20675): El esi de id = 3 ha enviado el resultado al Planificador
[TRACE] 22:20:08:557 ESI/(20675:20675): El esi de id = 3 espera orden de Planificador
[DEBUG] 22:20:08:557 ESI/(20675:20675): La orden recibida fue EJECUTAR
[DEBUG] 22:20:08:557 ESI/(20675:20675): La sentencia parseada del esi con id = 3 es:
Op = SET
Clave = nintendo:consola:gamecube
Valor = Mario

[TRACE] 22:20:08:557 ESI/(20675:20675): El esi de id = 3 ha enviado la sentencia al Coordinador
[TRACE] 22:20:08:557 ESI/(20675:20675): El esi de id = 3 espera el resultado de ejecucion de Coordinador
[DEBUG] 22:20:09:561 ESI/(20675:20675): El esi de id = 3 recibe el resultado de SUCCESS
[TRACE] 22:20:09:561 ESI/(20675:20675): El esi de id = 3 ha enviado el resultado al Planificador
[TRACE] 22:20:09:561 ESI/(20675:20675): El esi de id = 3 espera orden de Planificador
[DEBUG] 22:20:09:561 ESI/(20675:20675): La orden recibida fue EJECUTAR
[DEBUG] 22:20:09:561 ESI/(20675:20675): La sentencia parseada del esi con id = 3 es:
Op = SET
Clave = nintendo:consola:wii
Valor = MarioGalaxy

[TRACE] 22:20:09:561 ESI/(20675:20675): El esi de id = 3 ha enviado la sentencia al Coordinador
[TRACE] 22:20:09:561 ESI/(20675:20675): El esi de id = 3 espera el resultado de ejecucion de Coordinador
[DEBUG] 22:20:10:564 ESI/(20675:20675): El esi de id = 3 recibe el resultado de SUCCESS
[TRACE] 22:20:10:564 ESI/(20675:20675): El esi de id = 3 ha enviado el resultado al Planificador
[TRACE] 22:20:10:564 ESI/(20675:20675): El esi de id = 3 espera orden de Planificador
[DEBUG] 22:20:10:564 ESI/(20675:20675): La orden recibida fue EJECUTAR
[DEBUG] 22:20:10:564 ESI/(20675:20675): La sentencia parseada del esi con id = 3 es:
Op = SET
Clave = nintendo:consola:wiiu
Valor = RIP

[TRACE] 22:20:10:565 ESI/(20675:20675): El esi de id = 3 ha enviado la sentencia al Coordinador
[TRACE] 22:20:10:565 ESI/(20675:20675): El esi de id = 3 espera el resultado de ejecucion de Coordinador
[DEBUG] 22:20:11:568 ESI/(20675:20675): El esi de id = 3 recibe el resultado de SUCCESS
[TRACE] 22:20:11:568 ESI/(20675:20675): El esi de id = 3 ha enviado el resultado al Planificador
[TRACE] 22:20:11:568 ESI/(20675:20675): El esi de id = 3 espera orden de Planificador
[DEBUG] 22:20:11:568 ESI/(20675:20675): La orden recibida fue EJECUTAR
[DEBUG] 22:20:11:568 ESI/(20675:20675): La sentencia parseada del esi con id = 3 es:
Op = SET
Clave = nintendo:consola:switch
Valor = MarioOddysey

[TRACE] 22:20:11:568 ESI/(20675:20675): El esi de id = 3 ha enviado la sentencia al Coordinador
[TRACE] 22:20:11:568 ESI/(20675:20675): El esi de id = 3 espera el resultado de ejecucion de Coordinador
[DEBUG] 22:20:12:572 ESI/(20675:20675): El esi de id = 3 recibe el resultado de SUCCESS
[TRACE] 22:20:12:572 ESI/(20675:20675): El esi de id = 3 ha enviado el resultado al Planificador
[TRACE] 22:20:12:573 ESI/(20675:20675): El esi de id = 3 espera orden de Planificador
[DEBUG] 22:20:12:573 ESI/(20675:20675): La orden recibida fue EJECUTAR
[DEBUG] 22:20:12:573 ESI/(20675:20675): La sentencia parseada del esi con id = 3 es:
Op = SET
Clave = sony:consola:ps1
Valor = FinalFantasy

[TRACE] 22:20:12:573 ESI/(20675:20675): El esi de id = 3 ha enviado la sentencia al Coordinador
[TRACE] 22:20:12:573 ESI/(20675:20675): El esi de id = 3 espera el resultado de ejecucion de Coordinador
[DEBUG] 22:20:13:577 ESI/(20675:20675): El esi de id = 3 recibe el resultado de SUCCESS
[TRACE] 22:20:13:577 ESI/(20675:20675): El esi de id = 3 ha enviado el resultado al Planificador
[TRACE] 22:20:13:577 ESI/(20675:20675): El esi de id = 3 espera orden de Planificador
[DEBUG] 22:20:13:577 ESI/(20675:20675): La orden recibida fue EJECUTAR
[DEBUG] 22:20:13:577 ESI/(20675:20675): La sentencia parseada del esi con id = 3 es:
Op = SET
Clave = sony:consola:ps2
Valor = GodOfWar

[TRACE] 22:20:13:577 ESI/(20675:20675): El esi de id = 3 ha enviado la sentencia al Coordinador
[TRACE] 22:20:13:577 ESI/(20675:20675): El esi de id = 3 espera el resultado de ejecucion de Coordinador
[DEBUG] 22:20:14:580 ESI/(20675:20675): El esi de id = 3 recibe el resultado de SUCCESS
[TRACE] 22:20:14:580 ESI/(20675:20675): El esi de id = 3 ha enviado el resultado al Planificador
[TRACE] 22:20:14:580 ESI/(20675:20675): El esi de id = 3 espera orden de Planificador
[DEBUG] 22:20:14:580 ESI/(20675:20675): La orden recibida fue EJECUTAR
[DEBUG] 22:20:14:580 ESI/(20675:20675): La sentencia parseada del esi con id = 3 es:
Op = SET
Clave = sony:consola:ps3
Valor = TLOU

[TRACE] 22:20:14:580 ESI/(20675:20675): El esi de id = 3 ha enviado la sentencia al Coordinador
[TRACE] 22:20:14:580 ESI/(20675:20675): El esi de id = 3 espera el resultado de ejecucion de Coordinador
[DEBUG] 22:20:15:583 ESI/(20675:20675): El esi de id = 3 recibe el resultado de SUCCESS
[TRACE] 22:20:15:583 ESI/(20675:20675): El esi de id = 3 ha enviado el resultado al Planificador
[TRACE] 22:20:15:583 ESI/(20675:20675): El esi de id = 3 espera orden de Planificador
[DEBUG] 22:20:15:583 ESI/(20675:20675): La orden recibida fue EJECUTAR
[DEBUG] 22:20:15:583 ESI/(20675:20675): La sentencia parseada del esi con id = 3 es:
Op = SET
Clave = sony:consola:ps4
Valor = Bloodborne

[TRACE] 22:20:15:583 ESI/(20675:20675): El esi de id = 3 ha enviado la sentencia al Coordinador
[TRACE] 22:20:15:583 ESI/(20675:20675): El esi de id = 3 espera el resultado de ejecucion de Coordinador
[DEBUG] 22:20:16:586 ESI/(20675:20675): El esi de id = 3 recibe el resultado de SUCCESS
[TRACE] 22:20:16:586 ESI/(20675:20675): El esi de id = 3 ha enviado el resultado al Planificador
[TRACE] 22:20:16:586 ESI/(20675:20675): El esi de id = 3 espera orden de Planificador
[DEBUG] 22:20:16:586 ESI/(20675:20675): La orden recibida fue EJECUTAR
[DEBUG] 22:20:16:586 ESI/(20675:20675): La sentencia parseada del esi con id = 3 es:
Op = SET
Clave = microsoft:consola:xbox
Valor = Halo

[TRACE] 22:20:16:587 ESI/(20675:20675): El esi de id = 3 ha enviado la sentencia al Coordinador
[TRACE] 22:20:16:587 ESI/(20675:20675): El esi de id = 3 espera el resultado de ejecucion de Coordinador
[DEBUG] 22:20:17:592 ESI/(20675:20675): El esi de id = 3 recibe el resultado de SUCCESS
[TRACE] 22:20:17:592 ESI/(20675:20675): El esi de id = 3 ha enviado el resultado al Planificador
[TRACE] 22:20:17:592 ESI/(20675:20675): El esi de id = 3 espera orden de Planificador
[DEBUG] 22:20:17:592 ESI/(20675:20675): La orden recibida fue EJECUTAR
[DEBUG] 22:20:17:592 ESI/(20675:20675): La sentencia parseada del esi con id = 3 es:
Op = SET
Clave = microsoft:consola:xbox360
Valor = Halo

[TRACE] 22:20:17:592 ESI/(20675:20675): El esi de id = 3 ha enviado la sentencia al Coordinador
[TRACE] 22:20:17:592 ESI/(20675:20675): El esi de id = 3 espera el resultado de ejecucion de Coordinador
[DEBUG] 22:20:18:595 ESI/(20675:20675): El esi de id = 3 recibe el resultado de SUCCESS
[TRACE] 22:20:18:596 ESI/(20675:20675): El esi de id = 3 ha enviado el resultado al Planificador
[TRACE] 22:20:18:596 ESI/(20675:20675): El esi de id = 3 espera orden de Planificador
[DEBUG] 22:20:18:596 ESI/(20675:20675): La orden recibida fue EJECUTAR
[DEBUG] 22:20:18:596 ESI/(20675:20675): La sentencia parseada del esi con id = 3 es:
Op = SET
Clave = microsoft:consola:xboxone
Valor = Halo

[TRACE] 22:20:18:596 ESI/(20675:20675): El esi de id = 3 ha enviado la sentencia al Coordinador
[TRACE] 22:20:18:596 ESI/(20675:20675): El esi de id = 3 espera el resultado de ejecucion de Coordinador
[DEBUG] 22:20:19:599 ESI/(20675:20675): El esi de id = 3 recibe el resultado de SUCCESS
[TRACE] 22:20:19:599 ESI/(20675:20675): El esi de id = 3 ha enviado el resultado al Planificador
[TRACE] 22:20:19:600 ESI/(20675:20675): El esi de id = 3 espera orden de Planificador
[DEBUG] 22:20:19:600 ESI/(20675:20675): La orden recibida fue EJECUTAR
[TRACE] 22:20:19:600 ESI/(20675:20675): El ESI de id = 3 finalizo su ejecucion correctamente
[TRACE] 22:20:19:600 ESI/(20675:20675): Se informa del fin de ejecucion del esi de id = 3 al Coordinador
[TRACE] 22:20:19:600 ESI/(20675:20675): Se informa del fin de ejecucion del esi de id = 3 al PLanificador
