[TRACE] 07:43:27:183 INSTANCIA/(8935:8935): Iniciando...
[TRACE] 07:43:27:183 INSTANCIA/(8935:8935): Tabla de entradas cargada
[TRACE] 07:43:41:758 INSTANCIA/(8940:8940): Iniciando...
[TRACE] 07:43:41:760 INSTANCIA/(8940:8940): Tabla de entradas cargada
[TRACE] 07:44:45:254 INSTANCIA/(8949:8949): Iniciando...
[TRACE] 07:44:45:255 INSTANCIA/(8949:8949): Tabla de entradas cargada
[TRACE] 07:44:48:942 INSTANCIA/(8951:8951): Iniciando...
[TRACE] 07:44:48:942 INSTANCIA/(8951:8951): Tabla de entradas cargada
[TRACE] 07:44:48:942 INSTANCIA/(8951:8951): Conectada a Coordinador
[TRACE] 07:44:48:943 INSTANCIA/(8951:8951): A la espera de solicitudes
[DEBUG] 07:44:54:677 INSTANCIA/(8951:8951): Solicitud recibida
[TRACE] 07:44:54:677 INSTANCIA/(8951:8951): Se informa al Coordinador que su solicitud esta siendo atendida
[DEBUG] 07:44:54:677 INSTANCIA/(8951:8951): Sentencia recibida:
 op=0, clave=jugador, valor=No corresponde

[DEBUG] 07:44:54:677 INSTANCIA/(8951:8951): El resultado de la sentencia fue 1
[TRACE] 07:44:54:677 INSTANCIA/(8951:8951): Resultado enviado al Coordinador
[TRACE] 07:44:54:677 INSTANCIA/(8951:8951): A la espera de solicitudes
[DEBUG] 07:44:54:678 INSTANCIA/(8951:8951): Solicitud recibida
[TRACE] 07:44:54:678 INSTANCIA/(8951:8951): Se informa al Coordinador que su solicitud esta siendo atendida
[DEBUG] 07:44:54:678 INSTANCIA/(8951:8951): Sentencia recibida:
 op=1, clave=jugador, valor=abondanzieri

[DEBUG] 07:44:54:678 INSTANCIA/(8951:8951): El resultado de la sentencia fue 1
[TRACE] 07:44:54:678 INSTANCIA/(8951:8951): Resultado enviado al Coordinador
[TRACE] 07:44:54:678 INSTANCIA/(8951:8951): A la espera de solicitudes
[DEBUG] 07:44:54:715 INSTANCIA/(8951:8951): Solicitud recibida
[TRACE] 07:44:54:715 INSTANCIA/(8951:8951): Se informa al Coordinador que su solicitud esta siendo atendida
[DEBUG] 07:44:54:716 INSTANCIA/(8951:8951): Sentencia recibida:
 op=2, clave=jugador, valor=No corresponde

[DEBUG] 07:44:54:716 INSTANCIA/(8951:8951): El resultado de la sentencia fue 1
[TRACE] 07:44:54:716 INSTANCIA/(8951:8951): Resultado enviado al Coordinador
[TRACE] 07:44:54:716 INSTANCIA/(8951:8951): A la espera de solicitudes
[DEBUG] 07:45:10:936 INSTANCIA/(8951:8951): Solicitud recibida
[TRACE] 07:45:10:936 INSTANCIA/(8951:8951): Se informa al Coordinador que su solicitud esta siendo atendida
[DEBUG] 07:45:10:936 INSTANCIA/(8951:8951): Sentencia recibida:
 op=0, clave=jugador, valor=No corresponde

[DEBUG] 07:45:10:936 INSTANCIA/(8951:8951): El resultado de la sentencia fue 1
[TRACE] 07:45:10:936 INSTANCIA/(8951:8951): Resultado enviado al Coordinador
[TRACE] 07:45:10:936 INSTANCIA/(8951:8951): A la espera de solicitudes
[DEBUG] 07:45:10:937 INSTANCIA/(8951:8951): Solicitud recibida
[TRACE] 07:45:10:937 INSTANCIA/(8951:8951): Se informa al Coordinador que su solicitud esta siendo atendida
[DEBUG] 07:45:10:937 INSTANCIA/(8951:8951): Sentencia recibida:
 op=1, clave=jugador, valor=abondanzieri

[DEBUG] 07:45:10:937 INSTANCIA/(8951:8951): El resultado de la sentencia fue 1
[TRACE] 07:45:10:937 INSTANCIA/(8951:8951): Resultado enviado al Coordinador
[TRACE] 07:45:10:937 INSTANCIA/(8951:8951): A la espera de solicitudes
[DEBUG] 07:45:10:976 INSTANCIA/(8951:8951): Solicitud recibida
[TRACE] 07:45:10:976 INSTANCIA/(8951:8951): Se informa al Coordinador que su solicitud esta siendo atendida
[DEBUG] 07:45:10:976 INSTANCIA/(8951:8951): Sentencia recibida:
 op=2, clave=jugador, valor=No corresponde

[DEBUG] 07:45:10:976 INSTANCIA/(8951:8951): El resultado de la sentencia fue 1
[TRACE] 07:45:10:976 INSTANCIA/(8951:8951): Resultado enviado al Coordinador
[TRACE] 07:45:10:976 INSTANCIA/(8951:8951): A la espera de solicitudes
[DEBUG] 07:45:27:376 INSTANCIA/(8951:8951): Solicitud recibida
[TRACE] 07:45:27:376 INSTANCIA/(8951:8951): Se informa al Coordinador que su solicitud esta siendo atendida
[DEBUG] 07:45:27:376 INSTANCIA/(8951:8951): Sentencia recibida:
 op=0, clave=jugador, valor=No corresponde

[DEBUG] 07:45:27:376 INSTANCIA/(8951:8951): El resultado de la sentencia fue 1
[TRACE] 07:45:27:376 INSTANCIA/(8951:8951): Resultado enviado al Coordinador
[TRACE] 07:45:27:376 INSTANCIA/(8951:8951): A la espera de solicitudes
[DEBUG] 07:45:27:377 INSTANCIA/(8951:8951): Solicitud recibida
[TRACE] 07:45:27:377 INSTANCIA/(8951:8951): Se informa al Coordinador que su solicitud esta siendo atendida
[DEBUG] 07:45:27:377 INSTANCIA/(8951:8951): Sentencia recibida:
 op=1, clave=jugador, valor=abondanzieri

[DEBUG] 07:45:27:377 INSTANCIA/(8951:8951): El resultado de la sentencia fue 1
[TRACE] 07:45:27:377 INSTANCIA/(8951:8951): Resultado enviado al Coordinador
[TRACE] 07:45:27:377 INSTANCIA/(8951:8951): A la espera de solicitudes
[DEBUG] 07:45:27:417 INSTANCIA/(8951:8951): Solicitud recibida
[TRACE] 07:45:27:417 INSTANCIA/(8951:8951): Se informa al Coordinador que su solicitud esta siendo atendida
[DEBUG] 07:45:27:417 INSTANCIA/(8951:8951): Sentencia recibida:
 op=2, clave=jugador, valor=No corresponde

[DEBUG] 07:45:27:417 INSTANCIA/(8951:8951): El resultado de la sentencia fue 1
[TRACE] 07:45:27:417 INSTANCIA/(8951:8951): Resultado enviado al Coordinador
[TRACE] 07:45:27:418 INSTANCIA/(8951:8951): A la espera de solicitudes
[DEBUG] 07:45:40:142 INSTANCIA/(8951:8951): Solicitud recibida
[TRACE] 07:45:40:142 INSTANCIA/(8951:8951): Se informa al Coordinador que su solicitud esta siendo atendida
[TRACE] 07:49:11:750 INSTANCIA/(9041:9041): Iniciando...
[TRACE] 07:49:11:750 INSTANCIA/(9041:9041): Tabla de entradas cargada
[TRACE] 07:49:11:751 INSTANCIA/(9041:9041): Conectada a Coordinador
[TRACE] 07:49:11:751 INSTANCIA/(9041:9041): A la espera de solicitudes
[DEBUG] 07:49:16:350 INSTANCIA/(9041:9041): Solicitud recibida
[TRACE] 07:49:16:350 INSTANCIA/(9041:9041): Se informa al Coordinador que su solicitud esta siendo atendida
[DEBUG] 07:49:16:350 INSTANCIA/(9041:9041): Sentencia recibida:
 op=0, clave=jugador, valor=No corresponde

[DEBUG] 07:49:16:350 INSTANCIA/(9041:9041): El resultado de la sentencia fue 1
[TRACE] 07:49:16:350 INSTANCIA/(9041:9041): Resultado enviado al Coordinador
[TRACE] 07:49:16:350 INSTANCIA/(9041:9041): A la espera de solicitudes
[DEBUG] 07:49:16:351 INSTANCIA/(9041:9041): Solicitud recibida
[TRACE] 07:49:16:351 INSTANCIA/(9041:9041): Se informa al Coordinador que su solicitud esta siendo atendida
[DEBUG] 07:49:16:351 INSTANCIA/(9041:9041): Sentencia recibida:
 op=1, clave=jugador, valor=abondanzieri

[DEBUG] 07:49:16:351 INSTANCIA/(9041:9041): El resultado de la sentencia fue 1
[TRACE] 07:49:16:351 INSTANCIA/(9041:9041): Resultado enviado al Coordinador
[TRACE] 07:49:16:351 INSTANCIA/(9041:9041): A la espera de solicitudes
[DEBUG] 07:49:16:388 INSTANCIA/(9041:9041): Solicitud recibida
[TRACE] 07:49:16:388 INSTANCIA/(9041:9041): Se informa al Coordinador que su solicitud esta siendo atendida
[DEBUG] 07:49:16:388 INSTANCIA/(9041:9041): Sentencia recibida:
 op=2, clave=jugador, valor=No corresponde

[DEBUG] 07:49:16:388 INSTANCIA/(9041:9041): El resultado de la sentencia fue 1
[TRACE] 07:49:16:388 INSTANCIA/(9041:9041): Resultado enviado al Coordinador
[TRACE] 07:49:16:389 INSTANCIA/(9041:9041): A la espera de solicitudes
[DEBUG] 07:50:54:617 INSTANCIA/(9041:9041): Solicitud recibida
[TRACE] 07:50:54:617 INSTANCIA/(9041:9041): Se informa al Coordinador que su solicitud esta siendo atendida
[DEBUG] 07:50:54:617 INSTANCIA/(9041:9041): Sentencia recibida:
 op=0, clave=jugador, valor=No corresponde

[DEBUG] 07:50:54:617 INSTANCIA/(9041:9041): El resultado de la sentencia fue 1
[TRACE] 07:50:54:617 INSTANCIA/(9041:9041): Resultado enviado al Coordinador
[TRACE] 07:50:54:617 INSTANCIA/(9041:9041): A la espera de solicitudes
[DEBUG] 07:50:54:620 INSTANCIA/(9041:9041): Solicitud recibida
[TRACE] 07:50:54:620 INSTANCIA/(9041:9041): Se informa al Coordinador que su solicitud esta siendo atendida
[DEBUG] 07:50:54:620 INSTANCIA/(9041:9041): Sentencia recibida:
 op=1, clave=jugador, valor=messi

[DEBUG] 07:50:54:620 INSTANCIA/(9041:9041): El resultado de la sentencia fue 1
[TRACE] 07:50:54:620 INSTANCIA/(9041:9041): Resultado enviado al Coordinador
[TRACE] 07:50:54:620 INSTANCIA/(9041:9041): A la espera de solicitudes
[DEBUG] 07:50:54:656 INSTANCIA/(9041:9041): Solicitud recibida
[TRACE] 07:50:54:656 INSTANCIA/(9041:9041): Se informa al Coordinador que su solicitud esta siendo atendida
[DEBUG] 07:50:54:656 INSTANCIA/(9041:9041): Sentencia recibida:
 op=2, clave=jugador, valor=No corresponde

[DEBUG] 07:50:54:656 INSTANCIA/(9041:9041): El resultado de la sentencia fue 1
[TRACE] 07:50:54:656 INSTANCIA/(9041:9041): Resultado enviado al Coordinador
[TRACE] 07:50:54:656 INSTANCIA/(9041:9041): A la espera de solicitudes
[DEBUG] 07:50:54:697 INSTANCIA/(9041:9041): Solicitud recibida
[TRACE] 07:50:54:697 INSTANCIA/(9041:9041): Se informa al Coordinador que su solicitud esta siendo atendida
[DEBUG] 07:50:54:697 INSTANCIA/(9041:9041): Sentencia recibida:
 op=0, clave=jugador, valor=No corresponde

[DEBUG] 07:50:54:697 INSTANCIA/(9041:9041): El resultado de la sentencia fue 1
[TRACE] 07:50:54:697 INSTANCIA/(9041:9041): Resultado enviado al Coordinador
[TRACE] 07:50:54:697 INSTANCIA/(9041:9041): A la espera de solicitudes
[DEBUG] 07:50:54:737 INSTANCIA/(9041:9041): Solicitud recibida
[TRACE] 07:50:54:737 INSTANCIA/(9041:9041): Se informa al Coordinador que su solicitud esta siendo atendida
[DEBUG] 07:50:54:737 INSTANCIA/(9041:9041): Sentencia recibida:
 op=1, clave=jugador, valor=abondanzieri

[DEBUG] 07:50:54:737 INSTANCIA/(9041:9041): El resultado de la sentencia fue 1
[TRACE] 07:50:54:737 INSTANCIA/(9041:9041): Resultado enviado al Coordinador
[TRACE] 07:50:54:737 INSTANCIA/(9041:9041): A la espera de solicitudes
[DEBUG] 07:50:54:776 INSTANCIA/(9041:9041): Solicitud recibida
[TRACE] 07:50:54:776 INSTANCIA/(9041:9041): Se informa al Coordinador que su solicitud esta siendo atendida
[DEBUG] 07:50:54:776 INSTANCIA/(9041:9041): Sentencia recibida:
 op=2, clave=jugador, valor=No corresponde

[DEBUG] 07:50:54:776 INSTANCIA/(9041:9041): El resultado de la sentencia fue 1
[TRACE] 07:50:54:776 INSTANCIA/(9041:9041): Resultado enviado al Coordinador
[TRACE] 07:50:54:776 INSTANCIA/(9041:9041): A la espera de solicitudes
[DEBUG] 07:52:51:608 INSTANCIA/(9041:9041): Solicitud recibida
[TRACE] 07:52:51:608 INSTANCIA/(9041:9041): Se informa al Coordinador que su solicitud esta siendo atendida
[DEBUG] 07:52:51:608 INSTANCIA/(9041:9041): Sentencia recibida:
 op=0, clave=jugador, valor=No corresponde

[DEBUG] 07:52:51:608 INSTANCIA/(9041:9041): El resultado de la sentencia fue 1
[TRACE] 07:52:51:608 INSTANCIA/(9041:9041): Resultado enviado al Coordinador
[TRACE] 07:52:51:608 INSTANCIA/(9041:9041): A la espera de solicitudes
[DEBUG] 07:52:51:609 INSTANCIA/(9041:9041): Solicitud recibida
[TRACE] 07:52:51:609 INSTANCIA/(9041:9041): Se informa al Coordinador que su solicitud esta siendo atendida
[DEBUG] 07:52:51:609 INSTANCIA/(9041:9041): Sentencia recibida:
 op=1, clave=jugador, valor=abondanzieri

[DEBUG] 07:52:51:609 INSTANCIA/(9041:9041): El resultado de la sentencia fue 1
[TRACE] 07:52:51:609 INSTANCIA/(9041:9041): Resultado enviado al Coordinador
[TRACE] 07:52:51:609 INSTANCIA/(9041:9041): A la espera de solicitudes
[DEBUG] 07:52:51:648 INSTANCIA/(9041:9041): Solicitud recibida
[TRACE] 07:52:51:648 INSTANCIA/(9041:9041): Se informa al Coordinador que su solicitud esta siendo atendida
[DEBUG] 07:52:51:648 INSTANCIA/(9041:9041): Sentencia recibida:
 op=2, clave=jugador, valor=No corresponde

[DEBUG] 07:52:51:648 INSTANCIA/(9041:9041): El resultado de la sentencia fue 1
[TRACE] 07:52:51:649 INSTANCIA/(9041:9041): Resultado enviado al Coordinador
[TRACE] 07:52:51:649 INSTANCIA/(9041:9041): A la espera de solicitudes
[DEBUG] 07:52:51:690 INSTANCIA/(9041:9041): Solicitud recibida
[TRACE] 07:52:51:690 INSTANCIA/(9041:9041): Se informa al Coordinador que su solicitud esta siendo atendida
[DEBUG] 07:52:51:690 INSTANCIA/(9041:9041): Sentencia recibida:
 op=0, clave=jugador, valor=No corresponde

[DEBUG] 07:52:51:690 INSTANCIA/(9041:9041): El resultado de la sentencia fue 1
[TRACE] 07:52:51:690 INSTANCIA/(9041:9041): Resultado enviado al Coordinador
[TRACE] 07:52:51:690 INSTANCIA/(9041:9041): A la espera de solicitudes
[DEBUG] 07:52:51:728 INSTANCIA/(9041:9041): Solicitud recibida
[TRACE] 07:52:51:728 INSTANCIA/(9041:9041): Se informa al Coordinador que su solicitud esta siendo atendida
[DEBUG] 07:52:51:728 INSTANCIA/(9041:9041): Sentencia recibida:
 op=0, clave=papa, valor=No corresponde

[DEBUG] 07:52:51:728 INSTANCIA/(9041:9041): El resultado de la sentencia fue 2
[TRACE] 07:52:51:728 INSTANCIA/(9041:9041): Resultado enviado al Coordinador
[TRACE] 07:52:51:728 INSTANCIA/(9041:9041): A la espera de solicitudes
[DEBUG] 07:53:46:175 INSTANCIA/(9041:9041): Solicitud recibida
[TRACE] 07:53:46:175 INSTANCIA/(9041:9041): Se informa al Coordinador que su solicitud esta siendo atendida
[DEBUG] 07:53:46:175 INSTANCIA/(9041:9041): Sentencia recibida:
 op=0, clave=jugador, valor=No corresponde

[DEBUG] 07:53:46:175 INSTANCIA/(9041:9041): El resultado de la sentencia fue 1
[TRACE] 07:53:46:175 INSTANCIA/(9041:9041): Resultado enviado al Coordinador
[TRACE] 07:53:46:175 INSTANCIA/(9041:9041): A la espera de solicitudes
[DEBUG] 07:53:46:176 INSTANCIA/(9041:9041): Solicitud recibida
[TRACE] 07:53:46:176 INSTANCIA/(9041:9041): Se informa al Coordinador que su solicitud esta siendo atendida
[DEBUG] 07:53:46:176 INSTANCIA/(9041:9041): Sentencia recibida:
 op=0, clave=papa, valor=No corresponde

[DEBUG] 07:53:46:176 INSTANCIA/(9041:9041): El resultado de la sentencia fue 3
[TRACE] 07:53:46:176 INSTANCIA/(9041:9041): Resultado enviado al Coordinador
[TRACE] 07:53:46:176 INSTANCIA/(9041:9041): A la espera de solicitudes
[DEBUG] 07:53:46:213 INSTANCIA/(9041:9041): Solicitud recibida
[TRACE] 07:53:46:214 INSTANCIA/(9041:9041): Se informa al Coordinador que su solicitud esta siendo atendida
[DEBUG] 07:53:46:214 INSTANCIA/(9041:9041): Sentencia recibida:
 op=0, clave=jugador, valor=No corresponde

[DEBUG] 07:53:46:214 INSTANCIA/(9041:9041): El resultado de la sentencia fue 1
[TRACE] 07:53:46:214 INSTANCIA/(9041:9041): Resultado enviado al Coordinador
[TRACE] 07:53:46:214 INSTANCIA/(9041:9041): A la espera de solicitudes
[DEBUG] 07:53:46:251 INSTANCIA/(9041:9041): Solicitud recibida
[TRACE] 07:53:46:252 INSTANCIA/(9041:9041): Se informa al Coordinador que su solicitud esta siendo atendida
[DEBUG] 07:53:46:252 INSTANCIA/(9041:9041): Sentencia recibida:
 op=1, clave=jugador, valor=abondanzieri

[DEBUG] 07:53:46:252 INSTANCIA/(9041:9041): El resultado de la sentencia fue 1
[TRACE] 07:53:46:252 INSTANCIA/(9041:9041): Resultado enviado al Coordinador
[TRACE] 07:53:46:252 INSTANCIA/(9041:9041): A la espera de solicitudes
[DEBUG] 07:53:46:293 INSTANCIA/(9041:9041): Solicitud recibida
[TRACE] 07:53:46:293 INSTANCIA/(9041:9041): Se informa al Coordinador que su solicitud esta siendo atendida
[DEBUG] 07:53:46:293 INSTANCIA/(9041:9041): Sentencia recibida:
 op=2, clave=jugador, valor=No corresponde

[DEBUG] 07:53:46:293 INSTANCIA/(9041:9041): El resultado de la sentencia fue 1
[TRACE] 07:53:46:293 INSTANCIA/(9041:9041): Resultado enviado al Coordinador
[TRACE] 07:53:46:293 INSTANCIA/(9041:9041): A la espera de solicitudes
[TRACE] 10:32:00:351 INSTANCIA/(4343:4343): Iniciando...
[TRACE] 10:32:00:353 INSTANCIA/(4343:4343): Tabla de entradas cargada
[TRACE] 10:32:00:356 INSTANCIA/(4343:4343): Conectada a Coordinador
[TRACE] 10:32:00:357 INSTANCIA/(4343:4343): A la espera de solicitudes
[DEBUG] 10:32:43:303 INSTANCIA/(4343:4343): Solicitud recibida
[TRACE] 10:32:43:303 INSTANCIA/(4343:4343): Se informa al Coordinador que su solicitud esta siendo atendida
[DEBUG] 10:32:43:303 INSTANCIA/(4343:4343): Sentencia recibida:
 op=0, clave=jugador, valor=No corresponde

[DEBUG] 10:32:43:303 INSTANCIA/(4343:4343): El resultado de la sentencia fue 1
[TRACE] 10:32:43:303 INSTANCIA/(4343:4343): Resultado enviado al Coordinador
[TRACE] 10:32:43:303 INSTANCIA/(4343:4343): A la espera de solicitudes
[DEBUG] 10:32:43:304 INSTANCIA/(4343:4343): Solicitud recibida
[TRACE] 10:32:43:304 INSTANCIA/(4343:4343): Se informa al Coordinador que su solicitud esta siendo atendida
[DEBUG] 10:32:43:304 INSTANCIA/(4343:4343): Sentencia recibida:
 op=1, clave=jugador, valor=abondanzieri

[DEBUG] 10:32:43:304 INSTANCIA/(4343:4343): El resultado de la sentencia fue 1
[TRACE] 10:32:43:304 INSTANCIA/(4343:4343): Resultado enviado al Coordinador
[TRACE] 10:32:43:304 INSTANCIA/(4343:4343): A la espera de solicitudes
[DEBUG] 10:32:43:344 INSTANCIA/(4343:4343): Solicitud recibida
[TRACE] 10:32:43:344 INSTANCIA/(4343:4343): Se informa al Coordinador que su solicitud esta siendo atendida
[DEBUG] 10:32:43:344 INSTANCIA/(4343:4343): Sentencia recibida:
 op=2, clave=jugador, valor=No corresponde

[DEBUG] 10:32:43:344 INSTANCIA/(4343:4343): El resultado de la sentencia fue 1
[TRACE] 10:32:43:344 INSTANCIA/(4343:4343): Resultado enviado al Coordinador
[TRACE] 10:32:43:344 INSTANCIA/(4343:4343): A la espera de solicitudes
[DEBUG] 11:04:31:708 INSTANCIA/(4343:4343): Solicitud recibida
[TRACE] 11:04:31:709 INSTANCIA/(4343:4343): Se informa al Coordinador que su solicitud esta siendo atendida
[TRACE] 11:05:18:515 INSTANCIA/(5848:5848): Iniciando...
[TRACE] 11:05:18:515 INSTANCIA/(5848:5848): Tabla de entradas cargada
[TRACE] 11:05:18:516 INSTANCIA/(5848:5848): Conectada a Coordinador
[TRACE] 11:05:18:516 INSTANCIA/(5848:5848): A la espera de solicitudes
[DEBUG] 11:05:27:273 INSTANCIA/(5848:5848): Solicitud recibida
[TRACE] 11:05:27:273 INSTANCIA/(5848:5848): Se informa al Coordinador que su solicitud esta siendo atendida
[DEBUG] 11:05:27:273 INSTANCIA/(5848:5848): Sentencia recibida:
 op=GET, clave=jugador, valor=No corresponde

[DEBUG] 11:05:27:273 INSTANCIA/(5848:5848): El resultado de la sentencia fue SUCCESS
[TRACE] 11:05:27:273 INSTANCIA/(5848:5848): Resultado enviado al Coordinador
[TRACE] 11:05:27:273 INSTANCIA/(5848:5848): A la espera de solicitudes
[DEBUG] 11:05:27:276 INSTANCIA/(5848:5848): Solicitud recibida
[TRACE] 11:05:27:276 INSTANCIA/(5848:5848): Se informa al Coordinador que su solicitud esta siendo atendida
[DEBUG] 11:05:27:276 INSTANCIA/(5848:5848): Sentencia recibida:
 op=SET, clave=jugador, valor=abondanzieri

[DEBUG] 11:05:27:276 INSTANCIA/(5848:5848): El resultado de la sentencia fue SUCCESS
[TRACE] 11:05:27:276 INSTANCIA/(5848:5848): Resultado enviado al Coordinador
[TRACE] 11:05:27:276 INSTANCIA/(5848:5848): A la espera de solicitudes
[DEBUG] 11:05:27:316 INSTANCIA/(5848:5848): Solicitud recibida
[TRACE] 11:05:27:316 INSTANCIA/(5848:5848): Se informa al Coordinador que su solicitud esta siendo atendida
[DEBUG] 11:05:27:316 INSTANCIA/(5848:5848): Sentencia recibida:
 op=STORE, clave=jugador, valor=No corresponde

[DEBUG] 11:05:27:316 INSTANCIA/(5848:5848): El resultado de la sentencia fue SUCCESS
[TRACE] 11:05:27:316 INSTANCIA/(5848:5848): Resultado enviado al Coordinador
[TRACE] 11:05:27:317 INSTANCIA/(5848:5848): A la espera de solicitudes
[DEBUG] 11:15:05:500 INSTANCIA/(5848:5848): Solicitud recibida
[TRACE] 11:15:05:501 INSTANCIA/(5848:5848): Se informa al Coordinador que su solicitud esta siendo atendida
[TRACE] 11:15:37:140 INSTANCIA/(6663:6663): Iniciando...
[TRACE] 11:15:37:142 INSTANCIA/(6663:6663): Tabla de entradas cargada
[TRACE] 11:15:37:144 INSTANCIA/(6663:6663): Conectada a Coordinador
[TRACE] 11:15:37:145 INSTANCIA/(6663:6663): A la espera de solicitudes
[DEBUG] 11:15:41:110 INSTANCIA/(6663:6663): Solicitud recibida
[TRACE] 11:15:41:110 INSTANCIA/(6663:6663): Se informa al Coordinador que su solicitud esta siendo atendida
[DEBUG] 11:15:41:111 INSTANCIA/(6663:6663): Sentencia recibida:
 op=GET, clave=jugador, valor=No corresponde

[DEBUG] 11:15:41:111 INSTANCIA/(6663:6663): El resultado de la sentencia fue SUCCESS
[TRACE] 11:15:41:111 INSTANCIA/(6663:6663): Resultado enviado al Coordinador
[TRACE] 11:15:41:111 INSTANCIA/(6663:6663): A la espera de solicitudes
[DEBUG] 11:15:41:113 INSTANCIA/(6663:6663): Solicitud recibida
[TRACE] 11:15:41:113 INSTANCIA/(6663:6663): Se informa al Coordinador que su solicitud esta siendo atendida
[DEBUG] 11:15:41:113 INSTANCIA/(6663:6663): Sentencia recibida:
 op=SET, clave=jugador, valor=abondanzieri

[DEBUG] 11:15:41:113 INSTANCIA/(6663:6663): El resultado de la sentencia fue SUCCESS
[TRACE] 11:15:41:113 INSTANCIA/(6663:6663): Resultado enviado al Coordinador
[TRACE] 11:15:41:113 INSTANCIA/(6663:6663): A la espera de solicitudes
[DEBUG] 11:15:41:150 INSTANCIA/(6663:6663): Solicitud recibida
[TRACE] 11:15:41:150 INSTANCIA/(6663:6663): Se informa al Coordinador que su solicitud esta siendo atendida
[DEBUG] 11:15:41:150 INSTANCIA/(6663:6663): Sentencia recibida:
 op=STORE, clave=jugador, valor=No corresponde

[DEBUG] 11:15:41:150 INSTANCIA/(6663:6663): El resultado de la sentencia fue SUCCESS
[TRACE] 11:15:41:150 INSTANCIA/(6663:6663): Resultado enviado al Coordinador
[TRACE] 11:15:41:150 INSTANCIA/(6663:6663): A la espera de solicitudes
[DEBUG] 11:15:51:860 INSTANCIA/(6663:6663): Solicitud recibida
[TRACE] 11:15:51:861 INSTANCIA/(6663:6663): Se informa al Coordinador que su solicitud esta siendo atendida
[TRACE] 13:31:26:999 INSTANCIA/(9313:9313): Iniciando...
[TRACE] 13:31:26:999 INSTANCIA/(9313:9313): Tabla de entradas cargada
[TRACE] 13:31:26:999 INSTANCIA/(9313:9313): Conectada a Coordinador
[TRACE] 13:31:26:999 INSTANCIA/(9313:9313): A la espera de solicitudes
[DEBUG] 13:31:29:144 INSTANCIA/(9313:9313): Solicitud recibida
[TRACE] 13:31:29:144 INSTANCIA/(9313:9313): Se informa al Coordinador que su solicitud esta siendo atendida
[DEBUG] 13:31:29:144 INSTANCIA/(9313:9313): Sentencia recibida:
 op=GET, clave=jugador, valor=No corresponde

[DEBUG] 13:31:29:144 INSTANCIA/(9313:9313): El resultado de la sentencia fue SUCCESS
[TRACE] 13:31:29:144 INSTANCIA/(9313:9313): Resultado enviado al Coordinador
[TRACE] 13:31:29:144 INSTANCIA/(9313:9313): A la espera de solicitudes
[DEBUG] 13:31:29:145 INSTANCIA/(9313:9313): Solicitud recibida
[TRACE] 13:31:29:145 INSTANCIA/(9313:9313): Se informa al Coordinador que su solicitud esta siendo atendida
[DEBUG] 13:31:29:145 INSTANCIA/(9313:9313): Sentencia recibida:
 op=SET, clave=jugador, valor=abondanzieri

[DEBUG] 13:31:29:145 INSTANCIA/(9313:9313): El resultado de la sentencia fue SUCCESS
[TRACE] 13:31:29:145 INSTANCIA/(9313:9313): Resultado enviado al Coordinador
[TRACE] 13:31:29:145 INSTANCIA/(9313:9313): A la espera de solicitudes
[DEBUG] 13:31:29:185 INSTANCIA/(9313:9313): Solicitud recibida
[TRACE] 13:31:29:185 INSTANCIA/(9313:9313): Se informa al Coordinador que su solicitud esta siendo atendida
[DEBUG] 13:31:29:185 INSTANCIA/(9313:9313): Sentencia recibida:
 op=STORE, clave=jugador, valor=No corresponde

[DEBUG] 13:31:29:185 INSTANCIA/(9313:9313): El resultado de la sentencia fue SUCCESS
[TRACE] 13:31:29:185 INSTANCIA/(9313:9313): Resultado enviado al Coordinador
[TRACE] 13:31:29:185 INSTANCIA/(9313:9313): A la espera de solicitudes
[DEBUG] 13:35:40:15 INSTANCIA/(9313:9313): Solicitud recibida
[TRACE] 13:35:40:15 INSTANCIA/(9313:9313): Se informa al Coordinador que su solicitud esta siendo atendida
[DEBUG] 13:35:40:15 INSTANCIA/(9313:9313): Sentencia recibida:
 op=GET, clave=jugador, valor=No corresponde

[DEBUG] 13:35:40:15 INSTANCIA/(9313:9313): El resultado de la sentencia fue SUCCESS
[TRACE] 13:35:40:15 INSTANCIA/(9313:9313): Resultado enviado al Coordinador
[TRACE] 13:35:40:15 INSTANCIA/(9313:9313): A la espera de solicitudes
[DEBUG] 13:35:40:16 INSTANCIA/(9313:9313): Solicitud recibida
[TRACE] 13:35:40:17 INSTANCIA/(9313:9313): Se informa al Coordinador que su solicitud esta siendo atendida
[DEBUG] 13:35:40:17 INSTANCIA/(9313:9313): Sentencia recibida:
 op=SET, clave=jugador, valor=abondanzieri

[DEBUG] 13:35:40:17 INSTANCIA/(9313:9313): El resultado de la sentencia fue SUCCESS
[TRACE] 13:35:40:17 INSTANCIA/(9313:9313): Resultado enviado al Coordinador
[TRACE] 13:35:40:17 INSTANCIA/(9313:9313): A la espera de solicitudes
[DEBUG] 13:35:40:57 INSTANCIA/(9313:9313): Solicitud recibida
[TRACE] 13:35:40:57 INSTANCIA/(9313:9313): Se informa al Coordinador que su solicitud esta siendo atendida
[DEBUG] 13:35:40:57 INSTANCIA/(9313:9313): Sentencia recibida:
 op=STORE, clave=jugador, valor=No corresponde

[DEBUG] 13:35:40:57 INSTANCIA/(9313:9313): El resultado de la sentencia fue SUCCESS
[TRACE] 13:35:40:57 INSTANCIA/(9313:9313): Resultado enviado al Coordinador
[TRACE] 13:35:40:57 INSTANCIA/(9313:9313): A la espera de solicitudes
[DEBUG] 13:36:37:71 INSTANCIA/(9313:9313): Solicitud recibida
[TRACE] 13:36:37:71 INSTANCIA/(9313:9313): Se informa al Coordinador que su solicitud esta siendo atendida
[DEBUG] 13:36:37:71 INSTANCIA/(9313:9313): Sentencia recibida:
 op=GET, clave=futbol:messi, valor=No corresponde

[DEBUG] 13:36:37:71 INSTANCIA/(9313:9313): El resultado de la sentencia fue FIN DE EJECUCION
[TRACE] 13:36:37:71 INSTANCIA/(9313:9313): Resultado enviado al Coordinador
[TRACE] 13:36:37:71 INSTANCIA/(9313:9313): A la espera de solicitudes
[DEBUG] 13:37:01:534 INSTANCIA/(9313:9313): Solicitud recibida
[TRACE] 13:37:01:534 INSTANCIA/(9313:9313): Se informa al Coordinador que su solicitud esta siendo atendida
[TRACE] 13:37:10:719 INSTANCIA/(9388:9388): Iniciando...
[TRACE] 13:37:10:719 INSTANCIA/(9388:9388): Tabla de entradas cargada
[TRACE] 13:37:10:720 INSTANCIA/(9388:9388): Conectada a Coordinador
[TRACE] 13:37:10:720 INSTANCIA/(9388:9388): A la espera de solicitudes
[DEBUG] 13:37:12:665 INSTANCIA/(9388:9388): Solicitud recibida
[TRACE] 13:37:12:665 INSTANCIA/(9388:9388): Se informa al Coordinador que su solicitud esta siendo atendida
[DEBUG] 13:37:12:665 INSTANCIA/(9388:9388): Sentencia recibida:
 op=GET, clave=futbol:messi, valor=No corresponde

[DEBUG] 13:37:12:665 INSTANCIA/(9388:9388): El resultado de la sentencia fue SUCCESS
[TRACE] 13:37:12:665 INSTANCIA/(9388:9388): Resultado enviado al Coordinador
[TRACE] 13:37:12:665 INSTANCIA/(9388:9388): A la espera de solicitudes
[DEBUG] 13:37:12:666 INSTANCIA/(9388:9388): Solicitud recibida
[TRACE] 13:37:12:666 INSTANCIA/(9388:9388): Se informa al Coordinador que su solicitud esta siendo atendida
[DEBUG] 13:37:12:666 INSTANCIA/(9388:9388): Sentencia recibida:
 op=SET, clave=futbol:messi, valor=TraemeLaCopa

[DEBUG] 13:37:12:666 INSTANCIA/(9388:9388): El resultado de la sentencia fue SUCCESS
[TRACE] 13:37:12:666 INSTANCIA/(9388:9388): Resultado enviado al Coordinador
[TRACE] 13:37:12:666 INSTANCIA/(9388:9388): A la espera de solicitudes
[DEBUG] 13:37:12:705 INSTANCIA/(9388:9388): Solicitud recibida
[TRACE] 13:37:12:705 INSTANCIA/(9388:9388): Se informa al Coordinador que su solicitud esta siendo atendida
[DEBUG] 13:37:12:705 INSTANCIA/(9388:9388): Sentencia recibida:
 op=STORE, clave=futbol:messi, valor=No corresponde

[DEBUG] 13:37:12:705 INSTANCIA/(9388:9388): El resultado de la sentencia fue SUCCESS
[TRACE] 13:37:12:705 INSTANCIA/(9388:9388): Resultado enviado al Coordinador
[TRACE] 13:37:12:705 INSTANCIA/(9388:9388): A la espera de solicitudes
[DEBUG] 13:37:12:745 INSTANCIA/(9388:9388): Solicitud recibida
[TRACE] 13:37:12:745 INSTANCIA/(9388:9388): Se informa al Coordinador que su solicitud esta siendo atendida
[DEBUG] 13:37:12:745 INSTANCIA/(9388:9388): Sentencia recibida:
 op=GET, clave=futbol:messi, valor=No corresponde

[DEBUG] 13:37:12:745 INSTANCIA/(9388:9388): El resultado de la sentencia fue SUCCESS
[TRACE] 13:37:12:745 INSTANCIA/(9388:9388): Resultado enviado al Coordinador
[TRACE] 13:37:12:745 INSTANCIA/(9388:9388): A la espera de solicitudes
[DEBUG] 13:37:12:784 INSTANCIA/(9388:9388): Solicitud recibida
[TRACE] 13:37:12:784 INSTANCIA/(9388:9388): Se informa al Coordinador que su solicitud esta siendo atendida
[DEBUG] 13:37:12:784 INSTANCIA/(9388:9388): Sentencia recibida:
 op=SET, clave=futbol:messi, valor=TraemeLaCo

[DEBUG] 13:37:12:785 INSTANCIA/(9388:9388): El resultado de la sentencia fue SUCCESS
[TRACE] 13:37:12:785 INSTANCIA/(9388:9388): Resultado enviado al Coordinador
[TRACE] 13:37:12:785 INSTANCIA/(9388:9388): A la espera de solicitudes
[DEBUG] 13:37:12:825 INSTANCIA/(9388:9388): Solicitud recibida
[TRACE] 13:37:12:825 INSTANCIA/(9388:9388): Se informa al Coordinador que su solicitud esta siendo atendida
[DEBUG] 13:37:12:825 INSTANCIA/(9388:9388): Sentencia recibida:
 op=STORE, clave=futbol:messi, valor=No corresponde

[DEBUG] 13:37:12:825 INSTANCIA/(9388:9388): El resultado de la sentencia fue SUCCESS
[TRACE] 13:37:12:825 INSTANCIA/(9388:9388): Resultado enviado al Coordinador
[TRACE] 13:37:12:825 INSTANCIA/(9388:9388): A la espera de solicitudes
[DEBUG] 13:37:12:866 INSTANCIA/(9388:9388): Solicitud recibida
[TRACE] 13:37:12:866 INSTANCIA/(9388:9388): Se informa al Coordinador que su solicitud esta siendo atendida
[DEBUG] 13:37:12:866 INSTANCIA/(9388:9388): Sentencia recibida:
 op=GET, clave=futbol:messi, valor=No corresponde

[DEBUG] 13:37:12:866 INSTANCIA/(9388:9388): El resultado de la sentencia fue SUCCESS
[TRACE] 13:37:12:866 INSTANCIA/(9388:9388): Resultado enviado al Coordinador
[TRACE] 13:37:12:866 INSTANCIA/(9388:9388): A la espera de solicitudes
[DEBUG] 13:37:12:906 INSTANCIA/(9388:9388): Solicitud recibida
[TRACE] 13:37:12:906 INSTANCIA/(9388:9388): Se informa al Coordinador que su solicitud esta siendo atendida
[DEBUG] 13:37:12:906 INSTANCIA/(9388:9388): Sentencia recibida:
 op=SET, clave=futbol:messi, valor=TraemeLaCopa

[DEBUG] 13:37:12:906 INSTANCIA/(9388:9388): El resultado de la sentencia fue SUCCESS
[TRACE] 13:37:12:906 INSTANCIA/(9388:9388): Resultado enviado al Coordinador
[TRACE] 13:37:12:906 INSTANCIA/(9388:9388): A la espera de solicitudes
[DEBUG] 13:37:12:946 INSTANCIA/(9388:9388): Solicitud recibida
[TRACE] 13:37:12:946 INSTANCIA/(9388:9388): Se informa al Coordinador que su solicitud esta siendo atendida
[DEBUG] 13:37:12:946 INSTANCIA/(9388:9388): Sentencia recibida:
 op=STORE, clave=futbol:messi, valor=No corresponde

[DEBUG] 13:37:12:947 INSTANCIA/(9388:9388): El resultado de la sentencia fue SUCCESS
[TRACE] 13:37:12:947 INSTANCIA/(9388:9388): Resultado enviado al Coordinador
[TRACE] 13:37:12:947 INSTANCIA/(9388:9388): A la espera de solicitudes
[DEBUG] 13:37:12:985 INSTANCIA/(9388:9388): Solicitud recibida
[TRACE] 13:37:12:985 INSTANCIA/(9388:9388): Se informa al Coordinador que su solicitud esta siendo atendida
[DEBUG] 13:37:12:985 INSTANCIA/(9388:9388): Sentencia recibida:
 op=GET, clave=futbol:messi, valor=No corresponde

[DEBUG] 13:37:12:985 INSTANCIA/(9388:9388): El resultado de la sentencia fue SUCCESS
[TRACE] 13:37:12:985 INSTANCIA/(9388:9388): Resultado enviado al Coordinador
[TRACE] 13:37:12:985 INSTANCIA/(9388:9388): A la espera de solicitudes
[DEBUG] 13:37:13:26 INSTANCIA/(9388:9388): Solicitud recibida
[TRACE] 13:37:13:26 INSTANCIA/(9388:9388): Se informa al Coordinador que su solicitud esta siendo atendida
[DEBUG] 13:37:13:26 INSTANCIA/(9388:9388): Sentencia recibida:
 op=SET, clave=futbol:messi, valor=TraemeLaCo

[DEBUG] 13:37:13:26 INSTANCIA/(9388:9388): El resultado de la sentencia fue SUCCESS
[TRACE] 13:37:13:26 INSTANCIA/(9388:9388): Resultado enviado al Coordinador
[TRACE] 13:37:13:26 INSTANCIA/(9388:9388): A la espera de solicitudes
[DEBUG] 13:37:13:65 INSTANCIA/(9388:9388): Solicitud recibida
[TRACE] 13:37:13:65 INSTANCIA/(9388:9388): Se informa al Coordinador que su solicitud esta siendo atendida
[DEBUG] 13:37:13:65 INSTANCIA/(9388:9388): Sentencia recibida:
 op=STORE, clave=futbol:messi, valor=No corresponde

[DEBUG] 13:37:13:65 INSTANCIA/(9388:9388): El resultado de la sentencia fue SUCCESS
[TRACE] 13:37:13:65 INSTANCIA/(9388:9388): Resultado enviado al Coordinador
[TRACE] 13:37:13:65 INSTANCIA/(9388:9388): A la espera de solicitudes
[DEBUG] 13:37:13:106 INSTANCIA/(9388:9388): Solicitud recibida
[TRACE] 13:37:13:106 INSTANCIA/(9388:9388): Se informa al Coordinador que su solicitud esta siendo atendida
[DEBUG] 13:37:13:106 INSTANCIA/(9388:9388): Sentencia recibida:
 op=GET, clave=futbol:messi, valor=No corresponde

[DEBUG] 13:37:13:106 INSTANCIA/(9388:9388): El resultado de la sentencia fue SUCCESS
[TRACE] 13:37:13:106 INSTANCIA/(9388:9388): Resultado enviado al Coordinador
[TRACE] 13:37:13:106 INSTANCIA/(9388:9388): A la espera de solicitudes
[DEBUG] 13:37:13:148 INSTANCIA/(9388:9388): Solicitud recibida
[TRACE] 13:37:13:148 INSTANCIA/(9388:9388): Se informa al Coordinador que su solicitud esta siendo atendida
[DEBUG] 13:37:13:148 INSTANCIA/(9388:9388): Sentencia recibida:
 op=SET, clave=futbol:messi, valor=TraemeLaCopa

[DEBUG] 13:37:13:148 INSTANCIA/(9388:9388): El resultado de la sentencia fue SUCCESS
[TRACE] 13:37:13:148 INSTANCIA/(9388:9388): Resultado enviado al Coordinador
[TRACE] 13:37:13:148 INSTANCIA/(9388:9388): A la espera de solicitudes
[DEBUG] 13:37:13:189 INSTANCIA/(9388:9388): Solicitud recibida
[TRACE] 13:37:13:189 INSTANCIA/(9388:9388): Se informa al Coordinador que su solicitud esta siendo atendida
[DEBUG] 13:37:13:189 INSTANCIA/(9388:9388): Sentencia recibida:
 op=STORE, clave=futbol:messi, valor=No corresponde

[DEBUG] 13:37:13:189 INSTANCIA/(9388:9388): El resultado de la sentencia fue SUCCESS
[TRACE] 13:37:13:189 INSTANCIA/(9388:9388): Resultado enviado al Coordinador
[TRACE] 13:37:13:189 INSTANCIA/(9388:9388): A la espera de solicitudes
[DEBUG] 13:37:13:230 INSTANCIA/(9388:9388): Solicitud recibida
[TRACE] 13:37:13:230 INSTANCIA/(9388:9388): Se informa al Coordinador que su solicitud esta siendo atendida
[DEBUG] 13:37:13:230 INSTANCIA/(9388:9388): Sentencia recibida:
 op=GET, clave=futbol:messi, valor=No corresponde

[DEBUG] 13:37:13:230 INSTANCIA/(9388:9388): El resultado de la sentencia fue SUCCESS
[TRACE] 13:37:13:231 INSTANCIA/(9388:9388): Resultado enviado al Coordinador
[TRACE] 13:37:13:231 INSTANCIA/(9388:9388): A la espera de solicitudes
[DEBUG] 13:37:13:270 INSTANCIA/(9388:9388): Solicitud recibida
[TRACE] 13:37:13:270 INSTANCIA/(9388:9388): Se informa al Coordinador que su solicitud esta siendo atendida
[DEBUG] 13:37:13:270 INSTANCIA/(9388:9388): Sentencia recibida:
 op=SET, clave=futbol:messi, valor=TraemeLaCo

[DEBUG] 13:37:13:270 INSTANCIA/(9388:9388): El resultado de la sentencia fue SUCCESS
[TRACE] 13:37:13:270 INSTANCIA/(9388:9388): Resultado enviado al Coordinador
[TRACE] 13:37:13:270 INSTANCIA/(9388:9388): A la espera de solicitudes
[DEBUG] 13:37:13:309 INSTANCIA/(9388:9388): Solicitud recibida
[TRACE] 13:37:13:309 INSTANCIA/(9388:9388): Se informa al Coordinador que su solicitud esta siendo atendida
[DEBUG] 13:37:13:309 INSTANCIA/(9388:9388): Sentencia recibida:
 op=STORE, clave=futbol:messi, valor=No corresponde

[DEBUG] 13:37:13:309 INSTANCIA/(9388:9388): El resultado de la sentencia fue SUCCESS
[TRACE] 13:37:13:309 INSTANCIA/(9388:9388): Resultado enviado al Coordinador
[TRACE] 13:37:13:309 INSTANCIA/(9388:9388): A la espera de solicitudes
[DEBUG] 13:37:13:351 INSTANCIA/(9388:9388): Solicitud recibida
[TRACE] 13:37:13:351 INSTANCIA/(9388:9388): Se informa al Coordinador que su solicitud esta siendo atendida
[DEBUG] 13:37:13:351 INSTANCIA/(9388:9388): Sentencia recibida:
 op=GET, clave=futbol:messi, valor=No corresponde

[DEBUG] 13:37:13:351 INSTANCIA/(9388:9388): El resultado de la sentencia fue SUCCESS
[TRACE] 13:37:13:351 INSTANCIA/(9388:9388): Resultado enviado al Coordinador
[TRACE] 13:37:13:351 INSTANCIA/(9388:9388): A la espera de solicitudes
[DEBUG] 13:37:13:390 INSTANCIA/(9388:9388): Solicitud recibida
[TRACE] 13:37:13:390 INSTANCIA/(9388:9388): Se informa al Coordinador que su solicitud esta siendo atendida
[DEBUG] 13:37:13:390 INSTANCIA/(9388:9388): Sentencia recibida:
 op=SET, clave=futbol:messi, valor=TraemeLaCopa

[DEBUG] 13:37:13:390 INSTANCIA/(9388:9388): El resultado de la sentencia fue SUCCESS
[TRACE] 13:37:13:390 INSTANCIA/(9388:9388): Resultado enviado al Coordinador
[TRACE] 13:37:13:390 INSTANCIA/(9388:9388): A la espera de solicitudes
[DEBUG] 13:37:13:431 INSTANCIA/(9388:9388): Solicitud recibida
[TRACE] 13:37:13:431 INSTANCIA/(9388:9388): Se informa al Coordinador que su solicitud esta siendo atendida
[DEBUG] 13:37:13:431 INSTANCIA/(9388:9388): Sentencia recibida:
 op=STORE, clave=futbol:messi, valor=No corresponde

[DEBUG] 13:37:13:432 INSTANCIA/(9388:9388): El resultado de la sentencia fue SUCCESS
[TRACE] 13:37:13:432 INSTANCIA/(9388:9388): Resultado enviado al Coordinador
[TRACE] 13:37:13:432 INSTANCIA/(9388:9388): A la espera de solicitudes
[DEBUG] 13:37:13:473 INSTANCIA/(9388:9388): Solicitud recibida
[TRACE] 13:37:13:473 INSTANCIA/(9388:9388): Se informa al Coordinador que su solicitud esta siendo atendida
[DEBUG] 13:37:13:473 INSTANCIA/(9388:9388): Sentencia recibida:
 op=GET, clave=futbol:messi, valor=No corresponde

[DEBUG] 13:37:13:473 INSTANCIA/(9388:9388): El resultado de la sentencia fue SUCCESS
[TRACE] 13:37:13:473 INSTANCIA/(9388:9388): Resultado enviado al Coordinador
[TRACE] 13:37:13:473 INSTANCIA/(9388:9388): A la espera de solicitudes
[DEBUG] 13:37:13:514 INSTANCIA/(9388:9388): Solicitud recibida
[TRACE] 13:37:13:514 INSTANCIA/(9388:9388): Se informa al Coordinador que su solicitud esta siendo atendida
[DEBUG] 13:37:13:514 INSTANCIA/(9388:9388): Sentencia recibida:
 op=SET, clave=futbol:messi, valor=TraemeLaCo

[DEBUG] 13:37:13:514 INSTANCIA/(9388:9388): El resultado de la sentencia fue SUCCESS
[TRACE] 13:37:13:514 INSTANCIA/(9388:9388): Resultado enviado al Coordinador
[TRACE] 13:37:13:514 INSTANCIA/(9388:9388): A la espera de solicitudes
[DEBUG] 13:37:13:554 INSTANCIA/(9388:9388): Solicitud recibida
[TRACE] 13:37:13:554 INSTANCIA/(9388:9388): Se informa al Coordinador que su solicitud esta siendo atendida
[DEBUG] 13:37:13:554 INSTANCIA/(9388:9388): Sentencia recibida:
 op=STORE, clave=futbol:messi, valor=No corresponde

[DEBUG] 13:37:13:554 INSTANCIA/(9388:9388): El resultado de la sentencia fue SUCCESS
[TRACE] 13:37:13:554 INSTANCIA/(9388:9388): Resultado enviado al Coordinador
[TRACE] 13:37:13:554 INSTANCIA/(9388:9388): A la espera de solicitudes
[DEBUG] 13:37:13:593 INSTANCIA/(9388:9388): Solicitud recibida
[TRACE] 13:37:13:593 INSTANCIA/(9388:9388): Se informa al Coordinador que su solicitud esta siendo atendida
[DEBUG] 13:37:13:593 INSTANCIA/(9388:9388): Sentencia recibida:
 op=GET, clave=futbol:messi, valor=No corresponde

[DEBUG] 13:37:13:593 INSTANCIA/(9388:9388): El resultado de la sentencia fue SUCCESS
[TRACE] 13:37:13:593 INSTANCIA/(9388:9388): Resultado enviado al Coordinador
[TRACE] 13:37:13:593 INSTANCIA/(9388:9388): A la espera de solicitudes
[DEBUG] 13:37:13:634 INSTANCIA/(9388:9388): Solicitud recibida
[TRACE] 13:37:13:634 INSTANCIA/(9388:9388): Se informa al Coordinador que su solicitud esta siendo atendida
[DEBUG] 13:37:13:634 INSTANCIA/(9388:9388): Sentencia recibida:
 op=SET, clave=futbol:messi, valor=PorqueMessi

[DEBUG] 13:37:13:634 INSTANCIA/(9388:9388): El resultado de la sentencia fue SUCCESS
[TRACE] 13:37:13:634 INSTANCIA/(9388:9388): Resultado enviado al Coordinador
[TRACE] 13:37:13:634 INSTANCIA/(9388:9388): A la espera de solicitudes
[DEBUG] 13:37:13:676 INSTANCIA/(9388:9388): Solicitud recibida
[TRACE] 13:37:13:676 INSTANCIA/(9388:9388): Se informa al Coordinador que su solicitud esta siendo atendida
[DEBUG] 13:37:13:676 INSTANCIA/(9388:9388): Sentencia recibida:
 op=STORE, clave=futbol:messi, valor=No corresponde

[DEBUG] 13:37:13:676 INSTANCIA/(9388:9388): El resultado de la sentencia fue SUCCESS
[TRACE] 13:37:13:676 INSTANCIA/(9388:9388): Resultado enviado al Coordinador
[TRACE] 13:37:13:677 INSTANCIA/(9388:9388): A la espera de solicitudes
[DEBUG] 13:37:13:717 INSTANCIA/(9388:9388): Solicitud recibida
[TRACE] 13:37:13:717 INSTANCIA/(9388:9388): Se informa al Coordinador que su solicitud esta siendo atendida
[DEBUG] 13:37:13:717 INSTANCIA/(9388:9388): Sentencia recibida:
 op=GET, clave=futbol:messi, valor=No corresponde

[DEBUG] 13:37:13:717 INSTANCIA/(9388:9388): El resultado de la sentencia fue SUCCESS
[TRACE] 13:37:13:717 INSTANCIA/(9388:9388): Resultado enviado al Coordinador
[TRACE] 13:37:13:717 INSTANCIA/(9388:9388): A la espera de solicitudes
[DEBUG] 13:37:13:757 INSTANCIA/(9388:9388): Solicitud recibida
[TRACE] 13:37:13:757 INSTANCIA/(9388:9388): Se informa al Coordinador que su solicitud esta siendo atendida
[DEBUG] 13:37:13:757 INSTANCIA/(9388:9388): Sentencia recibida:
 op=SET, clave=futbol:messi, valor=SeLoMeressi

[DEBUG] 13:37:13:757 INSTANCIA/(9388:9388): El resultado de la sentencia fue SUCCESS
[TRACE] 13:37:13:757 INSTANCIA/(9388:9388): Resultado enviado al Coordinador
[TRACE] 13:37:13:757 INSTANCIA/(9388:9388): A la espera de solicitudes
[DEBUG] 13:37:13:798 INSTANCIA/(9388:9388): Solicitud recibida
[TRACE] 13:37:13:798 INSTANCIA/(9388:9388): Se informa al Coordinador que su solicitud esta siendo atendida
[DEBUG] 13:37:13:798 INSTANCIA/(9388:9388): Sentencia recibida:
 op=STORE, clave=futbol:messi, valor=No corresponde

[DEBUG] 13:37:13:798 INSTANCIA/(9388:9388): El resultado de la sentencia fue SUCCESS
[TRACE] 13:37:13:799 INSTANCIA/(9388:9388): Resultado enviado al Coordinador
[TRACE] 13:37:13:799 INSTANCIA/(9388:9388): A la espera de solicitudes
[DEBUG] 13:40:19:495 INSTANCIA/(9388:9388): Solicitud recibida
[TRACE] 13:40:19:496 INSTANCIA/(9388:9388): Se informa al Coordinador que su solicitud esta siendo atendida
[DEBUG] 13:40:19:496 INSTANCIA/(9388:9388): Sentencia recibida:
 op=GET, clave=futbol:ansaldi, valor=No corresponde

[DEBUG] 13:40:19:496 INSTANCIA/(9388:9388): El resultado de la sentencia fue FIN DE EJECUCION
[TRACE] 13:40:19:496 INSTANCIA/(9388:9388): Resultado enviado al Coordinador
[TRACE] 13:40:19:496 INSTANCIA/(9388:9388): A la espera de solicitudes
[DEBUG] 13:40:23:557 INSTANCIA/(9388:9388): Solicitud recibida
[TRACE] 13:40:23:557 INSTANCIA/(9388:9388): Se informa al Coordinador que su solicitud esta siendo atendida
[TRACE] 13:40:43:206 INSTANCIA/(9437:9437): Iniciando...
[TRACE] 13:40:43:206 INSTANCIA/(9437:9437): Tabla de entradas cargada
[TRACE] 13:40:43:207 INSTANCIA/(9437:9437): Conectada a Coordinador
[TRACE] 13:40:43:207 INSTANCIA/(9437:9437): A la espera de solicitudes
[DEBUG] 13:40:46:673 INSTANCIA/(9437:9437): Solicitud recibida
[TRACE] 13:40:46:673 INSTANCIA/(9437:9437): Se informa al Coordinador que su solicitud esta siendo atendida
[DEBUG] 13:40:46:673 INSTANCIA/(9437:9437): Sentencia recibida:
 op=GET, clave=futbol:ansaldi, valor=No corresponde

[DEBUG] 13:40:46:673 INSTANCIA/(9437:9437): El resultado de la sentencia fue SUCCESS
[TRACE] 13:40:46:673 INSTANCIA/(9437:9437): Resultado enviado al Coordinador
[TRACE] 13:40:46:673 INSTANCIA/(9437:9437): A la espera de solicitudes
[DEBUG] 13:40:46:674 INSTANCIA/(9437:9437): Solicitud recibida
[TRACE] 13:40:46:674 INSTANCIA/(9437:9437): Se informa al Coordinador que su solicitud esta siendo atendida
[DEBUG] 13:40:46:674 INSTANCIA/(9437:9437): Sentencia recibida:
 op=SET, clave=futbol:ansaldi, valor=TraeVodka

[DEBUG] 13:40:46:674 INSTANCIA/(9437:9437): El resultado de la sentencia fue SUCCESS
[TRACE] 13:40:46:674 INSTANCIA/(9437:9437): Resultado enviado al Coordinador
[TRACE] 13:40:46:674 INSTANCIA/(9437:9437): A la espera de solicitudes
[DEBUG] 13:40:46:713 INSTANCIA/(9437:9437): Solicitud recibida
[TRACE] 13:40:46:713 INSTANCIA/(9437:9437): Se informa al Coordinador que su solicitud esta siendo atendida
[DEBUG] 13:40:46:713 INSTANCIA/(9437:9437): Sentencia recibida:
 op=GET, clave=futbol:messi, valor=No corresponde

[DEBUG] 13:40:46:713 INSTANCIA/(9437:9437): El resultado de la sentencia fue FIN DE EJECUCION
[TRACE] 13:40:46:713 INSTANCIA/(9437:9437): Resultado enviado al Coordinador
[TRACE] 13:40:46:713 INSTANCIA/(9437:9437): A la espera de solicitudes
